2025-03-09 09:21:12,771 [INFO] Activator:176 - 


2025-03-09 09:21:12,776 [INFO] Activator:177 - !SESSION log4j initialized
2025-03-09 09:21:15,673 [INFO] LogOutputStream:77 - [STDOUT_REDIRECT] 
2025-03-09 09:21:17,754 [INFO] ApplicationProperties:184 - Using Application install path: C:\ST\STM32CubeIDE_1.15.0\STM32CubeIDE\plugins\com.st.stm32cube.common.mx_6.11.0.202403141607
2025-03-09 09:21:17,774 [INFO] DbMcusXml:78 - Set database path to: C:\ST\STM32CubeIDE_1.15.0\STM32CubeIDE\plugins\com.st.stm32cube.common.mx_6.11.0.202403141607\\db\/mcu/
2025-03-09 09:21:17,775 [INFO] ApiDb:274 - Set plugin database path to: C:\ST\STM32CubeIDE_1.15.0\STM32CubeIDE\plugins\com.st.stm32cube.common.mx_6.11.0.202403141607\\db\/plugins/boardmanager/
2025-03-09 09:21:17,784 [WARN] ApiDb:259 - Overriding images path with different value:  => C:\ST\STM32CubeIDE_1.15.0\STM32CubeIDE\plugins\com.st.stm32cube.common.mx_6.11.0.202403141607\\db\/plugins/mcufinder/images/
2025-03-09 09:21:17,790 [INFO] ApiDb:250 - Set database path to: C:\Users\rsridx\.stmcufinder\plugins\mcufinder//mcu/
2025-03-09 09:21:17,791 [INFO] DbMcusAds:125 - Set database path to: C:\Users\rsridx\.stmcufinder\plugins\mcufinder//mcu/
2025-03-09 09:21:17,793 [INFO] CrossReferenceDbSqlite:203 - Set database path to: C:\Users\rsridx\.stmcufinder\plugins\mcufinder//mcu/cs/
2025-03-09 09:21:17,927 [INFO] RulesReader:64 - Compatibility file has been processed (297 Rules)
2025-03-09 09:21:18,041 [INFO] DbMcusXml:78 - Set database path to: C:\ST\STM32CubeIDE_1.15.0\STM32CubeIDE\plugins\com.st.stm32cube.common.mx_6.11.0.202403141607\\db\/mcu/
2025-03-09 09:21:18,042 [INFO] ApiDb:274 - Set plugin database path to: C:\ST\STM32CubeIDE_1.15.0\STM32CubeIDE\plugins\com.st.stm32cube.common.mx_6.11.0.202403141607\\db\/plugins/boardmanager/
2025-03-09 09:21:18,042 [INFO] ApiDb:261 - Set plugin images path to: C:\ST\STM32CubeIDE_1.15.0\STM32CubeIDE\plugins\com.st.stm32cube.common.mx_6.11.0.202403141607\\db\/plugins/mcufinder/images/
2025-03-09 09:21:18,042 [WARN] DbFile:41 - Overriding database path with different value: C:\Users\rsridx\.stmcufinder\plugins\mcufinder/ => C:\Users\rsridx\.stmcufinder\plugins\mcufinder
2025-03-09 09:21:18,042 [INFO] ApiDb:250 - Set database path to: C:\Users\rsridx\.stmcufinder\plugins\mcufinder//mcu/
2025-03-09 09:21:18,042 [WARN] DbFile:41 - Overriding database path with different value: C:\Users\rsridx\.stmcufinder\plugins\mcufinder/ => C:\Users\rsridx\.stmcufinder\plugins\mcufinder
2025-03-09 09:21:18,042 [INFO] DbMcusAds:125 - Set database path to: C:\Users\rsridx\.stmcufinder\plugins\mcufinder//mcu/
2025-03-09 09:21:18,042 [WARN] DbFile:41 - Overriding database path with different value: C:\Users\rsridx\.stmcufinder\plugins\mcufinder/ => C:\Users\rsridx\.stmcufinder\plugins\mcufinder
2025-03-09 09:21:18,042 [WARN] DbFile:41 - Overriding database path with different value: C:\Users\rsridx\.stmcufinder\plugins\mcufinder/ => C:\Users\rsridx\.stmcufinder\plugins\mcufinder
2025-03-09 09:21:18,043 [INFO] CrossReferenceDbSqlite:203 - Set database path to: C:\Users\rsridx\.stmcufinder\plugins\mcufinder//mcu/cs/
2025-03-09 09:21:18,117 [INFO] MainPanel:264 - HeapMemory: 268435456
2025-03-09 09:21:18,183 [INFO] DbMcusXml:78 - Set database path to: C:\ST\STM32CubeIDE_1.15.0\STM32CubeIDE\plugins\com.st.stm32cube.common.mx_6.11.0.202403141607\\db\/mcu/
2025-03-09 09:21:18,183 [INFO] ApiDb:274 - Set plugin database path to: C:\ST\STM32CubeIDE_1.15.0\STM32CubeIDE\plugins\com.st.stm32cube.common.mx_6.11.0.202403141607\\db\/plugins/boardmanager/
2025-03-09 09:21:18,183 [INFO] ApiDb:261 - Set plugin images path to: C:\ST\STM32CubeIDE_1.15.0\STM32CubeIDE\plugins\com.st.stm32cube.common.mx_6.11.0.202403141607\\db\/plugins/mcufinder/images/
2025-03-09 09:21:18,183 [WARN] DbFile:41 - Overriding database path with different value: C:\Users\rsridx\.stmcufinder\plugins\mcufinder/ => C:\Users\rsridx\.stmcufinder\plugins\mcufinder
2025-03-09 09:21:18,183 [INFO] ApiDb:250 - Set database path to: C:\Users\rsridx\.stmcufinder\plugins\mcufinder//mcu/
2025-03-09 09:21:18,183 [WARN] DbFile:41 - Overriding database path with different value: C:\Users\rsridx\.stmcufinder\plugins\mcufinder/ => C:\Users\rsridx\.stmcufinder\plugins\mcufinder
2025-03-09 09:21:18,183 [INFO] DbMcusAds:125 - Set database path to: C:\Users\rsridx\.stmcufinder\plugins\mcufinder//mcu/
2025-03-09 09:21:18,183 [WARN] DbFile:41 - Overriding database path with different value: C:\Users\rsridx\.stmcufinder\plugins\mcufinder/ => C:\Users\rsridx\.stmcufinder\plugins\mcufinder
2025-03-09 09:21:18,184 [WARN] DbFile:41 - Overriding database path with different value: C:\Users\rsridx\.stmcufinder\plugins\mcufinder/ => C:\Users\rsridx\.stmcufinder\plugins\mcufinder
2025-03-09 09:21:18,184 [INFO] CrossReferenceDbSqlite:203 - Set database path to: C:\Users\rsridx\.stmcufinder\plugins\mcufinder//mcu/cs/
2025-03-09 09:21:18,201 [INFO] ApplicationProperties:184 - Using Application install path: C:\ST\STM32CubeIDE_1.15.0\STM32CubeIDE\plugins\com.st.stm32cube.common.mx_6.11.0.202403141607
2025-03-09 09:21:18,203 [INFO] PluginManage:196 - Search for loadable plugins [exclusion list=, ]
2025-03-09 09:21:18,204 [INFO] PluginManage:310 - Check plugin analytics
2025-03-09 09:21:18,414 [INFO] AnalyticsPlugin:253 - Accepted Software Licenses: 
2025-03-09 09:21:18,414 [INFO] AnalyticsPlugin:255 - Accepted CMSIS Pack Licenses: 
2025-03-09 09:21:18,414 [INFO] AnalyticsPlugin:257 - Accepted Firmware Licenses: 
2025-03-09 09:21:18,420 [INFO] PluginManage:359 - Loaded plugin analytics (category:tool,tabindex:-1)
2025-03-09 09:21:18,421 [INFO] PluginManage:310 - Check plugin cadmodel
2025-03-09 09:21:18,425 [INFO] CADModel:105 - Init CAD model plugin
2025-03-09 09:21:18,425 [INFO] PluginManage:359 - Loaded plugin cadmodel (category:power,tabindex:5)
2025-03-09 09:21:18,425 [INFO] PluginManage:310 - Check plugin clock
2025-03-09 09:21:18,441 [INFO] PluginManage:359 - Loaded plugin clock (category:base,tabindex:2)
2025-03-09 09:21:18,441 [INFO] PluginManage:310 - Check plugin ddr
2025-03-09 09:21:18,445 [INFO] PluginManage:359 - Loaded plugin ddr (category:tool,tabindex:6)
2025-03-09 09:21:18,446 [INFO] PluginManage:310 - Check plugin filemanager
2025-03-09 09:21:18,647 [INFO] PluginManage:359 - Loaded plugin filemanager (category:base,tabindex:10)
2025-03-09 09:21:18,647 [INFO] PluginManage:310 - Check plugin ipmanager
2025-03-09 09:21:18,654 [INFO] PluginManage:359 - Loaded plugin ipmanager (category:base,tabindex:5)
2025-03-09 09:21:18,654 [INFO] PluginManage:310 - Check plugin lpbam
2025-03-09 09:21:18,662 [INFO] PluginManage:359 - Loaded plugin lpbam (category:base,tabindex:0)
2025-03-09 09:21:18,662 [INFO] PluginManage:310 - Check plugin memorymap
2025-03-09 09:21:18,672 [INFO] PluginManage:359 - Loaded plugin memorymap (category:base,tabindex:4)
2025-03-09 09:21:18,672 [INFO] PluginManage:310 - Check plugin pinoutandconfiguration
2025-03-09 09:21:18,678 [INFO] PluginManage:359 - Loaded plugin pinoutandconfiguration (category:base,tabindex:1)
2025-03-09 09:21:18,678 [INFO] PluginManage:310 - Check plugin pinoutconfig
2025-03-09 09:21:18,767 [WARN] SupportedApi:132 - Cannot load RTOS API schema: s4s-elt-must-match.1: The content of 'definitions' must match (annotation?, (simpleType | complexType)?, (unique | key | keyref)*)). A problem was found starting at: attribute.
2025-03-09 09:21:18,902 [INFO] PluginManage:359 - Loaded plugin pinoutconfig (category:base,tabindex:0)
2025-03-09 09:21:18,902 [INFO] PluginManage:310 - Check plugin power
2025-03-09 09:21:18,922 [INFO] PluginManage:359 - Loaded plugin power (category:power,tabindex:4)
2025-03-09 09:21:18,923 [INFO] PluginManage:310 - Check plugin projectmanager
2025-03-09 09:21:18,959 [INFO] PluginManage:359 - Loaded plugin projectmanager (category:projectmanager,tabindex:3)
2025-03-09 09:21:18,959 [INFO] PluginManage:310 - Check plugin thirdparty
2025-03-09 09:21:19,119 [WARN] IntegrityCheckThread:84 - waiting for thirdparty lock release [integrity check]
2025-03-09 09:21:19,119 [INFO] IntegrityCheckThread:86 - entering critical section [integrity check]
2025-03-09 09:21:19,120 [INFO] ThirdPartyUpdaterWithRetryManager:70 - Updater plugin not ready yet. [1/15]
2025-03-09 09:21:19,120 [INFO] PluginManage:359 - Loaded plugin thirdparty (category:base,tabindex:-1)
2025-03-09 09:21:19,120 [INFO] PluginManage:310 - Check plugin tools
2025-03-09 09:21:19,125 [INFO] PluginManage:359 - Loaded plugin tools (category:base,tabindex:7)
2025-03-09 09:21:19,125 [INFO] PluginManage:310 - Check plugin tutovideos
2025-03-09 09:21:19,302 [INFO] PluginManage:359 - Loaded plugin tutovideos (category:base,tabindex:-1)
2025-03-09 09:21:19,303 [INFO] PluginManage:310 - Check plugin updater
2025-03-09 09:21:19,316 [INFO] PluginManage:359 - Loaded plugin updater (category:base,tabindex:12)
2025-03-09 09:21:19,316 [INFO] PluginManage:310 - Check plugin userauth
2025-03-09 09:21:19,321 [INFO] UserAuth:114 - Init User Auth plugin
2025-03-09 09:21:19,321 [INFO] PluginManage:359 - Loaded plugin userauth (category:base,tabindex:14)
2025-03-09 09:21:19,321 [INFO] PluginManage:283 - PluginManage : Loaded plugins [17]
2025-03-09 09:21:19,535 [INFO] PinOutPanel:1561 - setPackage(No Configuration,No Configuration)
2025-03-09 09:21:19,606 [INFO] CADModel:165 - CPN selected for project level
2025-03-09 09:21:19,607 [INFO] CADModel:114 - Register for checkConnection events
2025-03-09 09:21:19,621 [INFO] IPUIPlugin:80 - create IPUIPlugin
2025-03-09 09:21:19,622 [INFO] PluginManager:220 - loadIPPluginJar : add adc
2025-03-09 09:21:19,624 [INFO] IPUIPlugin:80 - create IPUIPlugin
2025-03-09 09:21:19,625 [INFO] PluginManager:220 - loadIPPluginJar : add aes
2025-03-09 09:21:19,628 [INFO] IPUIPlugin:80 - create IPUIPlugin
2025-03-09 09:21:19,628 [INFO] PluginManager:220 - loadIPPluginJar : add can
2025-03-09 09:21:19,629 [INFO] IPUIPlugin:80 - create IPUIPlugin
2025-03-09 09:21:19,629 [INFO] PluginManager:220 - loadIPPluginJar : add comp
2025-03-09 09:21:19,631 [INFO] IPUIPlugin:80 - create IPUIPlugin
2025-03-09 09:21:19,632 [INFO] PluginManager:220 - loadIPPluginJar : add cryp
2025-03-09 09:21:19,634 [INFO] IPUIPlugin:80 - create IPUIPlugin
2025-03-09 09:21:19,634 [INFO] PluginManager:220 - loadIPPluginJar : add dfsdm
2025-03-09 09:21:19,639 [INFO] IPUIPlugin:80 - create IPUIPlugin
2025-03-09 09:21:19,639 [INFO] PluginManager:220 - loadIPPluginJar : add dma
2025-03-09 09:21:19,641 [INFO] IPUIPlugin:80 - create IPUIPlugin
2025-03-09 09:21:19,641 [INFO] PluginManager:220 - loadIPPluginJar : add dma3
2025-03-09 09:21:19,644 [INFO] IPUIPlugin:80 - create IPUIPlugin
2025-03-09 09:21:19,644 [INFO] PluginManager:220 - loadIPPluginJar : add extmemmanager
2025-03-09 09:21:19,645 [INFO] IPUIPlugin:80 - create IPUIPlugin
2025-03-09 09:21:19,645 [INFO] PluginManager:220 - loadIPPluginJar : add fatfs
2025-03-09 09:21:19,649 [INFO] IPUIPlugin:80 - create IPUIPlugin
2025-03-09 09:21:19,649 [INFO] PluginManager:220 - loadIPPluginJar : add fmc
2025-03-09 09:21:19,653 [INFO] IPUIPlugin:80 - create IPUIPlugin
2025-03-09 09:21:19,654 [INFO] PluginManager:220 - loadIPPluginJar : add freertos
2025-03-09 09:21:19,655 [INFO] IPUIPlugin:80 - create IPUIPlugin
2025-03-09 09:21:19,655 [INFO] PluginManager:220 - loadIPPluginJar : add genericplugin
2025-03-09 09:21:19,659 [INFO] IPUIPlugin:80 - create IPUIPlugin
2025-03-09 09:21:19,659 [INFO] PluginManager:220 - loadIPPluginJar : add gfxmmu
2025-03-09 09:21:19,664 [INFO] IPUIPlugin:80 - create IPUIPlugin
2025-03-09 09:21:19,665 [INFO] PluginManager:220 - loadIPPluginJar : add gic
2025-03-09 09:21:19,668 [INFO] IPUIPlugin:80 - create IPUIPlugin
2025-03-09 09:21:19,668 [INFO] PluginManager:220 - loadIPPluginJar : add gpio
2025-03-09 09:21:19,671 [INFO] IPUIPlugin:80 - create IPUIPlugin
2025-03-09 09:21:19,671 [INFO] PluginManager:220 - loadIPPluginJar : add gtzc
2025-03-09 09:21:19,673 [INFO] IPUIPlugin:80 - create IPUIPlugin
2025-03-09 09:21:19,673 [INFO] PluginManager:220 - loadIPPluginJar : add hash
2025-03-09 09:21:19,675 [INFO] IPUIPlugin:80 - create IPUIPlugin
2025-03-09 09:21:19,675 [INFO] PluginManager:220 - loadIPPluginJar : add i2c
2025-03-09 09:21:19,677 [INFO] IPUIPlugin:80 - create IPUIPlugin
2025-03-09 09:21:19,677 [INFO] PluginManager:220 - loadIPPluginJar : add i2s
2025-03-09 09:21:19,679 [INFO] IPUIPlugin:80 - create IPUIPlugin
2025-03-09 09:21:19,679 [INFO] PluginManager:220 - loadIPPluginJar : add i3c
2025-03-09 09:21:19,682 [INFO] IPUIPlugin:80 - create IPUIPlugin
2025-03-09 09:21:19,682 [INFO] PluginManager:220 - loadIPPluginJar : add ipddr
2025-03-09 09:21:19,688 [INFO] IPUIPlugin:80 - create IPUIPlugin
2025-03-09 09:21:19,688 [INFO] PluginManager:220 - loadIPPluginJar : add linkedlist
2025-03-09 09:21:19,694 [INFO] IPUIPlugin:80 - create IPUIPlugin
2025-03-09 09:21:19,694 [INFO] PluginManager:220 - loadIPPluginJar : add lorawan
2025-03-09 09:21:19,695 [INFO] IPUIPlugin:80 - create IPUIPlugin
2025-03-09 09:21:19,696 [INFO] PluginManager:220 - loadIPPluginJar : add ltdc
2025-03-09 09:21:19,702 [INFO] IPUIPlugin:80 - create IPUIPlugin
2025-03-09 09:21:19,702 [INFO] PluginManager:220 - loadIPPluginJar : add mdma
2025-03-09 09:21:19,705 [INFO] IPUIPlugin:80 - create IPUIPlugin
2025-03-09 09:21:19,705 [INFO] PluginManager:220 - loadIPPluginJar : add nvic
2025-03-09 09:21:19,707 [INFO] IPUIPlugin:80 - create IPUIPlugin
2025-03-09 09:21:19,707 [INFO] PluginManager:220 - loadIPPluginJar : add opamp
2025-03-09 09:21:19,710 [INFO] IPUIPlugin:80 - create IPUIPlugin
2025-03-09 09:21:19,710 [INFO] PluginManager:220 - loadIPPluginJar : add openamp
2025-03-09 09:21:19,712 [INFO] IPUIPlugin:80 - create IPUIPlugin
2025-03-09 09:21:19,712 [INFO] PluginManager:220 - loadIPPluginJar : add pdm2pcm
2025-03-09 09:21:19,717 [INFO] IPUIPlugin:80 - create IPUIPlugin
2025-03-09 09:21:19,720 [INFO] PluginManager:220 - loadIPPluginJar : add plateformsettings
2025-03-09 09:21:19,721 [INFO] IPUIPlugin:80 - create IPUIPlugin
2025-03-09 09:21:19,721 [INFO] PluginManager:220 - loadIPPluginJar : add quadspi
2025-03-09 09:21:19,724 [INFO] IPUIPlugin:80 - create IPUIPlugin
2025-03-09 09:21:19,724 [INFO] PluginManager:220 - loadIPPluginJar : add resmgrutility
2025-03-09 09:21:19,727 [INFO] IPUIPlugin:80 - create IPUIPlugin
2025-03-09 09:21:19,728 [INFO] PluginManager:220 - loadIPPluginJar : add sai
2025-03-09 09:21:19,729 [INFO] IPUIPlugin:80 - create IPUIPlugin
2025-03-09 09:21:19,730 [INFO] PluginManager:220 - loadIPPluginJar : add spi
2025-03-09 09:21:19,735 [INFO] IPUIPlugin:80 - create IPUIPlugin
2025-03-09 09:21:19,735 [INFO] PluginManager:220 - loadIPPluginJar : add stm32_wpan
2025-03-09 09:21:19,736 [INFO] IPUIPlugin:80 - create IPUIPlugin
2025-03-09 09:21:19,737 [INFO] PluginManager:220 - loadIPPluginJar : add tim
2025-03-09 09:21:19,739 [INFO] IPUIPlugin:80 - create IPUIPlugin
2025-03-09 09:21:19,739 [INFO] PluginManager:220 - loadIPPluginJar : add touchsensing
2025-03-09 09:21:19,741 [INFO] IPUIPlugin:80 - create IPUIPlugin
2025-03-09 09:21:19,741 [INFO] PluginManager:220 - loadIPPluginJar : add tracer_emb
2025-03-09 09:21:19,743 [INFO] IPUIPlugin:80 - create IPUIPlugin
2025-03-09 09:21:19,743 [INFO] PluginManager:220 - loadIPPluginJar : add ts
2025-03-09 09:21:19,744 [INFO] IPUIPlugin:80 - create IPUIPlugin
2025-03-09 09:21:19,745 [INFO] PluginManager:220 - loadIPPluginJar : add tsc
2025-03-09 09:21:19,746 [INFO] IPUIPlugin:80 - create IPUIPlugin
2025-03-09 09:21:19,746 [INFO] PluginManager:220 - loadIPPluginJar : add ucpd
2025-03-09 09:21:19,749 [INFO] IPUIPlugin:80 - create IPUIPlugin
2025-03-09 09:21:19,749 [INFO] PluginManager:220 - loadIPPluginJar : add usart
2025-03-09 09:21:19,756 [INFO] IPUIPlugin:80 - create IPUIPlugin
2025-03-09 09:21:19,756 [INFO] PluginManager:220 - loadIPPluginJar : add usbx
2025-03-09 09:21:19,907 [INFO] CADModel:165 - CPN selected for project level
2025-03-09 09:21:19,907 [INFO] CADModel:114 - Register for checkConnection events
2025-03-09 09:21:19,907 [FATAL] Updater:308 - Updater called before beeing initialized
2025-03-09 09:21:19,907 [ERROR] CADModel:125 - Updater not yet initialized, retry later 
2025-03-09 09:21:20,099 [INFO] CADModel:165 - CPN selected for project level
2025-03-09 09:21:20,099 [INFO] CADModel:114 - Register for checkConnection events
2025-03-09 09:21:20,099 [FATAL] Updater:308 - Updater called before beeing initialized
2025-03-09 09:21:20,099 [ERROR] CADModel:125 - Updater not yet initialized, retry later 
2025-03-09 09:21:20,107 [FATAL] Updater:308 - Updater called before beeing initialized
2025-03-09 09:21:20,242 [FATAL] Updater:308 - Updater called before beeing initialized
2025-03-09 09:21:20,246 [INFO] DbMcusAds:53 - JSON generation date=Thu Mar 06 20:24:21 IST 2025 (1741272861825)
2025-03-09 09:21:20,247 [FATAL] Updater:308 - Updater called before beeing initialized
2025-03-09 09:21:20,284 [WARN] DetailPanel:346 - Failed to get advertising image, set to default
2025-03-09 09:21:20,379 [FATAL] Updater:308 - Updater called before beeing initialized
2025-03-09 09:21:20,381 [FATAL] Updater:308 - Updater called before beeing initialized
2025-03-09 09:21:20,381 [FATAL] Updater:308 - Updater called before beeing initialized
2025-03-09 09:21:20,381 [WARN] DetailPanel:346 - Failed to get advertising image, set to default
2025-03-09 09:21:20,382 [FATAL] Updater:308 - Updater called before beeing initialized
2025-03-09 09:21:20,476 [ERROR] Updater:1120 - MainUpdater not yet initialized. External WinMGr cannot be set.
2025-03-09 09:21:20,479 [INFO] Updater:1056 - Updater Version found : 6.11.0
2025-03-09 09:21:20,499 [INFO] ApplicationProperties:184 - Using Application install path: C:\ST\STM32CubeIDE_1.15.0\STM32CubeIDE\plugins\com.st.stm32cube.common.mx_6.11.0.202403141607
2025-03-09 09:21:20,951 [INFO] MainUpdater:2873 - connection check result : 10
2025-03-09 09:21:20,951 [INFO] MainUpdater:290 - Updater Check For Update Now.
2025-03-09 09:21:20,952 [INFO] MicroXplorer:498 - Change Database Version : DB.6.0.110
2025-03-09 09:21:20,965 [INFO] McuFinderGlobals:63 - Set McuFinder mode to 2 (CubeIDE integrated)
2025-03-09 09:21:20,986 [INFO] UserAuth:415 - Internet connection configuration mode: 1
2025-03-09 09:21:21,051 [INFO] JxBrowserEngine:152 - Initiate JxBrowser Engine with user profile folder
2025-03-09 09:21:21,160 [INFO] CheckServerUpdateThread:120 - End of CheckServer Thread
2025-03-09 09:21:21,816 [INFO] WebApp:161 - Instantiating new browser for Auth
2025-03-09 09:21:22,338 [WARN] PackLoader:240 - Cannot read IP mode file for STMicroelectronics.FP-SNS-MOTENVWB1.1.4.0
2025-03-09 09:21:22,355 [WARN] PackLoader:240 - Cannot read IP mode file for STMicroelectronics.FP-ATR-ASTRA1.2.0.2
2025-03-09 09:21:22,361 [WARN] PackLoader:240 - Cannot read IP mode file for STMicroelectronics.FP-ATR-ASTRA1.2.0.1
2025-03-09 09:21:22,381 [WARN] PackLoader:240 - Cannot read IP mode file for STMicroelectronics.X-CUBE-SMBUS.2.1.0
2025-03-09 09:21:22,391 [WARN] PackLoader:240 - Cannot read IP mode file for STMicroelectronics.X-CUBE-WB05N.1.1.0
2025-03-09 09:21:22,400 [WARN] PackLoader:240 - Cannot read IP mode file for STMicroelectronics.X-CUBE-TOUCHGFX.4.23.2
2025-03-09 09:21:22,442 [WARN] PackLoader:240 - Cannot read IP mode file for STMicroelectronics.X-CUBE-AZRTOS-F7.1.1.0
2025-03-09 09:21:22,551 [WARN] PackLoader:240 - Cannot read IP mode file for STMicroelectronics.X-CUBE-MEMS1.11.0.0
2025-03-09 09:21:22,733 [WARN] PackLoader:240 - Cannot read IP mode file for STMicroelectronics.FP-SNS-FLIGHT1.5.0.2
2025-03-09 09:21:22,751 [WARN] PackLoader:240 - Cannot read IP mode file for STMicroelectronics.X-CUBE-DISPLAY.3.0.0
2025-03-09 09:21:22,763 [WARN] PackLoader:240 - Cannot read IP mode file for STMicroelectronics.X-CUBE-BLE1.7.0.0
2025-03-09 09:21:22,773 [WARN] PackLoader:240 - Cannot read IP mode file for STMicroelectronics.X-CUBE-NFC10.1.0.0
2025-03-09 09:21:22,791 [WARN] PackLoader:240 - Cannot read IP mode file for STMicroelectronics.X-CUBE-BLEMGR.4.0.0
2025-03-09 09:21:22,802 [WARN] PackLoader:240 - Cannot read IP mode file for emotas.I-CUBE-CANOPEN.1.3.0
2025-03-09 09:21:22,816 [WARN] PackLoader:240 - Cannot read IP mode file for STMicroelectronics.X-CUBE-BLEMGR.3.1.0
2025-03-09 09:21:22,825 [WARN] PackLoader:240 - Cannot read IP mode file for STMicroelectronics.FP-SNS-SMARTAG2.1.2.0
2025-03-09 09:21:22,909 [WARN] PackLoader:240 - Cannot read IP mode file for STMicroelectronics.X-CUBE-MEMS1.11.1.0
2025-03-09 09:21:23,054 [INFO] LogOutputStream:77 - [STDOUT_REDIRECT] 1 : Invalid condition id : UX_CORESTACK_Condition cause : null
2025-03-09 09:21:23,055 [INFO] LogOutputStream:77 - [STDOUT_REDIRECT] 1 : Invalid condition id : UX_CORESTACK_Condition cause : null
2025-03-09 09:21:23,056 [INFO] LogOutputStream:77 - [STDOUT_REDIRECT] 1 : Invalid condition id : UX_CORESTACK_Condition cause : null
2025-03-09 09:21:23,059 [INFO] LogOutputStream:77 - [STDOUT_REDIRECT] 1 : Invalid condition id : UX_CORESTACK_Condition cause : null
2025-03-09 09:21:23,061 [INFO] LogOutputStream:77 - [STDOUT_REDIRECT] 1 : Invalid condition id : UX_CORESTACK_Condition cause : null
2025-03-09 09:21:23,063 [WARN] PackLoader:240 - Cannot read IP mode file for STMicroelectronics.X-CUBE-AZRTOS-WL.2.0.0
2025-03-09 09:21:23,068 [WARN] PackLoader:240 - Cannot read IP mode file for STMicroelectronics.FP-SNS-MOTENV1.5.0.0
2025-03-09 09:21:23,073 [WARN] PackLoader:240 - Cannot read IP mode file for wolfSSL.I-CUBE-wolfMQTT.1.19.0
2025-03-09 09:21:23,083 [WARN] PackLoader:240 - Cannot read IP mode file for WES.I-CUBE-Cesium.1.3.0
2025-03-09 09:21:23,087 [WARN] PackLoader:240 - Cannot read IP mode file for STMicroelectronics.X-CUBE-BLE2.3.3.0
2025-03-09 09:21:23,093 [WARN] PackLoader:240 - Cannot read IP mode file for STMicroelectronics.X-CUBE-NFC9.1.0.0
2025-03-09 09:21:23,097 [WARN] PackLoader:240 - Cannot read IP mode file for STMicroelectronics.X-CUBE-BLE1.7.1.0
2025-03-09 09:21:23,102 [WARN] PackLoader:240 - Cannot read IP mode file for STMicroelectronics.X-CUBE-TCPP.4.1.0
2025-03-09 09:21:23,118 [WARN] PackLoader:240 - Cannot read IP mode file for STMicroelectronics.X-CUBE-ALGOBUILD.1.3.0
2025-03-09 09:21:23,130 [WARN] PackLoader:240 - Cannot read IP mode file for STMicroelectronics.X-CUBE-AZRTOS-G0.1.1.0
2025-03-09 09:21:23,136 [WARN] PackLoader:240 - Cannot read IP mode file for STMicroelectronics.X-CUBE-SAFEA1.1.2.2
2025-03-09 09:21:23,141 [WARN] PackLoader:240 - Cannot read IP mode file for STMicroelectronics.X-CUBE-NFC4.3.0.0
2025-03-09 09:21:23,150 [WARN] PackLoader:240 - Cannot read IP mode file for EmbeddedOffice.I-CUBE-FS-RTOS.1.0.1
2025-03-09 09:21:23,151 [ERROR] ConditionMgr:805 - Attr not supported : Dmpu
2025-03-09 09:21:23,151 [ERROR] ConditionMgr:805 - Attr not supported : Dmpu
2025-03-09 09:21:23,151 [ERROR] ConditionMgr:805 - Attr not supported : Dmpu
2025-03-09 09:21:23,151 [ERROR] ConditionMgr:805 - Attr not supported : Dmpu
2025-03-09 09:21:23,151 [ERROR] ConditionMgr:805 - Attr not supported : Dmpu
2025-03-09 09:21:23,151 [ERROR] ConditionMgr:805 - Attr not supported : Dmpu
2025-03-09 09:21:23,151 [ERROR] ConditionMgr:805 - Attr not supported : Dmpu
2025-03-09 09:21:23,151 [ERROR] ConditionMgr:805 - Attr not supported : Dmpu
2025-03-09 09:21:23,151 [ERROR] ConditionMgr:805 - Attr not supported : Dmpu
2025-03-09 09:21:23,151 [ERROR] ConditionMgr:805 - Attr not supported : Dmpu
2025-03-09 09:21:23,151 [ERROR] ConditionMgr:805 - Attr not supported : Dmpu
2025-03-09 09:21:23,151 [ERROR] ConditionMgr:805 - Attr not supported : Dmpu
2025-03-09 09:21:23,151 [ERROR] ConditionMgr:805 - Attr not supported : Dmpu
2025-03-09 09:21:23,152 [ERROR] ConditionMgr:805 - Attr not supported : Dmpu
2025-03-09 09:21:23,152 [ERROR] ConditionMgr:805 - Attr not supported : Dmpu
2025-03-09 09:21:23,152 [ERROR] ConditionMgr:805 - Attr not supported : Dmpu
2025-03-09 09:21:23,152 [ERROR] ConditionMgr:805 - Attr not supported : Dmpu
2025-03-09 09:21:23,152 [ERROR] ConditionMgr:805 - Attr not supported : Dmpu
2025-03-09 09:21:23,152 [ERROR] ConditionMgr:805 - Attr not supported : Dmpu
2025-03-09 09:21:23,152 [ERROR] ConditionMgr:805 - Attr not supported : Dmpu
2025-03-09 09:21:23,152 [ERROR] ConditionMgr:805 - Attr not supported : Dmpu
2025-03-09 09:21:23,152 [ERROR] ConditionMgr:805 - Attr not supported : Dmpu
2025-03-09 09:21:23,152 [ERROR] ConditionMgr:805 - Attr not supported : Dmpu
2025-03-09 09:21:23,152 [ERROR] ConditionMgr:805 - Attr not supported : Dmpu
2025-03-09 09:21:23,152 [ERROR] ConditionMgr:805 - Attr not supported : Dmpu
2025-03-09 09:21:23,152 [ERROR] ConditionMgr:805 - Attr not supported : Dmpu
2025-03-09 09:21:23,152 [ERROR] ConditionMgr:805 - Attr not supported : Dmpu
2025-03-09 09:21:23,152 [ERROR] ConditionMgr:805 - Attr not supported : Dmpu
2025-03-09 09:21:23,152 [ERROR] ConditionMgr:805 - Attr not supported : Dmpu
2025-03-09 09:21:23,152 [ERROR] ConditionMgr:805 - Attr not supported : Dmpu
2025-03-09 09:21:23,152 [ERROR] ConditionMgr:805 - Attr not supported : Dmpu
2025-03-09 09:21:23,153 [ERROR] ConditionMgr:805 - Attr not supported : Dmpu
2025-03-09 09:21:23,153 [ERROR] ConditionMgr:805 - Attr not supported : Dmpu
2025-03-09 09:21:23,153 [ERROR] ConditionMgr:805 - Attr not supported : Dmpu
2025-03-09 09:21:23,153 [ERROR] ConditionMgr:805 - Attr not supported : Dmpu
2025-03-09 09:21:23,153 [ERROR] ConditionMgr:805 - Attr not supported : Dmpu
2025-03-09 09:21:23,153 [ERROR] ConditionMgr:805 - Attr not supported : Dmpu
2025-03-09 09:21:23,153 [ERROR] ConditionMgr:805 - Attr not supported : Dmpu
2025-03-09 09:21:23,153 [ERROR] ConditionMgr:805 - Attr not supported : Dmpu
2025-03-09 09:21:23,153 [ERROR] ConditionMgr:805 - Attr not supported : Dmpu
2025-03-09 09:21:23,153 [ERROR] ConditionMgr:805 - Attr not supported : Dmpu
2025-03-09 09:21:23,153 [ERROR] ConditionMgr:805 - Attr not supported : Dmpu
2025-03-09 09:21:23,153 [ERROR] ConditionMgr:805 - Attr not supported : Dmpu
2025-03-09 09:21:23,153 [ERROR] ConditionMgr:805 - Attr not supported : Dmpu
2025-03-09 09:21:23,153 [ERROR] ConditionMgr:805 - Attr not supported : Dmpu
2025-03-09 09:21:23,153 [ERROR] ConditionMgr:805 - Attr not supported : Dmpu
2025-03-09 09:21:23,153 [ERROR] ConditionMgr:805 - Attr not supported : Dmpu
2025-03-09 09:21:23,153 [ERROR] ConditionMgr:805 - Attr not supported : Dmpu
2025-03-09 09:21:23,153 [ERROR] ConditionMgr:805 - Attr not supported : Dmpu
2025-03-09 09:21:23,154 [ERROR] ConditionMgr:805 - Attr not supported : Dmpu
2025-03-09 09:21:23,154 [ERROR] ConditionMgr:805 - Attr not supported : Dmpu
2025-03-09 09:21:23,154 [ERROR] ConditionMgr:805 - Attr not supported : Dmpu
2025-03-09 09:21:23,154 [ERROR] ConditionMgr:805 - Attr not supported : Dmpu
2025-03-09 09:21:23,154 [ERROR] ConditionMgr:805 - Attr not supported : Dmpu
2025-03-09 09:21:23,154 [ERROR] ConditionMgr:805 - Attr not supported : Dmpu
2025-03-09 09:21:23,154 [ERROR] ConditionMgr:805 - Attr not supported : Dmpu
2025-03-09 09:21:23,154 [ERROR] ConditionMgr:805 - Attr not supported : Dmpu
2025-03-09 09:21:23,154 [ERROR] ConditionMgr:805 - Attr not supported : Dmpu
2025-03-09 09:21:23,154 [ERROR] ConditionMgr:805 - Attr not supported : Dmpu
2025-03-09 09:21:23,154 [ERROR] ConditionMgr:805 - Attr not supported : Dmpu
2025-03-09 09:21:23,154 [ERROR] ConditionMgr:805 - Attr not supported : Dmpu
2025-03-09 09:21:23,154 [ERROR] ConditionMgr:805 - Attr not supported : Dmpu
2025-03-09 09:21:23,154 [ERROR] ConditionMgr:805 - Attr not supported : Dmpu
2025-03-09 09:21:23,154 [ERROR] ConditionMgr:805 - Attr not supported : Dmpu
2025-03-09 09:21:23,159 [ERROR] Engine:466 - C:\Users\rsridx\.stm32cubemx\thirdparties\pdsc\STMicroelectronics.X-CUBE-TCPP.4.2.0.pdsc: PDSC version is not supported
2025-03-09 09:21:23,163 [WARN] PackLoader:240 - Cannot read IP mode file for RealThread.X-CUBE-RT-Thread_Nano.4.1.1
2025-03-09 09:21:23,166 [WARN] PackLoader:240 - Cannot read IP mode file for wolfSSL.I-CUBE-wolfSSL.5.7.0
2025-03-09 09:21:23,169 [WARN] PackLoader:240 - Cannot read IP mode file for STMicroelectronics.FP-ATR-SIGFOX1.3.2.0
2025-03-09 09:21:23,173 [WARN] ConditionMgr:438 - getConditionDescription Invalid condition id : Cortex-A Device cause : null
2025-03-09 09:21:23,260 [WARN] ConditionMgr:1039 - genDependencies : Invalid condition id : Cortex-A Device cause : null
2025-03-09 09:21:23,260 [WARN] ConditionMgr:1039 - genDependencies : Invalid condition id : Cortex-A Device cause : null
2025-03-09 09:21:23,261 [WARN] ConditionMgr:1039 - genDependencies : Invalid condition id : Cortex-A Device cause : null
2025-03-09 09:21:23,267 [WARN] PackLoader:240 - Cannot read IP mode file for STMicroelectronics.X-CUBE-EEPRMA1.5.1.0
2025-03-09 09:21:23,274 [WARN] PackLoader:240 - Cannot read IP mode file for ITTIA_DB.I-CUBE-ITTIADB.8.9.0
2025-03-09 09:21:23,307 [WARN] PackLoader:240 - Cannot read IP mode file for SEGGER.I-CUBE-embOS.1.3.1
2025-03-09 09:21:23,343 [WARN] PackLoader:240 - Cannot read IP mode file for STMicroelectronics.X-CUBE-ALGOBUILD.1.4.0
2025-03-09 09:21:23,347 [WARN] PackLoader:240 - Cannot read IP mode file for STMicroelectronics.X-CUBE-AI.9.1.0
2025-03-09 09:21:23,352 [WARN] PackLoader:240 - Cannot read IP mode file for STMicroelectronics.X-CUBE-GNSS1.6.0.0
2025-03-09 09:21:23,364 [WARN] PackLoader:240 - Cannot read IP mode file for STMicroelectronics.X-CUBE-AZRTOS-F4.1.1.0
2025-03-09 09:21:23,370 [WARN] PackLoader:240 - Cannot read IP mode file for STMicroelectronics.X-CUBE-ISPU.2.1.0
2025-03-09 09:21:23,374 [WARN] PackLoader:240 - Cannot read IP mode file for STMicroelectronics.X-CUBE-FREERTOS.1.2.0
2025-03-09 09:21:23,387 [WARN] PackLoader:240 - Cannot read IP mode file for STMicroelectronics.X-CUBE-AZRTOS-L5.2.0.0
2025-03-09 09:21:23,395 [WARN] PackLoader:240 - Cannot read IP mode file for STMicroelectronics.X-CUBE-NFC6.3.1.0
2025-03-09 09:21:23,401 [WARN] PackLoader:240 - Cannot read IP mode file for STMicroelectronics.X-CUBE-DPower.1.2.0
2025-03-09 09:21:23,404 [WARN] PackLoader:240 - Cannot read IP mode file for STMicroelectronics.X-CUBE-AI.9.0.0
2025-03-09 09:21:23,408 [WARN] PackLoader:240 - Cannot read IP mode file for STMicroelectronics.X-CUBE-FREERTOS.1.3.0
2025-03-09 09:21:23,412 [WARN] PackLoader:240 - Cannot read IP mode file for STMicroelectronics.X-CUBE-NFC7.1.0.1
2025-03-09 09:21:23,416 [WARN] PackLoader:240 - Cannot read IP mode file for wolfSSL.I-CUBE-wolfTPM.3.2.0
2025-03-09 09:21:23,428 [WARN] ConditionMgr:438 - getConditionDescription Invalid condition id : LAN8742 Phy interface Condition cause : null
2025-03-09 09:21:23,428 [WARN] PackLoader:240 - Cannot read IP mode file for STMicroelectronics.X-CUBE-AZRTOS-L4.2.0.0
2025-03-09 09:21:23,429 [WARN] ConditionMgr:1039 - genDependencies : Invalid condition id : LAN8742 Phy interface Condition cause : null
2025-03-09 09:21:23,429 [WARN] ConditionMgr:1039 - genDependencies : Invalid condition id : LAN8742 Phy interface Condition cause : null
2025-03-09 09:21:23,430 [WARN] ConditionMgr:1039 - genDependencies : Invalid condition id : LAN8742 Phy interface Condition cause : null
2025-03-09 09:21:23,445 [WARN] PackLoader:240 - Cannot read IP mode file for STMicroelectronics.X-CUBE-SFXS2LP1.4.0.0
2025-03-09 09:21:23,468 [WARN] PackLoader:240 - Cannot read IP mode file for STMicroelectronics.X-CUBE-AZRTOS-H7.3.3.0
2025-03-09 09:21:23,479 [WARN] PackLoader:240 - Cannot read IP mode file for STMicroelectronics.X-CUBE-IPS.3.0.0
2025-03-09 09:21:23,509 [WARN] ConditionMgr:438 - getConditionDescription Invalid condition id : UX DEVICE CLASS RTOS Condition cause : null
2025-03-09 09:21:23,509 [WARN] ConditionMgr:438 - getConditionDescription Invalid condition id : UX DEVICE CLASS RTOS Condition cause : null
2025-03-09 09:21:23,511 [WARN] PackLoader:240 - Cannot read IP mode file for STMicroelectronics.X-CUBE-AZRTOS-WB.2.0.0
2025-03-09 09:21:23,512 [WARN] ConditionMgr:1039 - genDependencies : Invalid condition id : UX DEVICE CLASS RTOS Condition cause : null
2025-03-09 09:21:23,512 [WARN] ConditionMgr:1039 - genDependencies : Invalid condition id : UX DEVICE CLASS RTOS Condition cause : null
2025-03-09 09:21:23,512 [WARN] ConditionMgr:1039 - genDependencies : Invalid condition id : UX DEVICE CLASS RTOS Condition cause : null
2025-03-09 09:21:23,512 [WARN] ConditionMgr:1039 - genDependencies : Invalid condition id : UX DEVICE CLASS RTOS Condition cause : null
2025-03-09 09:21:23,512 [WARN] ConditionMgr:1039 - genDependencies : Invalid condition id : UX DEVICE CLASS RTOS Condition cause : null
2025-03-09 09:21:23,517 [WARN] PackLoader:240 - Cannot read IP mode file for STMicroelectronics.X-CUBE-GNSS1.7.0.0
2025-03-09 09:21:23,522 [WARN] PackLoader:240 - Cannot read IP mode file for STMicroelectronics.X-CUBE-GNSS1.7.0.1
2025-03-09 09:21:23,525 [WARN] PackLoader:240 - Cannot read IP mode file for STMicroelectronics.X-CUBE-TOUCHGFX.4.25.0
2025-03-09 09:21:23,530 [WARN] PackLoader:240 - Cannot read IP mode file for STMicroelectronics.FP-SNS-STBOX1.2.0.0
2025-03-09 09:21:23,540 [WARN] PackLoader:240 - Cannot read IP mode file for STMicroelectronics.X-CUBE-SUBG2.5.0.0
2025-03-09 09:21:23,555 [WARN] PackLoader:240 - Cannot read IP mode file for STMicroelectronics.X-CUBE-AZRTOS-G4.2.0.0
2025-03-09 09:21:23,560 [WARN] PackLoader:240 - Cannot read IP mode file for STMicroelectronics.X-CUBE-ISPU.2.0.0
2025-03-09 09:21:23,564 [ERROR] Engine:466 - C:\Users\rsridx\.stm32cubemx\thirdparties\pdsc\STMicroelectronics.X-CUBE-IPS.3.1.0.pdsc: PDSC version is not supported
2025-03-09 09:21:23,568 [WARN] PackLoader:240 - Cannot read IP mode file for STMicroelectronics.X-CUBE-ALS.1.0.2
2025-03-09 09:21:23,595 [WARN] PackLoader:240 - Cannot read IP mode file for STMicroelectronics.X-CUBE-MEMS1.10.0.0
2025-03-09 09:21:23,699 [WARN] PackLoader:240 - Cannot read IP mode file for STMicroelectronics.X-CUBE-TOUCHGFX.4.24.0
2025-03-09 09:21:23,701 [WARN] PackLoader:240 - Cannot read IP mode file for STMicroelectronics.X-CUBE-TOUCHGFX.4.24.2
2025-03-09 09:21:23,704 [WARN] PackLoader:240 - Cannot read IP mode file for STMicroelectronics.X-CUBE-TOUCHGFX.4.24.1
2025-03-09 09:21:23,719 [WARN] PackLoader:240 - Cannot read IP mode file for portGmbH.I-Cube-SoM-uGOAL.1.1.0
2025-03-09 09:21:23,723 [WARN] PackLoader:240 - Cannot read IP mode file for STMicroelectronics.X-CUBE-ALS.1.0.1
2025-03-09 09:21:23,735 [WARN] PackLoader:240 - Cannot read IP mode file for STMicroelectronics.X-CUBE-AZRTOS-H7RS.1.0.0
2025-03-09 09:21:23,740 [WARN] PackLoader:240 - Cannot read IP mode file for STMicroelectronics.FP-ATR-ASTRA1.2.0.0
2025-03-09 09:21:23,749 [WARN] PackLoader:240 - Cannot read IP mode file for STMicroelectronics.X-CUBE-TOF1.3.4.2
2025-03-09 09:21:23,764 [WARN] PackLoader:240 - Cannot read IP mode file for STMicroelectronics.X-CUBE-TOF1.3.4.1
2025-03-09 09:21:23,787 [WARN] PackLoader:240 - Cannot read IP mode file for STMicroelectronics.X-CUBE-AZRTOS-H7.3.2.0
2025-03-09 09:21:23,800 [WARN] PackLoader:240 - Cannot read IP mode file for Infineon.AIROC-Wi-Fi-Bluetooth-STM32.1.6.0
2025-03-09 09:21:23,810 [WARN] PackLoader:240 - Cannot read IP mode file for wolfSSL.I-CUBE-wolfSSH.1.4.17
2025-03-09 09:21:23,811 [INFO] ThirdParty:978 - Integrity check success = true
2025-03-09 09:21:23,811 [INFO] IntegrityCheckThread:100 - exiting critical section [integrity check]
2025-03-09 09:21:23,811 [INFO] IntegrityCheckThread:103 - End integrity checks thread
2025-03-09 09:21:23,852 [INFO] WebApp:779 - Register for checkConnection events
2025-03-09 09:21:23,852 [INFO] WebApp:414 - Apply proxy settings
2025-03-09 09:21:23,852 [INFO] WebApp:499 - Chromium requires no authentication
2025-03-09 09:21:23,900 [INFO] WebApp:442 - Direct internet connection detected
2025-03-09 09:21:24,789 [INFO] WebApp:192 - Starting web application
2025-03-09 09:21:24,789 [INFO] WebApp:544 - Web application path used C:\ST\STM32CubeIDE_1.15.0\STM32CubeIDE\plugins\com.st.stm32cube.common.mx_6.11.0.202403141607\db\plugins\mcufinder\reactClient1\index.html
2025-03-09 09:21:25,079 [ERROR] LogOutputStream:75 - [STDERR_REDIRECT] [Fatal Error] :1:1: Premature end of file.
2025-03-09 09:21:25,079 [ERROR] LogOutputStream:75 - [STDERR_REDIRECT] 
2025-03-09 09:21:26,089 [ERROR] LogOutputStream:75 - [STDERR_REDIRECT] [Fatal Error] :1:1: Premature end of file.
2025-03-09 09:21:26,090 [ERROR] LogOutputStream:75 - [STDERR_REDIRECT] 
2025-03-09 09:21:27,070 [ERROR] LogOutputStream:75 - [STDERR_REDIRECT] [Fatal Error] :1:1: Premature end of file.
2025-03-09 09:21:27,070 [ERROR] LogOutputStream:75 - [STDERR_REDIRECT] 
2025-03-09 09:21:28,093 [ERROR] LogOutputStream:75 - [STDERR_REDIRECT] [Fatal Error] :1:1: Premature end of file.
2025-03-09 09:21:28,094 [ERROR] LogOutputStream:75 - [STDERR_REDIRECT] 
2025-03-09 09:21:29,084 [ERROR] LogOutputStream:75 - [STDERR_REDIRECT] [Fatal Error] :1:1: Premature end of file.
2025-03-09 09:21:29,085 [ERROR] LogOutputStream:75 - [STDERR_REDIRECT] 
2025-03-09 09:21:30,082 [ERROR] LogOutputStream:75 - [STDERR_REDIRECT] [Fatal Error] :1:1: Premature end of file.
2025-03-09 09:21:30,083 [ERROR] LogOutputStream:75 - [STDERR_REDIRECT] 
2025-03-09 09:21:31,089 [ERROR] LogOutputStream:75 - [STDERR_REDIRECT] [Fatal Error] :1:1: Premature end of file.
2025-03-09 09:21:31,089 [ERROR] LogOutputStream:75 - [STDERR_REDIRECT] 
2025-03-09 09:21:32,064 [ERROR] LogOutputStream:75 - [STDERR_REDIRECT] [Fatal Error] :1:1: Premature end of file.
2025-03-09 09:21:32,064 [ERROR] LogOutputStream:75 - [STDERR_REDIRECT] 
2025-03-09 09:21:33,050 [ERROR] LogOutputStream:75 - [STDERR_REDIRECT] [Fatal Error] :1:1: Premature end of file.
2025-03-09 09:21:33,051 [ERROR] LogOutputStream:75 - [STDERR_REDIRECT] 
2025-03-09 09:21:34,221 [ERROR] LogOutputStream:75 - [STDERR_REDIRECT] [Fatal Error] :1:1: Premature end of file.
2025-03-09 09:21:34,221 [ERROR] LogOutputStream:75 - [STDERR_REDIRECT] 
2025-03-09 09:21:35,129 [ERROR] LogOutputStream:75 - [STDERR_REDIRECT] [Fatal Error] :1:1: Premature end of file.
2025-03-09 09:21:35,129 [ERROR] LogOutputStream:75 - [STDERR_REDIRECT] 
2025-03-09 09:21:36,097 [ERROR] LogOutputStream:75 - [STDERR_REDIRECT] [Fatal Error] :1:1: Premature end of file.
2025-03-09 09:21:36,097 [ERROR] LogOutputStream:75 - [STDERR_REDIRECT] 
2025-03-09 09:21:37,098 [ERROR] LogOutputStream:75 - [STDERR_REDIRECT] [Fatal Error] :1:1: Premature end of file.
2025-03-09 09:21:37,099 [ERROR] LogOutputStream:75 - [STDERR_REDIRECT] 
2025-03-09 09:21:38,094 [ERROR] LogOutputStream:75 - [STDERR_REDIRECT] [Fatal Error] :1:1: Premature end of file.
2025-03-09 09:21:38,095 [ERROR] LogOutputStream:75 - [STDERR_REDIRECT] 
2025-03-09 09:21:39,085 [ERROR] LogOutputStream:75 - [STDERR_REDIRECT] [Fatal Error] :1:1: Premature end of file.
2025-03-09 09:21:39,086 [ERROR] LogOutputStream:75 - [STDERR_REDIRECT] 
2025-03-09 09:21:40,063 [ERROR] LogOutputStream:75 - [STDERR_REDIRECT] [Fatal Error] :1:1: Premature end of file.
2025-03-09 09:21:40,063 [ERROR] LogOutputStream:75 - [STDERR_REDIRECT] 
2025-03-09 09:21:41,073 [ERROR] LogOutputStream:75 - [STDERR_REDIRECT] [Fatal Error] :1:1: Premature end of file.
2025-03-09 09:21:41,073 [ERROR] LogOutputStream:75 - [STDERR_REDIRECT] 
2025-03-09 09:21:42,087 [ERROR] LogOutputStream:75 - [STDERR_REDIRECT] [Fatal Error] :1:1: Premature end of file.
2025-03-09 09:21:42,088 [ERROR] LogOutputStream:75 - [STDERR_REDIRECT] 
2025-03-09 09:21:43,097 [ERROR] LogOutputStream:75 - [STDERR_REDIRECT] [Fatal Error] :1:1: Premature end of file.
2025-03-09 09:21:43,097 [ERROR] LogOutputStream:75 - [STDERR_REDIRECT] 
2025-03-09 09:21:44,133 [ERROR] LogOutputStream:75 - [STDERR_REDIRECT] [Fatal Error] :1:1: Premature end of file.
2025-03-09 09:21:44,133 [ERROR] LogOutputStream:75 - [STDERR_REDIRECT] 
2025-03-09 09:21:45,114 [ERROR] LogOutputStream:75 - [STDERR_REDIRECT] [Fatal Error] :1:1: Premature end of file.
2025-03-09 09:21:45,114 [ERROR] LogOutputStream:75 - [STDERR_REDIRECT] 
2025-03-09 09:21:46,053 [ERROR] LogOutputStream:75 - [STDERR_REDIRECT] [Fatal Error] :1:1: Premature end of file.
2025-03-09 09:21:46,053 [ERROR] LogOutputStream:75 - [STDERR_REDIRECT] 
2025-03-09 09:21:47,061 [ERROR] LogOutputStream:75 - [STDERR_REDIRECT] [Fatal Error] :1:1: Premature end of file.
2025-03-09 09:21:47,062 [ERROR] LogOutputStream:75 - [STDERR_REDIRECT] 
2025-03-09 09:21:48,047 [ERROR] LogOutputStream:75 - [STDERR_REDIRECT] [Fatal Error] :1:1: Premature end of file.
2025-03-09 09:21:48,047 [ERROR] LogOutputStream:75 - [STDERR_REDIRECT] 
2025-03-09 09:21:49,067 [ERROR] LogOutputStream:75 - [STDERR_REDIRECT] [Fatal Error] :1:1: Premature end of file.
2025-03-09 09:21:49,067 [ERROR] LogOutputStream:75 - [STDERR_REDIRECT] 
2025-03-09 09:21:50,191 [ERROR] LogOutputStream:75 - [STDERR_REDIRECT] [Fatal Error] :1:1: Premature end of file.
2025-03-09 09:21:50,193 [ERROR] LogOutputStream:75 - [STDERR_REDIRECT] 
2025-03-09 09:21:51,064 [ERROR] LogOutputStream:75 - [STDERR_REDIRECT] [Fatal Error] :1:1: Premature end of file.
2025-03-09 09:21:51,065 [ERROR] LogOutputStream:75 - [STDERR_REDIRECT] 
2025-03-09 09:21:52,058 [ERROR] LogOutputStream:75 - [STDERR_REDIRECT] [Fatal Error] :1:1: Premature end of file.
2025-03-09 09:21:52,058 [ERROR] LogOutputStream:75 - [STDERR_REDIRECT] 
2025-03-09 09:21:53,057 [ERROR] LogOutputStream:75 - [STDERR_REDIRECT] [Fatal Error] :1:1: Premature end of file.
2025-03-09 09:21:53,057 [ERROR] LogOutputStream:75 - [STDERR_REDIRECT] 
2025-03-09 09:21:54,054 [ERROR] LogOutputStream:75 - [STDERR_REDIRECT] [Fatal Error] :1:1: Premature end of file.
2025-03-09 09:21:54,054 [ERROR] LogOutputStream:75 - [STDERR_REDIRECT] 
2025-03-09 09:21:55,059 [ERROR] LogOutputStream:75 - [STDERR_REDIRECT] [Fatal Error] :1:1: Premature end of file.
2025-03-09 09:21:55,060 [ERROR] LogOutputStream:75 - [STDERR_REDIRECT] 
2025-03-09 09:21:56,067 [ERROR] LogOutputStream:75 - [STDERR_REDIRECT] [Fatal Error] :1:1: Premature end of file.
2025-03-09 09:21:56,067 [ERROR] LogOutputStream:75 - [STDERR_REDIRECT] 
2025-03-09 09:21:57,047 [ERROR] LogOutputStream:75 - [STDERR_REDIRECT] [Fatal Error] :1:1: Premature end of file.
2025-03-09 09:21:57,047 [ERROR] LogOutputStream:75 - [STDERR_REDIRECT] 
2025-03-09 09:21:58,050 [ERROR] LogOutputStream:75 - [STDERR_REDIRECT] [Fatal Error] :1:1: Premature end of file.
2025-03-09 09:21:58,050 [ERROR] LogOutputStream:75 - [STDERR_REDIRECT] 
2025-03-09 09:21:59,052 [ERROR] LogOutputStream:75 - [STDERR_REDIRECT] [Fatal Error] :1:1: Premature end of file.
2025-03-09 09:21:59,053 [ERROR] LogOutputStream:75 - [STDERR_REDIRECT] 
2025-03-09 09:22:00,133 [ERROR] LogOutputStream:75 - [STDERR_REDIRECT] [Fatal Error] :1:1: Premature end of file.
2025-03-09 09:22:00,133 [ERROR] LogOutputStream:75 - [STDERR_REDIRECT] 
2025-03-09 09:22:01,069 [ERROR] LogOutputStream:75 - [STDERR_REDIRECT] [Fatal Error] :1:1: Premature end of file.
2025-03-09 09:22:01,070 [ERROR] LogOutputStream:75 - [STDERR_REDIRECT] 
2025-03-09 09:22:02,114 [ERROR] LogOutputStream:75 - [STDERR_REDIRECT] [Fatal Error] :1:1: Premature end of file.
2025-03-09 09:22:02,114 [ERROR] LogOutputStream:75 - [STDERR_REDIRECT] 
2025-03-09 09:22:03,085 [ERROR] LogOutputStream:75 - [STDERR_REDIRECT] [Fatal Error] :1:1: Premature end of file.
2025-03-09 09:22:03,086 [ERROR] LogOutputStream:75 - [STDERR_REDIRECT] 
2025-03-09 09:22:04,065 [ERROR] LogOutputStream:75 - [STDERR_REDIRECT] [Fatal Error] :1:1: Premature end of file.
2025-03-09 09:22:04,065 [ERROR] LogOutputStream:75 - [STDERR_REDIRECT] 
2025-03-09 09:22:05,077 [ERROR] LogOutputStream:75 - [STDERR_REDIRECT] [Fatal Error] :1:1: Premature end of file.
2025-03-09 09:22:05,078 [ERROR] LogOutputStream:75 - [STDERR_REDIRECT] 
2025-03-09 09:22:05,842 [ERROR] LogOutputStream:75 - [STDERR_REDIRECT] 
2025-03-09 09:22:16,084 [INFO] Activator:176 - 


2025-03-09 09:22:16,087 [INFO] Activator:177 - !SESSION log4j initialized
2025-03-09 09:22:19,213 [INFO] LogOutputStream:77 - [STDOUT_REDIRECT] 
2025-03-09 09:22:21,495 [INFO] ApplicationProperties:184 - Using Application install path: C:\ST\STM32CubeIDE_1.15.0\STM32CubeIDE\plugins\com.st.stm32cube.common.mx_6.11.0.202403141607
2025-03-09 09:22:21,526 [INFO] DbMcusXml:78 - Set database path to: C:\ST\STM32CubeIDE_1.15.0\STM32CubeIDE\plugins\com.st.stm32cube.common.mx_6.11.0.202403141607\\db\/mcu/
2025-03-09 09:22:21,527 [INFO] ApiDb:274 - Set plugin database path to: C:\ST\STM32CubeIDE_1.15.0\STM32CubeIDE\plugins\com.st.stm32cube.common.mx_6.11.0.202403141607\\db\/plugins/boardmanager/
2025-03-09 09:22:21,527 [WARN] ApiDb:259 - Overriding images path with different value:  => C:\ST\STM32CubeIDE_1.15.0\STM32CubeIDE\plugins\com.st.stm32cube.common.mx_6.11.0.202403141607\\db\/plugins/mcufinder/images/
2025-03-09 09:22:21,534 [INFO] ApiDb:250 - Set database path to: C:\Users\rsridx\.stmcufinder\plugins\mcufinder//mcu/
2025-03-09 09:22:21,535 [INFO] DbMcusAds:125 - Set database path to: C:\Users\rsridx\.stmcufinder\plugins\mcufinder//mcu/
2025-03-09 09:22:21,537 [INFO] CrossReferenceDbSqlite:203 - Set database path to: C:\Users\rsridx\.stmcufinder\plugins\mcufinder//mcu/cs/
2025-03-09 09:22:21,689 [INFO] RulesReader:64 - Compatibility file has been processed (297 Rules)
2025-03-09 09:22:21,813 [INFO] DbMcusXml:78 - Set database path to: C:\ST\STM32CubeIDE_1.15.0\STM32CubeIDE\plugins\com.st.stm32cube.common.mx_6.11.0.202403141607\\db\/mcu/
2025-03-09 09:22:21,813 [INFO] ApiDb:274 - Set plugin database path to: C:\ST\STM32CubeIDE_1.15.0\STM32CubeIDE\plugins\com.st.stm32cube.common.mx_6.11.0.202403141607\\db\/plugins/boardmanager/
2025-03-09 09:22:21,813 [INFO] ApiDb:261 - Set plugin images path to: C:\ST\STM32CubeIDE_1.15.0\STM32CubeIDE\plugins\com.st.stm32cube.common.mx_6.11.0.202403141607\\db\/plugins/mcufinder/images/
2025-03-09 09:22:21,813 [WARN] DbFile:41 - Overriding database path with different value: C:\Users\rsridx\.stmcufinder\plugins\mcufinder/ => C:\Users\rsridx\.stmcufinder\plugins\mcufinder
2025-03-09 09:22:21,814 [INFO] ApiDb:250 - Set database path to: C:\Users\rsridx\.stmcufinder\plugins\mcufinder//mcu/
2025-03-09 09:22:21,814 [WARN] DbFile:41 - Overriding database path with different value: C:\Users\rsridx\.stmcufinder\plugins\mcufinder/ => C:\Users\rsridx\.stmcufinder\plugins\mcufinder
2025-03-09 09:22:21,814 [INFO] DbMcusAds:125 - Set database path to: C:\Users\rsridx\.stmcufinder\plugins\mcufinder//mcu/
2025-03-09 09:22:21,814 [WARN] DbFile:41 - Overriding database path with different value: C:\Users\rsridx\.stmcufinder\plugins\mcufinder/ => C:\Users\rsridx\.stmcufinder\plugins\mcufinder
2025-03-09 09:22:21,814 [WARN] DbFile:41 - Overriding database path with different value: C:\Users\rsridx\.stmcufinder\plugins\mcufinder/ => C:\Users\rsridx\.stmcufinder\plugins\mcufinder
2025-03-09 09:22:21,814 [INFO] CrossReferenceDbSqlite:203 - Set database path to: C:\Users\rsridx\.stmcufinder\plugins\mcufinder//mcu/cs/
2025-03-09 09:22:21,904 [INFO] MainPanel:264 - HeapMemory: 268435456
2025-03-09 09:22:21,969 [INFO] DbMcusXml:78 - Set database path to: C:\ST\STM32CubeIDE_1.15.0\STM32CubeIDE\plugins\com.st.stm32cube.common.mx_6.11.0.202403141607\\db\/mcu/
2025-03-09 09:22:21,970 [INFO] ApiDb:274 - Set plugin database path to: C:\ST\STM32CubeIDE_1.15.0\STM32CubeIDE\plugins\com.st.stm32cube.common.mx_6.11.0.202403141607\\db\/plugins/boardmanager/
2025-03-09 09:22:21,970 [INFO] ApiDb:261 - Set plugin images path to: C:\ST\STM32CubeIDE_1.15.0\STM32CubeIDE\plugins\com.st.stm32cube.common.mx_6.11.0.202403141607\\db\/plugins/mcufinder/images/
2025-03-09 09:22:21,970 [WARN] DbFile:41 - Overriding database path with different value: C:\Users\rsridx\.stmcufinder\plugins\mcufinder/ => C:\Users\rsridx\.stmcufinder\plugins\mcufinder
2025-03-09 09:22:21,970 [INFO] ApiDb:250 - Set database path to: C:\Users\rsridx\.stmcufinder\plugins\mcufinder//mcu/
2025-03-09 09:22:21,970 [WARN] DbFile:41 - Overriding database path with different value: C:\Users\rsridx\.stmcufinder\plugins\mcufinder/ => C:\Users\rsridx\.stmcufinder\plugins\mcufinder
2025-03-09 09:22:21,970 [INFO] DbMcusAds:125 - Set database path to: C:\Users\rsridx\.stmcufinder\plugins\mcufinder//mcu/
2025-03-09 09:22:21,970 [WARN] DbFile:41 - Overriding database path with different value: C:\Users\rsridx\.stmcufinder\plugins\mcufinder/ => C:\Users\rsridx\.stmcufinder\plugins\mcufinder
2025-03-09 09:22:21,970 [WARN] DbFile:41 - Overriding database path with different value: C:\Users\rsridx\.stmcufinder\plugins\mcufinder/ => C:\Users\rsridx\.stmcufinder\plugins\mcufinder
2025-03-09 09:22:21,970 [INFO] CrossReferenceDbSqlite:203 - Set database path to: C:\Users\rsridx\.stmcufinder\plugins\mcufinder//mcu/cs/
2025-03-09 09:22:21,985 [INFO] ApplicationProperties:184 - Using Application install path: C:\ST\STM32CubeIDE_1.15.0\STM32CubeIDE\plugins\com.st.stm32cube.common.mx_6.11.0.202403141607
2025-03-09 09:22:21,986 [INFO] PluginManage:196 - Search for loadable plugins [exclusion list=, ]
2025-03-09 09:22:21,987 [INFO] PluginManage:310 - Check plugin analytics
2025-03-09 09:22:22,201 [INFO] AnalyticsPlugin:253 - Accepted Software Licenses: 
2025-03-09 09:22:22,201 [INFO] AnalyticsPlugin:255 - Accepted CMSIS Pack Licenses: 
2025-03-09 09:22:22,201 [INFO] AnalyticsPlugin:257 - Accepted Firmware Licenses: 
2025-03-09 09:22:22,204 [INFO] PluginManage:359 - Loaded plugin analytics (category:tool,tabindex:-1)
2025-03-09 09:22:22,204 [INFO] PluginManage:310 - Check plugin cadmodel
2025-03-09 09:22:22,208 [INFO] CADModel:105 - Init CAD model plugin
2025-03-09 09:22:22,208 [INFO] PluginManage:359 - Loaded plugin cadmodel (category:power,tabindex:5)
2025-03-09 09:22:22,208 [INFO] PluginManage:310 - Check plugin clock
2025-03-09 09:22:22,216 [INFO] PluginManage:359 - Loaded plugin clock (category:base,tabindex:2)
2025-03-09 09:22:22,216 [INFO] PluginManage:310 - Check plugin ddr
2025-03-09 09:22:22,218 [INFO] PluginManage:359 - Loaded plugin ddr (category:tool,tabindex:6)
2025-03-09 09:22:22,218 [INFO] PluginManage:310 - Check plugin filemanager
2025-03-09 09:22:22,362 [INFO] PluginManage:359 - Loaded plugin filemanager (category:base,tabindex:10)
2025-03-09 09:22:22,362 [INFO] PluginManage:310 - Check plugin ipmanager
2025-03-09 09:22:22,370 [INFO] PluginManage:359 - Loaded plugin ipmanager (category:base,tabindex:5)
2025-03-09 09:22:22,370 [INFO] PluginManage:310 - Check plugin lpbam
2025-03-09 09:22:22,378 [INFO] PluginManage:359 - Loaded plugin lpbam (category:base,tabindex:0)
2025-03-09 09:22:22,378 [INFO] PluginManage:310 - Check plugin memorymap
2025-03-09 09:22:22,387 [INFO] PluginManage:359 - Loaded plugin memorymap (category:base,tabindex:4)
2025-03-09 09:22:22,387 [INFO] PluginManage:310 - Check plugin pinoutandconfiguration
2025-03-09 09:22:22,392 [INFO] PluginManage:359 - Loaded plugin pinoutandconfiguration (category:base,tabindex:1)
2025-03-09 09:22:22,392 [INFO] PluginManage:310 - Check plugin pinoutconfig
2025-03-09 09:22:22,487 [WARN] SupportedApi:132 - Cannot load RTOS API schema: s4s-elt-must-match.1: The content of 'definitions' must match (annotation?, (simpleType | complexType)?, (unique | key | keyref)*)). A problem was found starting at: attribute.
2025-03-09 09:22:22,655 [INFO] PluginManage:359 - Loaded plugin pinoutconfig (category:base,tabindex:0)
2025-03-09 09:22:22,655 [INFO] PluginManage:310 - Check plugin power
2025-03-09 09:22:22,668 [INFO] PluginManage:359 - Loaded plugin power (category:power,tabindex:4)
2025-03-09 09:22:22,668 [INFO] PluginManage:310 - Check plugin projectmanager
2025-03-09 09:22:22,686 [INFO] PluginManage:359 - Loaded plugin projectmanager (category:projectmanager,tabindex:3)
2025-03-09 09:22:22,687 [INFO] PluginManage:310 - Check plugin thirdparty
2025-03-09 09:22:22,823 [WARN] IntegrityCheckThread:84 - waiting for thirdparty lock release [integrity check]
2025-03-09 09:22:22,823 [INFO] IntegrityCheckThread:86 - entering critical section [integrity check]
2025-03-09 09:22:22,824 [INFO] ThirdPartyUpdaterWithRetryManager:70 - Updater plugin not ready yet. [1/15]
2025-03-09 09:22:22,825 [INFO] PluginManage:359 - Loaded plugin thirdparty (category:base,tabindex:-1)
2025-03-09 09:22:22,825 [INFO] PluginManage:310 - Check plugin tools
2025-03-09 09:22:22,831 [INFO] PluginManage:359 - Loaded plugin tools (category:base,tabindex:7)
2025-03-09 09:22:22,831 [INFO] PluginManage:310 - Check plugin tutovideos
2025-03-09 09:22:22,972 [INFO] PluginManage:359 - Loaded plugin tutovideos (category:base,tabindex:-1)
2025-03-09 09:22:22,972 [INFO] PluginManage:310 - Check plugin updater
2025-03-09 09:22:22,991 [INFO] PluginManage:359 - Loaded plugin updater (category:base,tabindex:12)
2025-03-09 09:22:22,991 [INFO] PluginManage:310 - Check plugin userauth
2025-03-09 09:22:23,002 [INFO] UserAuth:114 - Init User Auth plugin
2025-03-09 09:22:23,002 [INFO] PluginManage:359 - Loaded plugin userauth (category:base,tabindex:14)
2025-03-09 09:22:23,003 [INFO] PluginManage:283 - PluginManage : Loaded plugins [17]
2025-03-09 09:22:23,204 [INFO] PinOutPanel:1561 - setPackage(No Configuration,No Configuration)
2025-03-09 09:22:23,269 [INFO] CADModel:165 - CPN selected for project level
2025-03-09 09:22:23,269 [INFO] CADModel:114 - Register for checkConnection events
2025-03-09 09:22:23,282 [INFO] IPUIPlugin:80 - create IPUIPlugin
2025-03-09 09:22:23,282 [INFO] PluginManager:220 - loadIPPluginJar : add adc
2025-03-09 09:22:23,284 [INFO] IPUIPlugin:80 - create IPUIPlugin
2025-03-09 09:22:23,285 [INFO] PluginManager:220 - loadIPPluginJar : add aes
2025-03-09 09:22:23,287 [INFO] IPUIPlugin:80 - create IPUIPlugin
2025-03-09 09:22:23,287 [INFO] PluginManager:220 - loadIPPluginJar : add can
2025-03-09 09:22:23,288 [INFO] IPUIPlugin:80 - create IPUIPlugin
2025-03-09 09:22:23,288 [INFO] PluginManager:220 - loadIPPluginJar : add comp
2025-03-09 09:22:23,290 [INFO] IPUIPlugin:80 - create IPUIPlugin
2025-03-09 09:22:23,291 [INFO] PluginManager:220 - loadIPPluginJar : add cryp
2025-03-09 09:22:23,292 [INFO] IPUIPlugin:80 - create IPUIPlugin
2025-03-09 09:22:23,292 [INFO] PluginManager:220 - loadIPPluginJar : add dfsdm
2025-03-09 09:22:23,297 [INFO] IPUIPlugin:80 - create IPUIPlugin
2025-03-09 09:22:23,297 [INFO] PluginManager:220 - loadIPPluginJar : add dma
2025-03-09 09:22:23,299 [INFO] IPUIPlugin:80 - create IPUIPlugin
2025-03-09 09:22:23,299 [INFO] PluginManager:220 - loadIPPluginJar : add dma3
2025-03-09 09:22:23,301 [INFO] IPUIPlugin:80 - create IPUIPlugin
2025-03-09 09:22:23,301 [INFO] PluginManager:220 - loadIPPluginJar : add extmemmanager
2025-03-09 09:22:23,302 [INFO] IPUIPlugin:80 - create IPUIPlugin
2025-03-09 09:22:23,302 [INFO] PluginManager:220 - loadIPPluginJar : add fatfs
2025-03-09 09:22:23,306 [INFO] IPUIPlugin:80 - create IPUIPlugin
2025-03-09 09:22:23,306 [INFO] PluginManager:220 - loadIPPluginJar : add fmc
2025-03-09 09:22:23,312 [INFO] IPUIPlugin:80 - create IPUIPlugin
2025-03-09 09:22:23,312 [INFO] PluginManager:220 - loadIPPluginJar : add freertos
2025-03-09 09:22:23,313 [INFO] IPUIPlugin:80 - create IPUIPlugin
2025-03-09 09:22:23,313 [INFO] PluginManager:220 - loadIPPluginJar : add genericplugin
2025-03-09 09:22:23,316 [INFO] IPUIPlugin:80 - create IPUIPlugin
2025-03-09 09:22:23,316 [INFO] PluginManager:220 - loadIPPluginJar : add gfxmmu
2025-03-09 09:22:23,321 [INFO] IPUIPlugin:80 - create IPUIPlugin
2025-03-09 09:22:23,321 [INFO] PluginManager:220 - loadIPPluginJar : add gic
2025-03-09 09:22:23,324 [INFO] IPUIPlugin:80 - create IPUIPlugin
2025-03-09 09:22:23,325 [INFO] PluginManager:220 - loadIPPluginJar : add gpio
2025-03-09 09:22:23,327 [INFO] IPUIPlugin:80 - create IPUIPlugin
2025-03-09 09:22:23,327 [INFO] PluginManager:220 - loadIPPluginJar : add gtzc
2025-03-09 09:22:23,328 [INFO] IPUIPlugin:80 - create IPUIPlugin
2025-03-09 09:22:23,329 [INFO] PluginManager:220 - loadIPPluginJar : add hash
2025-03-09 09:22:23,331 [INFO] IPUIPlugin:80 - create IPUIPlugin
2025-03-09 09:22:23,331 [INFO] PluginManager:220 - loadIPPluginJar : add i2c
2025-03-09 09:22:23,332 [INFO] IPUIPlugin:80 - create IPUIPlugin
2025-03-09 09:22:23,333 [INFO] PluginManager:220 - loadIPPluginJar : add i2s
2025-03-09 09:22:23,335 [INFO] IPUIPlugin:80 - create IPUIPlugin
2025-03-09 09:22:23,335 [INFO] PluginManager:220 - loadIPPluginJar : add i3c
2025-03-09 09:22:23,338 [INFO] IPUIPlugin:80 - create IPUIPlugin
2025-03-09 09:22:23,338 [INFO] PluginManager:220 - loadIPPluginJar : add ipddr
2025-03-09 09:22:23,344 [INFO] IPUIPlugin:80 - create IPUIPlugin
2025-03-09 09:22:23,344 [INFO] PluginManager:220 - loadIPPluginJar : add linkedlist
2025-03-09 09:22:23,346 [INFO] IPUIPlugin:80 - create IPUIPlugin
2025-03-09 09:22:23,347 [INFO] PluginManager:220 - loadIPPluginJar : add lorawan
2025-03-09 09:22:23,348 [INFO] IPUIPlugin:80 - create IPUIPlugin
2025-03-09 09:22:23,348 [INFO] PluginManager:220 - loadIPPluginJar : add ltdc
2025-03-09 09:22:23,358 [INFO] IPUIPlugin:80 - create IPUIPlugin
2025-03-09 09:22:23,358 [INFO] PluginManager:220 - loadIPPluginJar : add mdma
2025-03-09 09:22:23,361 [INFO] IPUIPlugin:80 - create IPUIPlugin
2025-03-09 09:22:23,362 [INFO] PluginManager:220 - loadIPPluginJar : add nvic
2025-03-09 09:22:23,364 [INFO] IPUIPlugin:80 - create IPUIPlugin
2025-03-09 09:22:23,364 [INFO] PluginManager:220 - loadIPPluginJar : add opamp
2025-03-09 09:22:23,368 [INFO] IPUIPlugin:80 - create IPUIPlugin
2025-03-09 09:22:23,368 [INFO] PluginManager:220 - loadIPPluginJar : add openamp
2025-03-09 09:22:23,371 [INFO] IPUIPlugin:80 - create IPUIPlugin
2025-03-09 09:22:23,371 [INFO] PluginManager:220 - loadIPPluginJar : add pdm2pcm
2025-03-09 09:22:23,376 [INFO] IPUIPlugin:80 - create IPUIPlugin
2025-03-09 09:22:23,379 [INFO] PluginManager:220 - loadIPPluginJar : add plateformsettings
2025-03-09 09:22:23,380 [INFO] IPUIPlugin:80 - create IPUIPlugin
2025-03-09 09:22:23,380 [INFO] PluginManager:220 - loadIPPluginJar : add quadspi
2025-03-09 09:22:23,383 [INFO] IPUIPlugin:80 - create IPUIPlugin
2025-03-09 09:22:23,383 [INFO] PluginManager:220 - loadIPPluginJar : add resmgrutility
2025-03-09 09:22:23,385 [INFO] IPUIPlugin:80 - create IPUIPlugin
2025-03-09 09:22:23,385 [INFO] PluginManager:220 - loadIPPluginJar : add sai
2025-03-09 09:22:23,387 [INFO] IPUIPlugin:80 - create IPUIPlugin
2025-03-09 09:22:23,387 [INFO] PluginManager:220 - loadIPPluginJar : add spi
2025-03-09 09:22:23,391 [INFO] IPUIPlugin:80 - create IPUIPlugin
2025-03-09 09:22:23,391 [INFO] PluginManager:220 - loadIPPluginJar : add stm32_wpan
2025-03-09 09:22:23,392 [INFO] IPUIPlugin:80 - create IPUIPlugin
2025-03-09 09:22:23,392 [INFO] PluginManager:220 - loadIPPluginJar : add tim
2025-03-09 09:22:23,395 [INFO] IPUIPlugin:80 - create IPUIPlugin
2025-03-09 09:22:23,395 [INFO] PluginManager:220 - loadIPPluginJar : add touchsensing
2025-03-09 09:22:23,396 [INFO] IPUIPlugin:80 - create IPUIPlugin
2025-03-09 09:22:23,396 [INFO] PluginManager:220 - loadIPPluginJar : add tracer_emb
2025-03-09 09:22:23,398 [INFO] IPUIPlugin:80 - create IPUIPlugin
2025-03-09 09:22:23,398 [INFO] PluginManager:220 - loadIPPluginJar : add ts
2025-03-09 09:22:23,399 [INFO] IPUIPlugin:80 - create IPUIPlugin
2025-03-09 09:22:23,399 [INFO] PluginManager:220 - loadIPPluginJar : add tsc
2025-03-09 09:22:23,401 [INFO] IPUIPlugin:80 - create IPUIPlugin
2025-03-09 09:22:23,401 [INFO] PluginManager:220 - loadIPPluginJar : add ucpd
2025-03-09 09:22:23,403 [INFO] IPUIPlugin:80 - create IPUIPlugin
2025-03-09 09:22:23,403 [INFO] PluginManager:220 - loadIPPluginJar : add usart
2025-03-09 09:22:23,405 [INFO] IPUIPlugin:80 - create IPUIPlugin
2025-03-09 09:22:23,405 [INFO] PluginManager:220 - loadIPPluginJar : add usbx
2025-03-09 09:22:23,543 [INFO] CADModel:165 - CPN selected for project level
2025-03-09 09:22:23,543 [INFO] CADModel:114 - Register for checkConnection events
2025-03-09 09:22:23,543 [FATAL] Updater:308 - Updater called before beeing initialized
2025-03-09 09:22:23,544 [ERROR] CADModel:125 - Updater not yet initialized, retry later 
2025-03-09 09:22:23,751 [INFO] CADModel:165 - CPN selected for project level
2025-03-09 09:22:23,751 [INFO] CADModel:114 - Register for checkConnection events
2025-03-09 09:22:23,751 [FATAL] Updater:308 - Updater called before beeing initialized
2025-03-09 09:22:23,752 [ERROR] CADModel:125 - Updater not yet initialized, retry later 
2025-03-09 09:22:23,755 [FATAL] Updater:308 - Updater called before beeing initialized
2025-03-09 09:22:23,888 [FATAL] Updater:308 - Updater called before beeing initialized
2025-03-09 09:22:23,892 [INFO] DbMcusAds:53 - JSON generation date=Thu Mar 06 20:24:21 IST 2025 (1741272861825)
2025-03-09 09:22:23,893 [FATAL] Updater:308 - Updater called before beeing initialized
2025-03-09 09:22:23,928 [WARN] DetailPanel:346 - Failed to get advertising image, set to default
2025-03-09 09:22:24,015 [FATAL] Updater:308 - Updater called before beeing initialized
2025-03-09 09:22:24,017 [FATAL] Updater:308 - Updater called before beeing initialized
2025-03-09 09:22:24,017 [FATAL] Updater:308 - Updater called before beeing initialized
2025-03-09 09:22:24,017 [WARN] DetailPanel:346 - Failed to get advertising image, set to default
2025-03-09 09:22:24,017 [FATAL] Updater:308 - Updater called before beeing initialized
2025-03-09 09:22:24,082 [ERROR] Updater:1120 - MainUpdater not yet initialized. External WinMGr cannot be set.
2025-03-09 09:22:24,084 [INFO] Updater:1056 - Updater Version found : 6.11.0
2025-03-09 09:22:24,099 [INFO] ApplicationProperties:184 - Using Application install path: C:\ST\STM32CubeIDE_1.15.0\STM32CubeIDE\plugins\com.st.stm32cube.common.mx_6.11.0.202403141607
2025-03-09 09:22:24,539 [INFO] MainUpdater:2873 - connection check result : 10
2025-03-09 09:22:24,541 [INFO] MainUpdater:290 - Updater Check For Update Now.
2025-03-09 09:22:24,541 [INFO] MicroXplorer:498 - Change Database Version : DB.6.0.110
2025-03-09 09:22:24,604 [INFO] McuFinderGlobals:63 - Set McuFinder mode to 2 (CubeIDE integrated)
2025-03-09 09:22:24,621 [INFO] UserAuth:415 - Internet connection configuration mode: 1
2025-03-09 09:22:24,685 [INFO] JxBrowserEngine:152 - Initiate JxBrowser Engine with user profile folder
2025-03-09 09:22:24,773 [INFO] CheckServerUpdateThread:120 - End of CheckServer Thread
2025-03-09 09:22:25,351 [INFO] WebApp:161 - Instantiating new browser for Auth
2025-03-09 09:22:25,824 [INFO] WebApp:779 - Register for checkConnection events
2025-03-09 09:22:25,824 [INFO] WebApp:414 - Apply proxy settings
2025-03-09 09:22:25,825 [INFO] WebApp:499 - Chromium requires no authentication
2025-03-09 09:22:25,836 [INFO] WebApp:442 - Direct internet connection detected
2025-03-09 09:22:26,009 [WARN] PackLoader:240 - Cannot read IP mode file for STMicroelectronics.FP-SNS-MOTENVWB1.1.4.0
2025-03-09 09:22:26,027 [WARN] PackLoader:240 - Cannot read IP mode file for STMicroelectronics.FP-ATR-ASTRA1.2.0.2
2025-03-09 09:22:26,031 [WARN] PackLoader:240 - Cannot read IP mode file for STMicroelectronics.FP-ATR-ASTRA1.2.0.1
2025-03-09 09:22:26,053 [WARN] PackLoader:240 - Cannot read IP mode file for STMicroelectronics.X-CUBE-SMBUS.2.1.0
2025-03-09 09:22:26,061 [WARN] PackLoader:240 - Cannot read IP mode file for STMicroelectronics.X-CUBE-WB05N.1.1.0
2025-03-09 09:22:26,071 [WARN] PackLoader:240 - Cannot read IP mode file for STMicroelectronics.X-CUBE-TOUCHGFX.4.23.2
2025-03-09 09:22:26,119 [WARN] PackLoader:240 - Cannot read IP mode file for STMicroelectronics.X-CUBE-AZRTOS-F7.1.1.0
2025-03-09 09:22:26,225 [WARN] PackLoader:240 - Cannot read IP mode file for STMicroelectronics.X-CUBE-MEMS1.11.0.0
2025-03-09 09:22:26,412 [WARN] PackLoader:240 - Cannot read IP mode file for STMicroelectronics.FP-SNS-FLIGHT1.5.0.2
2025-03-09 09:22:26,422 [WARN] PackLoader:240 - Cannot read IP mode file for STMicroelectronics.X-CUBE-DISPLAY.3.0.0
2025-03-09 09:22:26,431 [WARN] PackLoader:240 - Cannot read IP mode file for STMicroelectronics.X-CUBE-BLE1.7.0.0
2025-03-09 09:22:26,438 [WARN] PackLoader:240 - Cannot read IP mode file for STMicroelectronics.X-CUBE-NFC10.1.0.0
2025-03-09 09:22:26,452 [WARN] PackLoader:240 - Cannot read IP mode file for STMicroelectronics.X-CUBE-BLEMGR.4.0.0
2025-03-09 09:22:26,461 [WARN] PackLoader:240 - Cannot read IP mode file for emotas.I-CUBE-CANOPEN.1.3.0
2025-03-09 09:22:26,471 [WARN] PackLoader:240 - Cannot read IP mode file for STMicroelectronics.X-CUBE-BLEMGR.3.1.0
2025-03-09 09:22:26,478 [WARN] PackLoader:240 - Cannot read IP mode file for STMicroelectronics.FP-SNS-SMARTAG2.1.2.0
2025-03-09 09:22:26,542 [WARN] PackLoader:240 - Cannot read IP mode file for STMicroelectronics.X-CUBE-MEMS1.11.1.0
2025-03-09 09:22:26,684 [INFO] LogOutputStream:77 - [STDOUT_REDIRECT] 1 : Invalid condition id : UX_CORESTACK_Condition cause : null
2025-03-09 09:22:26,685 [INFO] LogOutputStream:77 - [STDOUT_REDIRECT] 1 : Invalid condition id : UX_CORESTACK_Condition cause : null
2025-03-09 09:22:26,687 [INFO] LogOutputStream:77 - [STDOUT_REDIRECT] 1 : Invalid condition id : UX_CORESTACK_Condition cause : null
2025-03-09 09:22:26,689 [INFO] LogOutputStream:77 - [STDOUT_REDIRECT] 1 : Invalid condition id : UX_CORESTACK_Condition cause : null
2025-03-09 09:22:26,692 [INFO] LogOutputStream:77 - [STDOUT_REDIRECT] 1 : Invalid condition id : UX_CORESTACK_Condition cause : null
2025-03-09 09:22:26,694 [WARN] PackLoader:240 - Cannot read IP mode file for STMicroelectronics.X-CUBE-AZRTOS-WL.2.0.0
2025-03-09 09:22:26,700 [WARN] PackLoader:240 - Cannot read IP mode file for STMicroelectronics.FP-SNS-MOTENV1.5.0.0
2025-03-09 09:22:26,705 [WARN] PackLoader:240 - Cannot read IP mode file for wolfSSL.I-CUBE-wolfMQTT.1.19.0
2025-03-09 09:22:26,714 [WARN] PackLoader:240 - Cannot read IP mode file for WES.I-CUBE-Cesium.1.3.0
2025-03-09 09:22:26,719 [WARN] PackLoader:240 - Cannot read IP mode file for STMicroelectronics.X-CUBE-BLE2.3.3.0
2025-03-09 09:22:26,724 [WARN] PackLoader:240 - Cannot read IP mode file for STMicroelectronics.X-CUBE-NFC9.1.0.0
2025-03-09 09:22:26,729 [WARN] PackLoader:240 - Cannot read IP mode file for STMicroelectronics.X-CUBE-BLE1.7.1.0
2025-03-09 09:22:26,734 [WARN] PackLoader:240 - Cannot read IP mode file for STMicroelectronics.X-CUBE-TCPP.4.1.0
2025-03-09 09:22:26,740 [WARN] PackLoader:240 - Cannot read IP mode file for STMicroelectronics.X-CUBE-ALGOBUILD.1.3.0
2025-03-09 09:22:26,753 [WARN] PackLoader:240 - Cannot read IP mode file for STMicroelectronics.X-CUBE-AZRTOS-G0.1.1.0
2025-03-09 09:22:26,759 [WARN] PackLoader:240 - Cannot read IP mode file for STMicroelectronics.X-CUBE-SAFEA1.1.2.2
2025-03-09 09:22:26,764 [WARN] PackLoader:240 - Cannot read IP mode file for STMicroelectronics.X-CUBE-NFC4.3.0.0
2025-03-09 09:22:26,772 [WARN] PackLoader:240 - Cannot read IP mode file for EmbeddedOffice.I-CUBE-FS-RTOS.1.0.1
2025-03-09 09:22:26,772 [ERROR] ConditionMgr:805 - Attr not supported : Dmpu
2025-03-09 09:22:26,773 [ERROR] ConditionMgr:805 - Attr not supported : Dmpu
2025-03-09 09:22:26,773 [ERROR] ConditionMgr:805 - Attr not supported : Dmpu
2025-03-09 09:22:26,773 [ERROR] ConditionMgr:805 - Attr not supported : Dmpu
2025-03-09 09:22:26,773 [ERROR] ConditionMgr:805 - Attr not supported : Dmpu
2025-03-09 09:22:26,773 [ERROR] ConditionMgr:805 - Attr not supported : Dmpu
2025-03-09 09:22:26,773 [ERROR] ConditionMgr:805 - Attr not supported : Dmpu
2025-03-09 09:22:26,773 [ERROR] ConditionMgr:805 - Attr not supported : Dmpu
2025-03-09 09:22:26,773 [ERROR] ConditionMgr:805 - Attr not supported : Dmpu
2025-03-09 09:22:26,773 [ERROR] ConditionMgr:805 - Attr not supported : Dmpu
2025-03-09 09:22:26,773 [ERROR] ConditionMgr:805 - Attr not supported : Dmpu
2025-03-09 09:22:26,773 [ERROR] ConditionMgr:805 - Attr not supported : Dmpu
2025-03-09 09:22:26,773 [ERROR] ConditionMgr:805 - Attr not supported : Dmpu
2025-03-09 09:22:26,773 [ERROR] ConditionMgr:805 - Attr not supported : Dmpu
2025-03-09 09:22:26,773 [ERROR] ConditionMgr:805 - Attr not supported : Dmpu
2025-03-09 09:22:26,773 [ERROR] ConditionMgr:805 - Attr not supported : Dmpu
2025-03-09 09:22:26,773 [ERROR] ConditionMgr:805 - Attr not supported : Dmpu
2025-03-09 09:22:26,773 [ERROR] ConditionMgr:805 - Attr not supported : Dmpu
2025-03-09 09:22:26,773 [ERROR] ConditionMgr:805 - Attr not supported : Dmpu
2025-03-09 09:22:26,774 [ERROR] ConditionMgr:805 - Attr not supported : Dmpu
2025-03-09 09:22:26,774 [ERROR] ConditionMgr:805 - Attr not supported : Dmpu
2025-03-09 09:22:26,774 [ERROR] ConditionMgr:805 - Attr not supported : Dmpu
2025-03-09 09:22:26,774 [ERROR] ConditionMgr:805 - Attr not supported : Dmpu
2025-03-09 09:22:26,774 [ERROR] ConditionMgr:805 - Attr not supported : Dmpu
2025-03-09 09:22:26,774 [ERROR] ConditionMgr:805 - Attr not supported : Dmpu
2025-03-09 09:22:26,774 [ERROR] ConditionMgr:805 - Attr not supported : Dmpu
2025-03-09 09:22:26,774 [ERROR] ConditionMgr:805 - Attr not supported : Dmpu
2025-03-09 09:22:26,774 [ERROR] ConditionMgr:805 - Attr not supported : Dmpu
2025-03-09 09:22:26,774 [ERROR] ConditionMgr:805 - Attr not supported : Dmpu
2025-03-09 09:22:26,774 [ERROR] ConditionMgr:805 - Attr not supported : Dmpu
2025-03-09 09:22:26,774 [ERROR] ConditionMgr:805 - Attr not supported : Dmpu
2025-03-09 09:22:26,774 [ERROR] ConditionMgr:805 - Attr not supported : Dmpu
2025-03-09 09:22:26,774 [ERROR] ConditionMgr:805 - Attr not supported : Dmpu
2025-03-09 09:22:26,774 [ERROR] ConditionMgr:805 - Attr not supported : Dmpu
2025-03-09 09:22:26,774 [ERROR] ConditionMgr:805 - Attr not supported : Dmpu
2025-03-09 09:22:26,774 [ERROR] ConditionMgr:805 - Attr not supported : Dmpu
2025-03-09 09:22:26,774 [ERROR] ConditionMgr:805 - Attr not supported : Dmpu
2025-03-09 09:22:26,774 [ERROR] ConditionMgr:805 - Attr not supported : Dmpu
2025-03-09 09:22:26,774 [ERROR] ConditionMgr:805 - Attr not supported : Dmpu
2025-03-09 09:22:26,775 [ERROR] ConditionMgr:805 - Attr not supported : Dmpu
2025-03-09 09:22:26,775 [ERROR] ConditionMgr:805 - Attr not supported : Dmpu
2025-03-09 09:22:26,775 [ERROR] ConditionMgr:805 - Attr not supported : Dmpu
2025-03-09 09:22:26,775 [ERROR] ConditionMgr:805 - Attr not supported : Dmpu
2025-03-09 09:22:26,775 [ERROR] ConditionMgr:805 - Attr not supported : Dmpu
2025-03-09 09:22:26,775 [ERROR] ConditionMgr:805 - Attr not supported : Dmpu
2025-03-09 09:22:26,775 [ERROR] ConditionMgr:805 - Attr not supported : Dmpu
2025-03-09 09:22:26,775 [ERROR] ConditionMgr:805 - Attr not supported : Dmpu
2025-03-09 09:22:26,775 [ERROR] ConditionMgr:805 - Attr not supported : Dmpu
2025-03-09 09:22:26,775 [ERROR] ConditionMgr:805 - Attr not supported : Dmpu
2025-03-09 09:22:26,775 [ERROR] ConditionMgr:805 - Attr not supported : Dmpu
2025-03-09 09:22:26,775 [ERROR] ConditionMgr:805 - Attr not supported : Dmpu
2025-03-09 09:22:26,775 [ERROR] ConditionMgr:805 - Attr not supported : Dmpu
2025-03-09 09:22:26,775 [ERROR] ConditionMgr:805 - Attr not supported : Dmpu
2025-03-09 09:22:26,775 [ERROR] ConditionMgr:805 - Attr not supported : Dmpu
2025-03-09 09:22:26,775 [ERROR] ConditionMgr:805 - Attr not supported : Dmpu
2025-03-09 09:22:26,775 [ERROR] ConditionMgr:805 - Attr not supported : Dmpu
2025-03-09 09:22:26,775 [ERROR] ConditionMgr:805 - Attr not supported : Dmpu
2025-03-09 09:22:26,775 [ERROR] ConditionMgr:805 - Attr not supported : Dmpu
2025-03-09 09:22:26,775 [ERROR] ConditionMgr:805 - Attr not supported : Dmpu
2025-03-09 09:22:26,775 [ERROR] ConditionMgr:805 - Attr not supported : Dmpu
2025-03-09 09:22:26,776 [ERROR] ConditionMgr:805 - Attr not supported : Dmpu
2025-03-09 09:22:26,776 [ERROR] ConditionMgr:805 - Attr not supported : Dmpu
2025-03-09 09:22:26,776 [ERROR] ConditionMgr:805 - Attr not supported : Dmpu
2025-03-09 09:22:26,776 [ERROR] ConditionMgr:805 - Attr not supported : Dmpu
2025-03-09 09:22:26,780 [ERROR] Engine:466 - C:\Users\rsridx\.stm32cubemx\thirdparties\pdsc\STMicroelectronics.X-CUBE-TCPP.4.2.0.pdsc: PDSC version is not supported
2025-03-09 09:22:26,786 [WARN] PackLoader:240 - Cannot read IP mode file for RealThread.X-CUBE-RT-Thread_Nano.4.1.1
2025-03-09 09:22:26,789 [WARN] PackLoader:240 - Cannot read IP mode file for wolfSSL.I-CUBE-wolfSSL.5.7.0
2025-03-09 09:22:26,793 [WARN] PackLoader:240 - Cannot read IP mode file for STMicroelectronics.FP-ATR-SIGFOX1.3.2.0
2025-03-09 09:22:26,796 [WARN] ConditionMgr:438 - getConditionDescription Invalid condition id : Cortex-A Device cause : null
2025-03-09 09:22:26,814 [WARN] ConditionMgr:1039 - genDependencies : Invalid condition id : Cortex-A Device cause : null
2025-03-09 09:22:26,815 [WARN] ConditionMgr:1039 - genDependencies : Invalid condition id : Cortex-A Device cause : null
2025-03-09 09:22:26,815 [WARN] ConditionMgr:1039 - genDependencies : Invalid condition id : Cortex-A Device cause : null
2025-03-09 09:22:26,820 [WARN] PackLoader:240 - Cannot read IP mode file for STMicroelectronics.X-CUBE-EEPRMA1.5.1.0
2025-03-09 09:22:26,825 [WARN] PackLoader:240 - Cannot read IP mode file for ITTIA_DB.I-CUBE-ITTIADB.8.9.0
2025-03-09 09:22:26,850 [WARN] PackLoader:240 - Cannot read IP mode file for SEGGER.I-CUBE-embOS.1.3.1
2025-03-09 09:22:26,892 [WARN] PackLoader:240 - Cannot read IP mode file for STMicroelectronics.X-CUBE-ALGOBUILD.1.4.0
2025-03-09 09:22:26,897 [WARN] PackLoader:240 - Cannot read IP mode file for STMicroelectronics.X-CUBE-AI.9.1.0
2025-03-09 09:22:26,901 [WARN] PackLoader:240 - Cannot read IP mode file for STMicroelectronics.X-CUBE-GNSS1.6.0.0
2025-03-09 09:22:26,916 [WARN] PackLoader:240 - Cannot read IP mode file for STMicroelectronics.X-CUBE-AZRTOS-F4.1.1.0
2025-03-09 09:22:26,926 [WARN] PackLoader:240 - Cannot read IP mode file for STMicroelectronics.X-CUBE-ISPU.2.1.0
2025-03-09 09:22:26,933 [WARN] PackLoader:240 - Cannot read IP mode file for STMicroelectronics.X-CUBE-FREERTOS.1.2.0
2025-03-09 09:22:26,947 [WARN] PackLoader:240 - Cannot read IP mode file for STMicroelectronics.X-CUBE-AZRTOS-L5.2.0.0
2025-03-09 09:22:26,955 [WARN] PackLoader:240 - Cannot read IP mode file for STMicroelectronics.X-CUBE-NFC6.3.1.0
2025-03-09 09:22:26,961 [WARN] PackLoader:240 - Cannot read IP mode file for STMicroelectronics.X-CUBE-DPower.1.2.0
2025-03-09 09:22:26,964 [WARN] PackLoader:240 - Cannot read IP mode file for STMicroelectronics.X-CUBE-AI.9.0.0
2025-03-09 09:22:26,968 [WARN] PackLoader:240 - Cannot read IP mode file for STMicroelectronics.X-CUBE-FREERTOS.1.3.0
2025-03-09 09:22:26,972 [WARN] PackLoader:240 - Cannot read IP mode file for STMicroelectronics.X-CUBE-NFC7.1.0.1
2025-03-09 09:22:26,976 [WARN] PackLoader:240 - Cannot read IP mode file for wolfSSL.I-CUBE-wolfTPM.3.2.0
2025-03-09 09:22:26,988 [WARN] ConditionMgr:438 - getConditionDescription Invalid condition id : LAN8742 Phy interface Condition cause : null
2025-03-09 09:22:26,989 [WARN] PackLoader:240 - Cannot read IP mode file for STMicroelectronics.X-CUBE-AZRTOS-L4.2.0.0
2025-03-09 09:22:26,990 [WARN] ConditionMgr:1039 - genDependencies : Invalid condition id : LAN8742 Phy interface Condition cause : null
2025-03-09 09:22:26,990 [WARN] ConditionMgr:1039 - genDependencies : Invalid condition id : LAN8742 Phy interface Condition cause : null
2025-03-09 09:22:26,990 [WARN] ConditionMgr:1039 - genDependencies : Invalid condition id : LAN8742 Phy interface Condition cause : null
2025-03-09 09:22:27,006 [WARN] PackLoader:240 - Cannot read IP mode file for STMicroelectronics.X-CUBE-SFXS2LP1.4.0.0
2025-03-09 09:22:27,021 [WARN] PackLoader:240 - Cannot read IP mode file for STMicroelectronics.X-CUBE-AZRTOS-H7.3.3.0
2025-03-09 09:22:27,031 [WARN] PackLoader:240 - Cannot read IP mode file for STMicroelectronics.X-CUBE-IPS.3.0.0
2025-03-09 09:22:27,043 [WARN] ConditionMgr:438 - getConditionDescription Invalid condition id : UX DEVICE CLASS RTOS Condition cause : null
2025-03-09 09:22:27,043 [WARN] ConditionMgr:438 - getConditionDescription Invalid condition id : UX DEVICE CLASS RTOS Condition cause : null
2025-03-09 09:22:27,045 [WARN] PackLoader:240 - Cannot read IP mode file for STMicroelectronics.X-CUBE-AZRTOS-WB.2.0.0
2025-03-09 09:22:27,045 [WARN] ConditionMgr:1039 - genDependencies : Invalid condition id : UX DEVICE CLASS RTOS Condition cause : null
2025-03-09 09:22:27,045 [WARN] ConditionMgr:1039 - genDependencies : Invalid condition id : UX DEVICE CLASS RTOS Condition cause : null
2025-03-09 09:22:27,046 [WARN] ConditionMgr:1039 - genDependencies : Invalid condition id : UX DEVICE CLASS RTOS Condition cause : null
2025-03-09 09:22:27,046 [WARN] ConditionMgr:1039 - genDependencies : Invalid condition id : UX DEVICE CLASS RTOS Condition cause : null
2025-03-09 09:22:27,046 [WARN] ConditionMgr:1039 - genDependencies : Invalid condition id : UX DEVICE CLASS RTOS Condition cause : null
2025-03-09 09:22:27,051 [WARN] PackLoader:240 - Cannot read IP mode file for STMicroelectronics.X-CUBE-GNSS1.7.0.0
2025-03-09 09:22:27,056 [WARN] PackLoader:240 - Cannot read IP mode file for STMicroelectronics.X-CUBE-GNSS1.7.0.1
2025-03-09 09:22:27,059 [WARN] PackLoader:240 - Cannot read IP mode file for STMicroelectronics.X-CUBE-TOUCHGFX.4.25.0
2025-03-09 09:22:27,064 [WARN] PackLoader:240 - Cannot read IP mode file for STMicroelectronics.FP-SNS-STBOX1.2.0.0
2025-03-09 09:22:27,073 [WARN] PackLoader:240 - Cannot read IP mode file for STMicroelectronics.X-CUBE-SUBG2.5.0.0
2025-03-09 09:22:27,087 [WARN] PackLoader:240 - Cannot read IP mode file for STMicroelectronics.X-CUBE-AZRTOS-G4.2.0.0
2025-03-09 09:22:27,098 [WARN] PackLoader:240 - Cannot read IP mode file for STMicroelectronics.X-CUBE-ISPU.2.0.0
2025-03-09 09:22:27,101 [ERROR] Engine:466 - C:\Users\rsridx\.stm32cubemx\thirdparties\pdsc\STMicroelectronics.X-CUBE-IPS.3.1.0.pdsc: PDSC version is not supported
2025-03-09 09:22:27,104 [WARN] PackLoader:240 - Cannot read IP mode file for STMicroelectronics.X-CUBE-ALS.1.0.2
2025-03-09 09:22:27,130 [WARN] PackLoader:240 - Cannot read IP mode file for STMicroelectronics.X-CUBE-MEMS1.10.0.0
2025-03-09 09:22:27,235 [WARN] PackLoader:240 - Cannot read IP mode file for STMicroelectronics.X-CUBE-TOUCHGFX.4.24.0
2025-03-09 09:22:27,238 [WARN] PackLoader:240 - Cannot read IP mode file for STMicroelectronics.X-CUBE-TOUCHGFX.4.24.2
2025-03-09 09:22:27,240 [WARN] PackLoader:240 - Cannot read IP mode file for STMicroelectronics.X-CUBE-TOUCHGFX.4.24.1
2025-03-09 09:22:27,244 [WARN] PackLoader:240 - Cannot read IP mode file for portGmbH.I-Cube-SoM-uGOAL.1.1.0
2025-03-09 09:22:27,247 [WARN] PackLoader:240 - Cannot read IP mode file for STMicroelectronics.X-CUBE-ALS.1.0.1
2025-03-09 09:22:27,259 [WARN] PackLoader:240 - Cannot read IP mode file for STMicroelectronics.X-CUBE-AZRTOS-H7RS.1.0.0
2025-03-09 09:22:27,264 [WARN] PackLoader:240 - Cannot read IP mode file for STMicroelectronics.FP-ATR-ASTRA1.2.0.0
2025-03-09 09:22:27,272 [WARN] PackLoader:240 - Cannot read IP mode file for STMicroelectronics.X-CUBE-TOF1.3.4.2
2025-03-09 09:22:27,285 [WARN] PackLoader:240 - Cannot read IP mode file for STMicroelectronics.X-CUBE-TOF1.3.4.1
2025-03-09 09:22:27,313 [WARN] PackLoader:240 - Cannot read IP mode file for STMicroelectronics.X-CUBE-AZRTOS-H7.3.2.0
2025-03-09 09:22:27,323 [WARN] PackLoader:240 - Cannot read IP mode file for Infineon.AIROC-Wi-Fi-Bluetooth-STM32.1.6.0
2025-03-09 09:22:27,331 [WARN] PackLoader:240 - Cannot read IP mode file for wolfSSL.I-CUBE-wolfSSH.1.4.17
2025-03-09 09:22:27,332 [INFO] ThirdParty:978 - Integrity check success = true
2025-03-09 09:22:27,332 [INFO] IntegrityCheckThread:100 - exiting critical section [integrity check]
2025-03-09 09:22:27,332 [INFO] IntegrityCheckThread:103 - End integrity checks thread
2025-03-09 09:22:27,379 [INFO] WebApp:192 - Starting web application
2025-03-09 09:22:27,379 [INFO] WebApp:544 - Web application path used C:\ST\STM32CubeIDE_1.15.0\STM32CubeIDE\plugins\com.st.stm32cube.common.mx_6.11.0.202403141607\db\plugins\mcufinder\reactClient1\index.html
2025-03-09 09:22:29,015 [ERROR] LogOutputStream:75 - [STDERR_REDIRECT] [Fatal Error] :1:1: Premature end of file.
2025-03-09 09:22:29,016 [ERROR] LogOutputStream:75 - [STDERR_REDIRECT] 
2025-03-09 09:22:29,980 [ERROR] LogOutputStream:75 - [STDERR_REDIRECT] [Fatal Error] :1:1: Premature end of file.
2025-03-09 09:22:29,980 [ERROR] LogOutputStream:75 - [STDERR_REDIRECT] 
2025-03-09 09:22:30,993 [ERROR] LogOutputStream:75 - [STDERR_REDIRECT] [Fatal Error] :1:1: Premature end of file.
2025-03-09 09:22:30,993 [ERROR] LogOutputStream:75 - [STDERR_REDIRECT] 
2025-03-09 09:22:31,960 [ERROR] LogOutputStream:75 - [STDERR_REDIRECT] [Fatal Error] :1:1: Premature end of file.
2025-03-09 09:22:31,961 [ERROR] LogOutputStream:75 - [STDERR_REDIRECT] 
2025-03-09 09:22:32,985 [ERROR] LogOutputStream:75 - [STDERR_REDIRECT] [Fatal Error] :1:1: Premature end of file.
2025-03-09 09:22:32,985 [ERROR] LogOutputStream:75 - [STDERR_REDIRECT] 
2025-03-09 09:22:33,969 [ERROR] LogOutputStream:75 - [STDERR_REDIRECT] [Fatal Error] :1:1: Premature end of file.
2025-03-09 09:22:33,970 [ERROR] LogOutputStream:75 - [STDERR_REDIRECT] 
2025-03-09 09:22:34,988 [ERROR] LogOutputStream:75 - [STDERR_REDIRECT] [Fatal Error] :1:1: Premature end of file.
2025-03-09 09:22:34,988 [ERROR] LogOutputStream:75 - [STDERR_REDIRECT] 
2025-03-09 09:22:35,967 [ERROR] LogOutputStream:75 - [STDERR_REDIRECT] [Fatal Error] :1:1: Premature end of file.
2025-03-09 09:22:35,967 [ERROR] LogOutputStream:75 - [STDERR_REDIRECT] 
2025-03-09 09:22:36,999 [ERROR] LogOutputStream:75 - [STDERR_REDIRECT] [Fatal Error] :1:1: Premature end of file.
2025-03-09 09:22:36,999 [ERROR] LogOutputStream:75 - [STDERR_REDIRECT] 
2025-03-09 09:22:37,986 [ERROR] LogOutputStream:75 - [STDERR_REDIRECT] [Fatal Error] :1:1: Premature end of file.
2025-03-09 09:22:37,986 [ERROR] LogOutputStream:75 - [STDERR_REDIRECT] 
2025-03-09 09:22:38,985 [ERROR] LogOutputStream:75 - [STDERR_REDIRECT] [Fatal Error] :1:1: Premature end of file.
2025-03-09 09:22:38,986 [ERROR] LogOutputStream:75 - [STDERR_REDIRECT] 
2025-03-09 09:22:39,988 [ERROR] LogOutputStream:75 - [STDERR_REDIRECT] [Fatal Error] :1:1: Premature end of file.
2025-03-09 09:22:39,988 [ERROR] LogOutputStream:75 - [STDERR_REDIRECT] 
2025-03-09 09:22:40,995 [ERROR] LogOutputStream:75 - [STDERR_REDIRECT] [Fatal Error] :1:1: Premature end of file.
2025-03-09 09:22:40,995 [ERROR] LogOutputStream:75 - [STDERR_REDIRECT] 
2025-03-09 09:22:42,038 [ERROR] LogOutputStream:75 - [STDERR_REDIRECT] [Fatal Error] :1:1: Premature end of file.
2025-03-09 09:22:42,038 [ERROR] LogOutputStream:75 - [STDERR_REDIRECT] 
2025-03-09 09:22:42,962 [ERROR] LogOutputStream:75 - [STDERR_REDIRECT] [Fatal Error] :1:1: Premature end of file.
2025-03-09 09:22:42,963 [ERROR] LogOutputStream:75 - [STDERR_REDIRECT] 
2025-03-09 09:22:43,997 [ERROR] LogOutputStream:75 - [STDERR_REDIRECT] [Fatal Error] :1:1: Premature end of file.
2025-03-09 09:22:43,998 [ERROR] LogOutputStream:75 - [STDERR_REDIRECT] 
2025-03-09 09:22:44,985 [ERROR] LogOutputStream:75 - [STDERR_REDIRECT] [Fatal Error] :1:1: Premature end of file.
2025-03-09 09:22:44,985 [ERROR] LogOutputStream:75 - [STDERR_REDIRECT] 
2025-03-09 09:22:45,998 [ERROR] LogOutputStream:75 - [STDERR_REDIRECT] [Fatal Error] :1:1: Premature end of file.
2025-03-09 09:22:45,998 [ERROR] LogOutputStream:75 - [STDERR_REDIRECT] 
2025-03-09 09:22:47,013 [ERROR] LogOutputStream:75 - [STDERR_REDIRECT] [Fatal Error] :1:1: Premature end of file.
2025-03-09 09:22:47,014 [ERROR] LogOutputStream:75 - [STDERR_REDIRECT] 
2025-03-09 09:22:47,983 [ERROR] LogOutputStream:75 - [STDERR_REDIRECT] [Fatal Error] :1:1: Premature end of file.
2025-03-09 09:22:47,983 [ERROR] LogOutputStream:75 - [STDERR_REDIRECT] 
2025-03-09 09:22:48,964 [ERROR] LogOutputStream:75 - [STDERR_REDIRECT] [Fatal Error] :1:1: Premature end of file.
2025-03-09 09:22:48,965 [ERROR] LogOutputStream:75 - [STDERR_REDIRECT] 
2025-03-09 09:22:49,962 [ERROR] LogOutputStream:75 - [STDERR_REDIRECT] [Fatal Error] :1:1: Premature end of file.
2025-03-09 09:22:49,962 [ERROR] LogOutputStream:75 - [STDERR_REDIRECT] 
2025-03-09 09:22:51,011 [ERROR] LogOutputStream:75 - [STDERR_REDIRECT] [Fatal Error] :1:1: Premature end of file.
2025-03-09 09:22:51,011 [ERROR] LogOutputStream:75 - [STDERR_REDIRECT] 
2025-03-09 09:22:52,013 [ERROR] LogOutputStream:75 - [STDERR_REDIRECT] [Fatal Error] :1:1: Premature end of file.
2025-03-09 09:22:52,014 [ERROR] LogOutputStream:75 - [STDERR_REDIRECT] 
2025-03-09 09:22:52,974 [ERROR] LogOutputStream:75 - [STDERR_REDIRECT] [Fatal Error] :1:1: Premature end of file.
2025-03-09 09:22:52,974 [ERROR] LogOutputStream:75 - [STDERR_REDIRECT] 
2025-03-09 09:22:53,963 [ERROR] LogOutputStream:75 - [STDERR_REDIRECT] [Fatal Error] :1:1: Premature end of file.
2025-03-09 09:22:53,963 [ERROR] LogOutputStream:75 - [STDERR_REDIRECT] 
2025-03-09 09:22:54,941 [ERROR] LogOutputStream:75 - [STDERR_REDIRECT] [Fatal Error] :1:1: Premature end of file.
2025-03-09 09:22:54,941 [ERROR] LogOutputStream:75 - [STDERR_REDIRECT] 
2025-03-09 09:22:55,941 [ERROR] LogOutputStream:75 - [STDERR_REDIRECT] [Fatal Error] :1:1: Premature end of file.
2025-03-09 09:22:55,941 [ERROR] LogOutputStream:75 - [STDERR_REDIRECT] 
2025-03-09 09:22:56,991 [ERROR] LogOutputStream:75 - [STDERR_REDIRECT] [Fatal Error] :1:1: Premature end of file.
2025-03-09 09:22:56,991 [ERROR] LogOutputStream:75 - [STDERR_REDIRECT] 
2025-03-09 09:22:57,944 [ERROR] LogOutputStream:75 - [STDERR_REDIRECT] [Fatal Error] :1:1: Premature end of file.
2025-03-09 09:22:57,945 [ERROR] LogOutputStream:75 - [STDERR_REDIRECT] 
2025-03-09 09:22:58,975 [ERROR] LogOutputStream:75 - [STDERR_REDIRECT] [Fatal Error] :1:1: Premature end of file.
2025-03-09 09:22:58,977 [ERROR] LogOutputStream:75 - [STDERR_REDIRECT] 
2025-03-09 09:22:59,988 [ERROR] LogOutputStream:75 - [STDERR_REDIRECT] [Fatal Error] :1:1: Premature end of file.
2025-03-09 09:22:59,988 [ERROR] LogOutputStream:75 - [STDERR_REDIRECT] 
2025-03-09 09:23:00,965 [ERROR] LogOutputStream:75 - [STDERR_REDIRECT] [Fatal Error] :1:1: Premature end of file.
2025-03-09 09:23:00,965 [ERROR] LogOutputStream:75 - [STDERR_REDIRECT] 
2025-03-09 09:23:02,020 [ERROR] LogOutputStream:75 - [STDERR_REDIRECT] [Fatal Error] :1:1: Premature end of file.
2025-03-09 09:23:02,020 [ERROR] LogOutputStream:75 - [STDERR_REDIRECT] 
2025-03-09 09:23:02,978 [ERROR] LogOutputStream:75 - [STDERR_REDIRECT] [Fatal Error] :1:1: Premature end of file.
2025-03-09 09:23:02,979 [ERROR] LogOutputStream:75 - [STDERR_REDIRECT] 
2025-03-09 09:23:03,970 [ERROR] LogOutputStream:75 - [STDERR_REDIRECT] [Fatal Error] :1:1: Premature end of file.
2025-03-09 09:23:03,970 [ERROR] LogOutputStream:75 - [STDERR_REDIRECT] 
2025-03-09 09:23:04,976 [ERROR] LogOutputStream:75 - [STDERR_REDIRECT] [Fatal Error] :1:1: Premature end of file.
2025-03-09 09:23:04,977 [ERROR] LogOutputStream:75 - [STDERR_REDIRECT] 
2025-03-09 09:23:05,986 [ERROR] LogOutputStream:75 - [STDERR_REDIRECT] [Fatal Error] :1:1: Premature end of file.
2025-03-09 09:23:05,986 [ERROR] LogOutputStream:75 - [STDERR_REDIRECT] 
2025-03-09 09:23:07,002 [ERROR] LogOutputStream:75 - [STDERR_REDIRECT] [Fatal Error] :1:1: Premature end of file.
2025-03-09 09:23:07,002 [ERROR] LogOutputStream:75 - [STDERR_REDIRECT] 
2025-03-09 09:23:07,966 [ERROR] LogOutputStream:75 - [STDERR_REDIRECT] [Fatal Error] :1:1: Premature end of file.
2025-03-09 09:23:07,967 [ERROR] LogOutputStream:75 - [STDERR_REDIRECT] 
2025-03-09 09:23:08,990 [ERROR] LogOutputStream:75 - [STDERR_REDIRECT] [Fatal Error] :1:1: Premature end of file.
2025-03-09 09:23:08,991 [ERROR] LogOutputStream:75 - [STDERR_REDIRECT] 
2025-03-09 09:23:09,957 [ERROR] LogOutputStream:75 - [STDERR_REDIRECT] [Fatal Error] :1:1: Premature end of file.
2025-03-09 09:23:09,957 [ERROR] LogOutputStream:75 - [STDERR_REDIRECT] 
2025-03-09 09:23:11,015 [ERROR] LogOutputStream:75 - [STDERR_REDIRECT] [Fatal Error] :1:1: Premature end of file.
2025-03-09 09:23:11,015 [ERROR] LogOutputStream:75 - [STDERR_REDIRECT] 
2025-03-09 09:23:11,955 [ERROR] LogOutputStream:75 - [STDERR_REDIRECT] [Fatal Error] :1:1: Premature end of file.
2025-03-09 09:23:11,955 [ERROR] LogOutputStream:75 - [STDERR_REDIRECT] 
2025-03-09 09:23:12,967 [ERROR] LogOutputStream:75 - [STDERR_REDIRECT] [Fatal Error] :1:1: Premature end of file.
2025-03-09 09:23:12,968 [ERROR] LogOutputStream:75 - [STDERR_REDIRECT] 
2025-03-09 09:23:13,995 [ERROR] LogOutputStream:75 - [STDERR_REDIRECT] [Fatal Error] :1:1: Premature end of file.
2025-03-09 09:23:13,995 [ERROR] LogOutputStream:75 - [STDERR_REDIRECT] 
2025-03-09 09:23:15,024 [ERROR] LogOutputStream:75 - [STDERR_REDIRECT] [Fatal Error] :1:1: Premature end of file.
2025-03-09 09:23:15,024 [ERROR] LogOutputStream:75 - [STDERR_REDIRECT] 
2025-03-09 09:23:15,972 [ERROR] LogOutputStream:75 - [STDERR_REDIRECT] [Fatal Error] :1:1: Premature end of file.
2025-03-09 09:23:15,972 [ERROR] LogOutputStream:75 - [STDERR_REDIRECT] 
2025-03-09 09:23:16,991 [ERROR] LogOutputStream:75 - [STDERR_REDIRECT] [Fatal Error] :1:1: Premature end of file.
2025-03-09 09:23:16,992 [ERROR] LogOutputStream:75 - [STDERR_REDIRECT] 
2025-03-09 09:23:17,956 [ERROR] LogOutputStream:75 - [STDERR_REDIRECT] [Fatal Error] :1:1: Premature end of file.
2025-03-09 09:23:17,957 [ERROR] LogOutputStream:75 - [STDERR_REDIRECT] 
2025-03-09 09:23:18,958 [ERROR] LogOutputStream:75 - [STDERR_REDIRECT] [Fatal Error] :1:1: Premature end of file.
2025-03-09 09:23:18,958 [ERROR] LogOutputStream:75 - [STDERR_REDIRECT] 
2025-03-09 09:23:19,945 [ERROR] LogOutputStream:75 - [STDERR_REDIRECT] [Fatal Error] :1:1: Premature end of file.
2025-03-09 09:23:19,945 [ERROR] LogOutputStream:75 - [STDERR_REDIRECT] 
2025-03-09 09:23:20,945 [ERROR] LogOutputStream:75 - [STDERR_REDIRECT] [Fatal Error] :1:1: Premature end of file.
2025-03-09 09:23:20,945 [ERROR] LogOutputStream:75 - [STDERR_REDIRECT] 
2025-03-09 09:23:22,033 [ERROR] LogOutputStream:75 - [STDERR_REDIRECT] [Fatal Error] :1:1: Premature end of file.
2025-03-09 09:23:22,034 [ERROR] LogOutputStream:75 - [STDERR_REDIRECT] 
2025-03-09 09:23:23,031 [ERROR] LogOutputStream:75 - [STDERR_REDIRECT] [Fatal Error] :1:1: Premature end of file.
2025-03-09 09:23:23,032 [ERROR] LogOutputStream:75 - [STDERR_REDIRECT] 
2025-03-09 09:23:23,953 [ERROR] LogOutputStream:75 - [STDERR_REDIRECT] [Fatal Error] :1:1: Premature end of file.
2025-03-09 09:23:23,953 [ERROR] LogOutputStream:75 - [STDERR_REDIRECT] 
2025-03-09 09:23:24,990 [ERROR] LogOutputStream:75 - [STDERR_REDIRECT] [Fatal Error] :1:1: Premature end of file.
2025-03-09 09:23:24,990 [ERROR] LogOutputStream:75 - [STDERR_REDIRECT] 
2025-03-09 09:23:25,947 [ERROR] LogOutputStream:75 - [STDERR_REDIRECT] [Fatal Error] :1:1: Premature end of file.
2025-03-09 09:23:25,948 [ERROR] LogOutputStream:75 - [STDERR_REDIRECT] 
2025-03-09 09:23:27,029 [ERROR] LogOutputStream:75 - [STDERR_REDIRECT] [Fatal Error] :1:1: Premature end of file.
2025-03-09 09:23:27,029 [ERROR] LogOutputStream:75 - [STDERR_REDIRECT] 
2025-03-09 09:23:27,997 [ERROR] LogOutputStream:75 - [STDERR_REDIRECT] [Fatal Error] :1:1: Premature end of file.
2025-03-09 09:23:27,998 [ERROR] LogOutputStream:75 - [STDERR_REDIRECT] 
2025-03-09 09:23:28,949 [ERROR] LogOutputStream:75 - [STDERR_REDIRECT] [Fatal Error] :1:1: Premature end of file.
2025-03-09 09:23:28,949 [ERROR] LogOutputStream:75 - [STDERR_REDIRECT] 
2025-03-09 09:23:29,952 [ERROR] LogOutputStream:75 - [STDERR_REDIRECT] [Fatal Error] :1:1: Premature end of file.
2025-03-09 09:23:29,952 [ERROR] LogOutputStream:75 - [STDERR_REDIRECT] 
2025-03-09 09:23:30,996 [ERROR] LogOutputStream:75 - [STDERR_REDIRECT] [Fatal Error] :1:1: Premature end of file.
2025-03-09 09:23:30,996 [ERROR] LogOutputStream:75 - [STDERR_REDIRECT] 
2025-03-09 09:23:31,956 [ERROR] LogOutputStream:75 - [STDERR_REDIRECT] [Fatal Error] :1:1: Premature end of file.
2025-03-09 09:23:31,957 [ERROR] LogOutputStream:75 - [STDERR_REDIRECT] 
2025-03-09 09:23:33,001 [ERROR] LogOutputStream:75 - [STDERR_REDIRECT] [Fatal Error] :1:1: Premature end of file.
2025-03-09 09:23:33,001 [ERROR] LogOutputStream:75 - [STDERR_REDIRECT] 
2025-03-09 09:23:33,959 [ERROR] LogOutputStream:75 - [STDERR_REDIRECT] [Fatal Error] :1:1: Premature end of file.
2025-03-09 09:23:33,959 [ERROR] LogOutputStream:75 - [STDERR_REDIRECT] 
2025-03-09 09:23:34,959 [ERROR] LogOutputStream:75 - [STDERR_REDIRECT] [Fatal Error] :1:1: Premature end of file.
2025-03-09 09:23:34,960 [ERROR] LogOutputStream:75 - [STDERR_REDIRECT] 
2025-03-09 09:23:35,965 [ERROR] LogOutputStream:75 - [STDERR_REDIRECT] [Fatal Error] :1:1: Premature end of file.
2025-03-09 09:23:35,967 [ERROR] LogOutputStream:75 - [STDERR_REDIRECT] 
2025-03-09 09:23:36,940 [ERROR] LogOutputStream:75 - [STDERR_REDIRECT] [Fatal Error] :1:1: Premature end of file.
2025-03-09 09:23:36,941 [ERROR] LogOutputStream:75 - [STDERR_REDIRECT] 
2025-03-09 09:23:37,942 [ERROR] LogOutputStream:75 - [STDERR_REDIRECT] [Fatal Error] :1:1: Premature end of file.
2025-03-09 09:23:37,943 [ERROR] LogOutputStream:75 - [STDERR_REDIRECT] 
2025-03-09 09:23:38,947 [ERROR] LogOutputStream:75 - [STDERR_REDIRECT] [Fatal Error] :1:1: Premature end of file.
2025-03-09 09:23:38,950 [ERROR] LogOutputStream:75 - [STDERR_REDIRECT] 
2025-03-09 09:23:39,960 [ERROR] LogOutputStream:75 - [STDERR_REDIRECT] [Fatal Error] :1:1: Premature end of file.
2025-03-09 09:23:39,962 [ERROR] LogOutputStream:75 - [STDERR_REDIRECT] 
2025-03-09 09:23:40,957 [ERROR] LogOutputStream:75 - [STDERR_REDIRECT] [Fatal Error] :1:1: Premature end of file.
2025-03-09 09:23:40,959 [ERROR] LogOutputStream:75 - [STDERR_REDIRECT] 
2025-03-09 09:23:42,047 [ERROR] LogOutputStream:75 - [STDERR_REDIRECT] [Fatal Error] :1:1: Premature end of file.
2025-03-09 09:23:42,049 [ERROR] LogOutputStream:75 - [STDERR_REDIRECT] 
2025-03-09 09:23:42,950 [ERROR] LogOutputStream:75 - [STDERR_REDIRECT] [Fatal Error] :1:1: Premature end of file.
2025-03-09 09:23:42,950 [ERROR] LogOutputStream:75 - [STDERR_REDIRECT] 
2025-03-09 09:23:43,956 [ERROR] LogOutputStream:75 - [STDERR_REDIRECT] [Fatal Error] :1:1: Premature end of file.
2025-03-09 09:23:43,959 [ERROR] LogOutputStream:75 - [STDERR_REDIRECT] 
2025-03-09 09:23:44,973 [ERROR] LogOutputStream:75 - [STDERR_REDIRECT] [Fatal Error] :1:1: Premature end of file.
2025-03-09 09:23:44,976 [ERROR] LogOutputStream:75 - [STDERR_REDIRECT] 
2025-03-09 09:23:45,956 [ERROR] LogOutputStream:75 - [STDERR_REDIRECT] [Fatal Error] :1:1: Premature end of file.
2025-03-09 09:23:45,957 [ERROR] LogOutputStream:75 - [STDERR_REDIRECT] 
2025-03-09 09:23:46,968 [ERROR] LogOutputStream:75 - [STDERR_REDIRECT] [Fatal Error] :1:1: Premature end of file.
2025-03-09 09:23:46,970 [ERROR] LogOutputStream:75 - [STDERR_REDIRECT] 
2025-03-09 09:23:47,950 [ERROR] LogOutputStream:75 - [STDERR_REDIRECT] [Fatal Error] :1:1: Premature end of file.
2025-03-09 09:23:47,951 [ERROR] LogOutputStream:75 - [STDERR_REDIRECT] 
2025-03-09 09:23:48,951 [ERROR] LogOutputStream:75 - [STDERR_REDIRECT] [Fatal Error] :1:1: Premature end of file.
2025-03-09 09:23:48,951 [ERROR] LogOutputStream:75 - [STDERR_REDIRECT] 
2025-03-09 09:23:49,946 [ERROR] LogOutputStream:75 - [STDERR_REDIRECT] [Fatal Error] :1:1: Premature end of file.
2025-03-09 09:23:49,946 [ERROR] LogOutputStream:75 - [STDERR_REDIRECT] 
2025-03-09 09:23:50,965 [ERROR] LogOutputStream:75 - [STDERR_REDIRECT] [Fatal Error] :1:1: Premature end of file.
2025-03-09 09:23:50,967 [ERROR] LogOutputStream:75 - [STDERR_REDIRECT] 
2025-03-09 09:23:51,951 [ERROR] LogOutputStream:75 - [STDERR_REDIRECT] [Fatal Error] :1:1: Premature end of file.
2025-03-09 09:23:51,951 [ERROR] LogOutputStream:75 - [STDERR_REDIRECT] 
2025-03-09 09:23:52,942 [ERROR] LogOutputStream:75 - [STDERR_REDIRECT] [Fatal Error] :1:1: Premature end of file.
2025-03-09 09:23:52,942 [ERROR] LogOutputStream:75 - [STDERR_REDIRECT] 
2025-03-09 09:23:54,021 [ERROR] LogOutputStream:75 - [STDERR_REDIRECT] [Fatal Error] :1:1: Premature end of file.
2025-03-09 09:23:54,022 [ERROR] LogOutputStream:75 - [STDERR_REDIRECT] 
2025-03-09 09:23:54,964 [ERROR] LogOutputStream:75 - [STDERR_REDIRECT] [Fatal Error] :1:1: Premature end of file.
2025-03-09 09:23:54,964 [ERROR] LogOutputStream:75 - [STDERR_REDIRECT] 
2025-03-09 09:23:56,004 [ERROR] LogOutputStream:75 - [STDERR_REDIRECT] [Fatal Error] :1:1: Premature end of file.
2025-03-09 09:23:56,005 [ERROR] LogOutputStream:75 - [STDERR_REDIRECT] 
2025-03-09 09:23:57,032 [ERROR] LogOutputStream:75 - [STDERR_REDIRECT] [Fatal Error] :1:1: Premature end of file.
2025-03-09 09:23:57,032 [ERROR] LogOutputStream:75 - [STDERR_REDIRECT] 
2025-03-09 09:23:57,968 [ERROR] LogOutputStream:75 - [STDERR_REDIRECT] [Fatal Error] :1:1: Premature end of file.
2025-03-09 09:23:57,969 [ERROR] LogOutputStream:75 - [STDERR_REDIRECT] 
2025-03-09 09:23:59,027 [ERROR] LogOutputStream:75 - [STDERR_REDIRECT] [Fatal Error] :1:1: Premature end of file.
2025-03-09 09:23:59,027 [ERROR] LogOutputStream:75 - [STDERR_REDIRECT] 
2025-03-09 09:23:59,992 [ERROR] LogOutputStream:75 - [STDERR_REDIRECT] [Fatal Error] :1:1: Premature end of file.
2025-03-09 09:23:59,992 [ERROR] LogOutputStream:75 - [STDERR_REDIRECT] 
2025-03-09 09:24:01,012 [ERROR] LogOutputStream:75 - [STDERR_REDIRECT] [Fatal Error] :1:1: Premature end of file.
2025-03-09 09:24:01,012 [ERROR] LogOutputStream:75 - [STDERR_REDIRECT] 
2025-03-09 09:24:02,008 [ERROR] LogOutputStream:75 - [STDERR_REDIRECT] [Fatal Error] :1:1: Premature end of file.
2025-03-09 09:24:02,008 [ERROR] LogOutputStream:75 - [STDERR_REDIRECT] 
2025-03-09 09:24:02,971 [ERROR] LogOutputStream:75 - [STDERR_REDIRECT] [Fatal Error] :1:1: Premature end of file.
2025-03-09 09:24:02,972 [ERROR] LogOutputStream:75 - [STDERR_REDIRECT] 
2025-03-09 09:24:03,997 [ERROR] LogOutputStream:75 - [STDERR_REDIRECT] [Fatal Error] :1:1: Premature end of file.
2025-03-09 09:24:03,997 [ERROR] LogOutputStream:75 - [STDERR_REDIRECT] 
2025-03-09 09:24:04,964 [ERROR] LogOutputStream:75 - [STDERR_REDIRECT] [Fatal Error] :1:1: Premature end of file.
2025-03-09 09:24:04,964 [ERROR] LogOutputStream:75 - [STDERR_REDIRECT] 
2025-03-09 09:24:05,966 [ERROR] LogOutputStream:75 - [STDERR_REDIRECT] [Fatal Error] :1:1: Premature end of file.
2025-03-09 09:24:05,966 [ERROR] LogOutputStream:75 - [STDERR_REDIRECT] 
2025-03-09 09:24:06,965 [ERROR] LogOutputStream:75 - [STDERR_REDIRECT] [Fatal Error] :1:1: Premature end of file.
2025-03-09 09:24:06,967 [ERROR] LogOutputStream:75 - [STDERR_REDIRECT] 
2025-03-09 09:24:07,997 [ERROR] LogOutputStream:75 - [STDERR_REDIRECT] [Fatal Error] :1:1: Premature end of file.
2025-03-09 09:24:07,997 [ERROR] LogOutputStream:75 - [STDERR_REDIRECT] 
2025-03-09 09:24:09,063 [ERROR] LogOutputStream:75 - [STDERR_REDIRECT] [Fatal Error] :1:1: Premature end of file.
2025-03-09 09:24:09,063 [ERROR] LogOutputStream:75 - [STDERR_REDIRECT] 
2025-03-09 09:24:09,966 [ERROR] LogOutputStream:75 - [STDERR_REDIRECT] [Fatal Error] :1:1: Premature end of file.
2025-03-09 09:24:09,966 [ERROR] LogOutputStream:75 - [STDERR_REDIRECT] 
2025-03-09 09:24:10,997 [ERROR] LogOutputStream:75 - [STDERR_REDIRECT] [Fatal Error] :1:1: Premature end of file.
2025-03-09 09:24:10,997 [ERROR] LogOutputStream:75 - [STDERR_REDIRECT] 
2025-03-09 09:24:11,990 [ERROR] LogOutputStream:75 - [STDERR_REDIRECT] [Fatal Error] :1:1: Premature end of file.
2025-03-09 09:24:11,990 [ERROR] LogOutputStream:75 - [STDERR_REDIRECT] 
2025-03-09 09:24:13,033 [ERROR] LogOutputStream:75 - [STDERR_REDIRECT] [Fatal Error] :1:1: Premature end of file.
2025-03-09 09:24:13,033 [ERROR] LogOutputStream:75 - [STDERR_REDIRECT] 
2025-03-09 09:24:13,973 [ERROR] LogOutputStream:75 - [STDERR_REDIRECT] [Fatal Error] :1:1: Premature end of file.
2025-03-09 09:24:13,973 [ERROR] LogOutputStream:75 - [STDERR_REDIRECT] 
2025-03-09 09:24:15,016 [ERROR] LogOutputStream:75 - [STDERR_REDIRECT] [Fatal Error] :1:1: Premature end of file.
2025-03-09 09:24:15,016 [ERROR] LogOutputStream:75 - [STDERR_REDIRECT] 
2025-03-09 09:24:15,998 [ERROR] LogOutputStream:75 - [STDERR_REDIRECT] [Fatal Error] :1:1: Premature end of file.
2025-03-09 09:24:15,998 [ERROR] LogOutputStream:75 - [STDERR_REDIRECT] 
2025-03-09 09:24:16,975 [ERROR] LogOutputStream:75 - [STDERR_REDIRECT] [Fatal Error] :1:1: Premature end of file.
2025-03-09 09:24:16,976 [ERROR] LogOutputStream:75 - [STDERR_REDIRECT] 
2025-03-09 09:24:17,988 [ERROR] LogOutputStream:75 - [STDERR_REDIRECT] [Fatal Error] :1:1: Premature end of file.
2025-03-09 09:24:17,989 [ERROR] LogOutputStream:75 - [STDERR_REDIRECT] 
2025-03-09 09:24:19,014 [ERROR] LogOutputStream:75 - [STDERR_REDIRECT] 
