2025-03-30 17:17:34,416 [INFO] Activator:176 - 


2025-03-30 17:17:34,418 [INFO] Activator:177 - !SESSION log4j initialized
2025-03-30 17:17:37,520 [INFO] LogOutputStream:77 - [STDOUT_REDIRECT] 
2025-03-30 17:17:39,959 [INFO] ApplicationProperties:184 - Using Application install path: C:\ST\STM32CubeIDE_1.15.0\STM32CubeIDE\plugins\com.st.stm32cube.common.mx_6.11.0.202403141607
2025-03-30 17:17:39,979 [INFO] DbMcusXml:78 - Set database path to: C:\ST\STM32CubeIDE_1.15.0\STM32CubeIDE\plugins\com.st.stm32cube.common.mx_6.11.0.202403141607\\db\/mcu/
2025-03-30 17:17:39,979 [INFO] ApiDb:274 - Set plugin database path to: C:\ST\STM32CubeIDE_1.15.0\STM32CubeIDE\plugins\com.st.stm32cube.common.mx_6.11.0.202403141607\\db\/plugins/boardmanager/
2025-03-30 17:17:39,979 [WARN] ApiDb:259 - Overriding images path with different value:  => C:\ST\STM32CubeIDE_1.15.0\STM32CubeIDE\plugins\com.st.stm32cube.common.mx_6.11.0.202403141607\\db\/plugins/mcufinder/images/
2025-03-30 17:17:39,998 [INFO] ApiDb:250 - Set database path to: C:\Users\rsridx\.stmcufinder\plugins\mcufinder//mcu/
2025-03-30 17:17:40,000 [INFO] DbMcusAds:125 - Set database path to: C:\Users\rsridx\.stmcufinder\plugins\mcufinder//mcu/
2025-03-30 17:17:40,003 [INFO] CrossReferenceDbSqlite:203 - Set database path to: C:\Users\rsridx\.stmcufinder\plugins\mcufinder//mcu/cs/
2025-03-30 17:17:40,203 [INFO] RulesReader:64 - Compatibility file has been processed (297 Rules)
2025-03-30 17:17:40,370 [INFO] DbMcusXml:78 - Set database path to: C:\ST\STM32CubeIDE_1.15.0\STM32CubeIDE\plugins\com.st.stm32cube.common.mx_6.11.0.202403141607\\db\/mcu/
2025-03-30 17:17:40,370 [INFO] ApiDb:274 - Set plugin database path to: C:\ST\STM32CubeIDE_1.15.0\STM32CubeIDE\plugins\com.st.stm32cube.common.mx_6.11.0.202403141607\\db\/plugins/boardmanager/
2025-03-30 17:17:40,371 [INFO] ApiDb:261 - Set plugin images path to: C:\ST\STM32CubeIDE_1.15.0\STM32CubeIDE\plugins\com.st.stm32cube.common.mx_6.11.0.202403141607\\db\/plugins/mcufinder/images/
2025-03-30 17:17:40,371 [WARN] DbFile:41 - Overriding database path with different value: C:\Users\rsridx\.stmcufinder\plugins\mcufinder/ => C:\Users\rsridx\.stmcufinder\plugins\mcufinder
2025-03-30 17:17:40,371 [INFO] ApiDb:250 - Set database path to: C:\Users\rsridx\.stmcufinder\plugins\mcufinder//mcu/
2025-03-30 17:17:40,371 [WARN] DbFile:41 - Overriding database path with different value: C:\Users\rsridx\.stmcufinder\plugins\mcufinder/ => C:\Users\rsridx\.stmcufinder\plugins\mcufinder
2025-03-30 17:17:40,371 [INFO] DbMcusAds:125 - Set database path to: C:\Users\rsridx\.stmcufinder\plugins\mcufinder//mcu/
2025-03-30 17:17:40,371 [WARN] DbFile:41 - Overriding database path with different value: C:\Users\rsridx\.stmcufinder\plugins\mcufinder/ => C:\Users\rsridx\.stmcufinder\plugins\mcufinder
2025-03-30 17:17:40,371 [WARN] DbFile:41 - Overriding database path with different value: C:\Users\rsridx\.stmcufinder\plugins\mcufinder/ => C:\Users\rsridx\.stmcufinder\plugins\mcufinder
2025-03-30 17:17:40,371 [INFO] CrossReferenceDbSqlite:203 - Set database path to: C:\Users\rsridx\.stmcufinder\plugins\mcufinder//mcu/cs/
2025-03-30 17:17:40,471 [INFO] MainPanel:264 - HeapMemory: 268435456
2025-03-30 17:17:40,539 [INFO] DbMcusXml:78 - Set database path to: C:\ST\STM32CubeIDE_1.15.0\STM32CubeIDE\plugins\com.st.stm32cube.common.mx_6.11.0.202403141607\\db\/mcu/
2025-03-30 17:17:40,540 [INFO] ApiDb:274 - Set plugin database path to: C:\ST\STM32CubeIDE_1.15.0\STM32CubeIDE\plugins\com.st.stm32cube.common.mx_6.11.0.202403141607\\db\/plugins/boardmanager/
2025-03-30 17:17:40,540 [INFO] ApiDb:261 - Set plugin images path to: C:\ST\STM32CubeIDE_1.15.0\STM32CubeIDE\plugins\com.st.stm32cube.common.mx_6.11.0.202403141607\\db\/plugins/mcufinder/images/
2025-03-30 17:17:40,540 [WARN] DbFile:41 - Overriding database path with different value: C:\Users\rsridx\.stmcufinder\plugins\mcufinder/ => C:\Users\rsridx\.stmcufinder\plugins\mcufinder
2025-03-30 17:17:40,540 [INFO] ApiDb:250 - Set database path to: C:\Users\rsridx\.stmcufinder\plugins\mcufinder//mcu/
2025-03-30 17:17:40,540 [WARN] DbFile:41 - Overriding database path with different value: C:\Users\rsridx\.stmcufinder\plugins\mcufinder/ => C:\Users\rsridx\.stmcufinder\plugins\mcufinder
2025-03-30 17:17:40,541 [INFO] DbMcusAds:125 - Set database path to: C:\Users\rsridx\.stmcufinder\plugins\mcufinder//mcu/
2025-03-30 17:17:40,541 [WARN] DbFile:41 - Overriding database path with different value: C:\Users\rsridx\.stmcufinder\plugins\mcufinder/ => C:\Users\rsridx\.stmcufinder\plugins\mcufinder
2025-03-30 17:17:40,541 [WARN] DbFile:41 - Overriding database path with different value: C:\Users\rsridx\.stmcufinder\plugins\mcufinder/ => C:\Users\rsridx\.stmcufinder\plugins\mcufinder
2025-03-30 17:17:40,541 [INFO] CrossReferenceDbSqlite:203 - Set database path to: C:\Users\rsridx\.stmcufinder\plugins\mcufinder//mcu/cs/
2025-03-30 17:17:40,556 [INFO] ApplicationProperties:184 - Using Application install path: C:\ST\STM32CubeIDE_1.15.0\STM32CubeIDE\plugins\com.st.stm32cube.common.mx_6.11.0.202403141607
2025-03-30 17:17:40,557 [INFO] PluginManage:196 - Search for loadable plugins [exclusion list=, ]
2025-03-30 17:17:40,558 [INFO] PluginManage:310 - Check plugin analytics
2025-03-30 17:17:40,806 [INFO] AnalyticsPlugin:253 - Accepted Software Licenses: 
2025-03-30 17:17:40,806 [INFO] AnalyticsPlugin:255 - Accepted CMSIS Pack Licenses: 
2025-03-30 17:17:40,806 [INFO] AnalyticsPlugin:257 - Accepted Firmware Licenses: 
2025-03-30 17:17:40,822 [INFO] PluginManage:359 - Loaded plugin analytics (category:tool,tabindex:-1)
2025-03-30 17:17:40,823 [INFO] PluginManage:310 - Check plugin cadmodel
2025-03-30 17:17:40,851 [INFO] CADModel:105 - Init CAD model plugin
2025-03-30 17:17:40,852 [INFO] PluginManage:359 - Loaded plugin cadmodel (category:power,tabindex:5)
2025-03-30 17:17:40,852 [INFO] PluginManage:310 - Check plugin clock
2025-03-30 17:17:40,881 [INFO] PluginManage:359 - Loaded plugin clock (category:base,tabindex:2)
2025-03-30 17:17:40,881 [INFO] PluginManage:310 - Check plugin ddr
2025-03-30 17:17:40,883 [INFO] PluginManage:359 - Loaded plugin ddr (category:tool,tabindex:6)
2025-03-30 17:17:40,883 [INFO] PluginManage:310 - Check plugin filemanager
2025-03-30 17:17:41,016 [INFO] McuFinderGlobals:63 - Set McuFinder mode to 2 (CubeIDE integrated)
2025-03-30 17:17:41,048 [INFO] PluginManage:359 - Loaded plugin filemanager (category:base,tabindex:10)
2025-03-30 17:17:41,048 [INFO] PluginManage:310 - Check plugin ipmanager
2025-03-30 17:17:41,057 [INFO] PluginManage:359 - Loaded plugin ipmanager (category:base,tabindex:5)
2025-03-30 17:17:41,057 [INFO] PluginManage:310 - Check plugin lpbam
2025-03-30 17:17:41,084 [INFO] PluginManage:359 - Loaded plugin lpbam (category:base,tabindex:0)
2025-03-30 17:17:41,084 [INFO] PluginManage:310 - Check plugin memorymap
2025-03-30 17:17:41,143 [INFO] PluginManage:359 - Loaded plugin memorymap (category:base,tabindex:4)
2025-03-30 17:17:41,143 [INFO] PluginManage:310 - Check plugin pinoutandconfiguration
2025-03-30 17:17:41,170 [INFO] PluginManage:359 - Loaded plugin pinoutandconfiguration (category:base,tabindex:1)
2025-03-30 17:17:41,171 [INFO] PluginManage:310 - Check plugin pinoutconfig
2025-03-30 17:17:41,290 [WARN] SupportedApi:132 - Cannot load RTOS API schema: s4s-elt-must-match.1: The content of 'definitions' must match (annotation?, (simpleType | complexType)?, (unique | key | keyref)*)). A problem was found starting at: attribute.
2025-03-30 17:17:41,411 [INFO] PluginManage:359 - Loaded plugin pinoutconfig (category:base,tabindex:0)
2025-03-30 17:17:41,411 [INFO] PluginManage:310 - Check plugin power
2025-03-30 17:17:41,437 [INFO] PluginManage:359 - Loaded plugin power (category:power,tabindex:4)
2025-03-30 17:17:41,437 [INFO] PluginManage:310 - Check plugin projectmanager
2025-03-30 17:17:41,460 [INFO] PluginManage:359 - Loaded plugin projectmanager (category:projectmanager,tabindex:3)
2025-03-30 17:17:41,460 [INFO] PluginManage:310 - Check plugin thirdparty
2025-03-30 17:17:41,804 [INFO] PluginManage:359 - Loaded plugin thirdparty (category:base,tabindex:-1)
2025-03-30 17:17:41,804 [INFO] PluginManage:310 - Check plugin tools
2025-03-30 17:17:41,804 [WARN] IntegrityCheckThread:84 - waiting for thirdparty lock release [integrity check]
2025-03-30 17:17:41,805 [INFO] IntegrityCheckThread:86 - entering critical section [integrity check]
2025-03-30 17:17:41,806 [INFO] ThirdPartyUpdaterWithRetryManager:70 - Updater plugin not ready yet. [1/15]
2025-03-30 17:17:41,860 [INFO] PluginManage:359 - Loaded plugin tools (category:base,tabindex:7)
2025-03-30 17:17:41,860 [INFO] PluginManage:310 - Check plugin tutovideos
2025-03-30 17:17:42,058 [INFO] PluginManage:359 - Loaded plugin tutovideos (category:base,tabindex:-1)
2025-03-30 17:17:42,058 [INFO] PluginManage:310 - Check plugin updater
2025-03-30 17:17:42,079 [INFO] PluginManage:359 - Loaded plugin updater (category:base,tabindex:12)
2025-03-30 17:17:42,079 [INFO] PluginManage:310 - Check plugin userauth
2025-03-30 17:17:42,088 [INFO] UserAuth:114 - Init User Auth plugin
2025-03-30 17:17:42,088 [INFO] PluginManage:359 - Loaded plugin userauth (category:base,tabindex:14)
2025-03-30 17:17:42,090 [INFO] PluginManage:283 - PluginManage : Loaded plugins [17]
2025-03-30 17:17:42,347 [INFO] PinOutPanel:1561 - setPackage(No Configuration,No Configuration)
2025-03-30 17:17:42,416 [INFO] CADModel:165 - CPN selected for project level
2025-03-30 17:17:42,416 [INFO] CADModel:114 - Register for checkConnection events
2025-03-30 17:17:42,449 [INFO] IPUIPlugin:80 - create IPUIPlugin
2025-03-30 17:17:42,449 [INFO] PluginManager:220 - loadIPPluginJar : add adc
2025-03-30 17:17:42,504 [INFO] IPUIPlugin:80 - create IPUIPlugin
2025-03-30 17:17:42,504 [INFO] PluginManager:220 - loadIPPluginJar : add aes
2025-03-30 17:17:42,565 [INFO] IPUIPlugin:80 - create IPUIPlugin
2025-03-30 17:17:42,565 [INFO] PluginManager:220 - loadIPPluginJar : add can
2025-03-30 17:17:42,606 [INFO] IPUIPlugin:80 - create IPUIPlugin
2025-03-30 17:17:42,606 [INFO] PluginManager:220 - loadIPPluginJar : add comp
2025-03-30 17:17:42,657 [INFO] IPUIPlugin:80 - create IPUIPlugin
2025-03-30 17:17:42,658 [INFO] PluginManager:220 - loadIPPluginJar : add cryp
2025-03-30 17:17:42,703 [INFO] IPUIPlugin:80 - create IPUIPlugin
2025-03-30 17:17:42,703 [INFO] PluginManager:220 - loadIPPluginJar : add dfsdm
2025-03-30 17:17:42,724 [INFO] IPUIPlugin:80 - create IPUIPlugin
2025-03-30 17:17:42,724 [INFO] PluginManager:220 - loadIPPluginJar : add dma
2025-03-30 17:17:42,795 [INFO] IPUIPlugin:80 - create IPUIPlugin
2025-03-30 17:17:42,796 [INFO] PluginManager:220 - loadIPPluginJar : add dma3
2025-03-30 17:17:42,859 [INFO] IPUIPlugin:80 - create IPUIPlugin
2025-03-30 17:17:42,859 [INFO] PluginManager:220 - loadIPPluginJar : add extmemmanager
2025-03-30 17:17:42,893 [INFO] IPUIPlugin:80 - create IPUIPlugin
2025-03-30 17:17:42,894 [INFO] PluginManager:220 - loadIPPluginJar : add fatfs
2025-03-30 17:17:42,961 [INFO] IPUIPlugin:80 - create IPUIPlugin
2025-03-30 17:17:42,961 [INFO] PluginManager:220 - loadIPPluginJar : add fmc
2025-03-30 17:17:42,983 [INFO] IPUIPlugin:80 - create IPUIPlugin
2025-03-30 17:17:42,983 [INFO] PluginManager:220 - loadIPPluginJar : add freertos
2025-03-30 17:17:43,019 [INFO] IPUIPlugin:80 - create IPUIPlugin
2025-03-30 17:17:43,019 [INFO] PluginManager:220 - loadIPPluginJar : add genericplugin
2025-03-30 17:17:43,155 [INFO] IPUIPlugin:80 - create IPUIPlugin
2025-03-30 17:17:43,156 [INFO] PluginManager:220 - loadIPPluginJar : add gfxmmu
2025-03-30 17:17:43,340 [INFO] IPUIPlugin:80 - create IPUIPlugin
2025-03-30 17:17:43,341 [INFO] PluginManager:220 - loadIPPluginJar : add gic
2025-03-30 17:17:43,360 [INFO] IPUIPlugin:80 - create IPUIPlugin
2025-03-30 17:17:43,361 [INFO] PluginManager:220 - loadIPPluginJar : add gpio
2025-03-30 17:17:43,500 [INFO] IPUIPlugin:80 - create IPUIPlugin
2025-03-30 17:17:43,500 [INFO] PluginManager:220 - loadIPPluginJar : add gtzc
2025-03-30 17:17:43,549 [INFO] IPUIPlugin:80 - create IPUIPlugin
2025-03-30 17:17:43,550 [INFO] PluginManager:220 - loadIPPluginJar : add hash
2025-03-30 17:17:43,626 [INFO] IPUIPlugin:80 - create IPUIPlugin
2025-03-30 17:17:43,626 [INFO] PluginManager:220 - loadIPPluginJar : add i2c
2025-03-30 17:17:43,685 [INFO] IPUIPlugin:80 - create IPUIPlugin
2025-03-30 17:17:43,685 [INFO] PluginManager:220 - loadIPPluginJar : add i2s
2025-03-30 17:17:43,745 [INFO] IPUIPlugin:80 - create IPUIPlugin
2025-03-30 17:17:43,745 [INFO] PluginManager:220 - loadIPPluginJar : add i3c
2025-03-30 17:17:43,882 [INFO] IPUIPlugin:80 - create IPUIPlugin
2025-03-30 17:17:43,882 [INFO] PluginManager:220 - loadIPPluginJar : add ipddr
2025-03-30 17:17:44,020 [INFO] IPUIPlugin:80 - create IPUIPlugin
2025-03-30 17:17:44,020 [INFO] PluginManager:220 - loadIPPluginJar : add linkedlist
2025-03-30 17:17:44,078 [INFO] IPUIPlugin:80 - create IPUIPlugin
2025-03-30 17:17:44,079 [INFO] PluginManager:220 - loadIPPluginJar : add lorawan
2025-03-30 17:17:44,136 [INFO] IPUIPlugin:80 - create IPUIPlugin
2025-03-30 17:17:44,136 [INFO] PluginManager:220 - loadIPPluginJar : add ltdc
2025-03-30 17:17:44,158 [INFO] IPUIPlugin:80 - create IPUIPlugin
2025-03-30 17:17:44,158 [INFO] PluginManager:220 - loadIPPluginJar : add mdma
2025-03-30 17:17:44,177 [INFO] IPUIPlugin:80 - create IPUIPlugin
2025-03-30 17:17:44,177 [INFO] PluginManager:220 - loadIPPluginJar : add nvic
2025-03-30 17:17:44,235 [INFO] IPUIPlugin:80 - create IPUIPlugin
2025-03-30 17:17:44,235 [INFO] PluginManager:220 - loadIPPluginJar : add opamp
2025-03-30 17:17:44,323 [INFO] IPUIPlugin:80 - create IPUIPlugin
2025-03-30 17:17:44,323 [INFO] PluginManager:220 - loadIPPluginJar : add openamp
2025-03-30 17:17:44,386 [INFO] IPUIPlugin:80 - create IPUIPlugin
2025-03-30 17:17:44,386 [INFO] PluginManager:220 - loadIPPluginJar : add pdm2pcm
2025-03-30 17:17:44,408 [INFO] IPUIPlugin:80 - create IPUIPlugin
2025-03-30 17:17:44,411 [INFO] PluginManager:220 - loadIPPluginJar : add plateformsettings
2025-03-30 17:17:44,456 [INFO] IPUIPlugin:80 - create IPUIPlugin
2025-03-30 17:17:44,456 [INFO] PluginManager:220 - loadIPPluginJar : add quadspi
2025-03-30 17:17:44,477 [INFO] IPUIPlugin:80 - create IPUIPlugin
2025-03-30 17:17:44,477 [INFO] PluginManager:220 - loadIPPluginJar : add resmgrutility
2025-03-30 17:17:44,545 [INFO] IPUIPlugin:80 - create IPUIPlugin
2025-03-30 17:17:44,545 [INFO] PluginManager:220 - loadIPPluginJar : add sai
2025-03-30 17:17:44,609 [INFO] IPUIPlugin:80 - create IPUIPlugin
2025-03-30 17:17:44,609 [INFO] PluginManager:220 - loadIPPluginJar : add spi
2025-03-30 17:17:44,711 [INFO] IPUIPlugin:80 - create IPUIPlugin
2025-03-30 17:17:44,712 [INFO] PluginManager:220 - loadIPPluginJar : add stm32_wpan
2025-03-30 17:17:44,750 [INFO] IPUIPlugin:80 - create IPUIPlugin
2025-03-30 17:17:44,751 [INFO] PluginManager:220 - loadIPPluginJar : add tim
2025-03-30 17:17:44,807 [INFO] ThirdPartyUpdaterWithRetryManager:70 - Updater plugin not ready yet. [2/15]
2025-03-30 17:17:44,837 [INFO] IPUIPlugin:80 - create IPUIPlugin
2025-03-30 17:17:44,837 [INFO] PluginManager:220 - loadIPPluginJar : add touchsensing
2025-03-30 17:17:44,872 [INFO] IPUIPlugin:80 - create IPUIPlugin
2025-03-30 17:17:44,872 [INFO] PluginManager:220 - loadIPPluginJar : add tracer_emb
2025-03-30 17:17:44,908 [INFO] IPUIPlugin:80 - create IPUIPlugin
2025-03-30 17:17:44,908 [INFO] PluginManager:220 - loadIPPluginJar : add ts
2025-03-30 17:17:44,947 [INFO] IPUIPlugin:80 - create IPUIPlugin
2025-03-30 17:17:44,947 [INFO] PluginManager:220 - loadIPPluginJar : add tsc
2025-03-30 17:17:44,984 [INFO] IPUIPlugin:80 - create IPUIPlugin
2025-03-30 17:17:44,984 [INFO] PluginManager:220 - loadIPPluginJar : add ucpd
2025-03-30 17:17:45,053 [INFO] IPUIPlugin:80 - create IPUIPlugin
2025-03-30 17:17:45,053 [INFO] PluginManager:220 - loadIPPluginJar : add usart
2025-03-30 17:17:45,120 [INFO] IPUIPlugin:80 - create IPUIPlugin
2025-03-30 17:17:45,120 [INFO] PluginManager:220 - loadIPPluginJar : add usbx
2025-03-30 17:17:45,266 [INFO] CADModel:165 - CPN selected for project level
2025-03-30 17:17:45,266 [INFO] CADModel:114 - Register for checkConnection events
2025-03-30 17:17:45,266 [FATAL] Updater:308 - Updater called before beeing initialized
2025-03-30 17:17:45,266 [ERROR] CADModel:125 - Updater not yet initialized, retry later 
2025-03-30 17:17:45,453 [INFO] CADModel:165 - CPN selected for project level
2025-03-30 17:17:45,453 [INFO] CADModel:114 - Register for checkConnection events
2025-03-30 17:17:45,453 [FATAL] Updater:308 - Updater called before beeing initialized
2025-03-30 17:17:45,453 [ERROR] CADModel:125 - Updater not yet initialized, retry later 
2025-03-30 17:17:45,456 [FATAL] Updater:308 - Updater called before beeing initialized
2025-03-30 17:17:45,607 [FATAL] Updater:308 - Updater called before beeing initialized
2025-03-30 17:17:45,624 [INFO] DbMcusAds:53 - JSON generation date=Thu Mar 06 20:24:21 IST 2025 (1741272861825)
2025-03-30 17:17:45,624 [FATAL] Updater:308 - Updater called before beeing initialized
2025-03-30 17:17:45,737 [WARN] DetailPanel:346 - Failed to get advertising image, set to default
2025-03-30 17:17:45,833 [FATAL] Updater:308 - Updater called before beeing initialized
2025-03-30 17:17:45,835 [FATAL] Updater:308 - Updater called before beeing initialized
2025-03-30 17:17:45,835 [FATAL] Updater:308 - Updater called before beeing initialized
2025-03-30 17:17:45,835 [WARN] DetailPanel:346 - Failed to get advertising image, set to default
2025-03-30 17:17:45,836 [FATAL] Updater:308 - Updater called before beeing initialized
2025-03-30 17:17:45,933 [ERROR] Updater:1120 - MainUpdater not yet initialized. External WinMGr cannot be set.
2025-03-30 17:17:45,947 [INFO] Updater:1056 - Updater Version found : 6.11.0
2025-03-30 17:17:45,966 [INFO] ApplicationProperties:184 - Using Application install path: C:\ST\STM32CubeIDE_1.15.0\STM32CubeIDE\plugins\com.st.stm32cube.common.mx_6.11.0.202403141607
2025-03-30 17:17:46,419 [INFO] MainUpdater:2873 - connection check result : 10
2025-03-30 17:17:46,419 [INFO] MainUpdater:290 - Updater Check For Update Now.
2025-03-30 17:17:46,419 [INFO] MicroXplorer:498 - Change Database Version : DB.6.0.110
2025-03-30 17:17:46,452 [INFO] McuFinderGlobals:63 - Set McuFinder mode to 2 (CubeIDE integrated)
2025-03-30 17:17:46,477 [INFO] UserAuth:415 - Internet connection configuration mode: 1
2025-03-30 17:17:46,538 [INFO] JxBrowserEngine:152 - Initiate JxBrowser Engine with user profile folder
2025-03-30 17:17:46,653 [INFO] CheckServerUpdateThread:120 - End of CheckServer Thread
2025-03-30 17:17:46,686 [INFO] MainUpdater:2873 - connection check result : 10
2025-03-30 17:17:47,527 [INFO] ApiDb:581 - Connected to CubeFinder SQLite database (C:\Users\rsridx\.stmcufinder\plugins\mcufinder\mcu\cube-finder-db.db)
2025-03-30 17:17:47,607 [INFO] ApiDb:668 - CubeFinder database Data Model version=2.1
2025-03-30 17:17:47,608 [INFO] ApiDb:669 - CubeFinder database Configuration version=3.0.39
2025-03-30 17:17:47,608 [INFO] ApiDb:670 - CubeFinder database generation date=2025-03-24 (1742811287)
2025-03-30 17:17:47,608 [INFO] ApiDb:671 - CubeFinder database FW Pack versions=[FP-ATR-ASTRA1_V2.0.0, FP-SNS-FLIGHT1_V5.0.2, FP-SNS-MOTENV1_V5.0.0, FP-SNS-MOTENVWB1_V1.4.0, FP-SNS-SMARTAG2_V1.2.0, FP-SNS-STBOX1_V2.0.0, STM32Cube_FW_C0_V1.4.0, STM32Cube_FW_F4_V1.28.1, STM32Cube_FW_F7_V1.17.2, STM32Cube_FW_G0_V1.6.2, STM32Cube_FW_G4_V1.6.1, STM32Cube_FW_H5_V1.5.0, STM32Cube_FW_H7RS_V1.2.0, STM32Cube_FW_H7_V1.12.1, STM32Cube_FW_L0_V1.12.2, STM32Cube_FW_L4_V1.18.1, STM32Cube_FW_L5_V1.5.1, STM32Cube_FW_N6_V1.1.0, STM32Cube_FW_U0_V1.2.0, STM32Cube_FW_U3_V1.1.0, STM32Cube_FW_U5_V1.7.0, STM32Cube_FW_WB0_V1.2.0, STM32Cube_FW_WBA_V1.6.0, STM32Cube_FW_WB_V1.22.0, STM32Cube_FW_WL3_V1.1.0, STM32Cube_FW_WL_V1.3.1, X-CUBE-ALGOBUILD_V1.4.0, X-CUBE-ALS_V1.0.2, X-CUBE-AZRTOS-F4_V1.1.0, X-CUBE-AZRTOS-F7_V1.1.0, X-CUBE-AZRTOS-G0_V1.1.0, X-CUBE-AZRTOS-G4_V2.0.0, X-CUBE-AZRTOS-H7RS_V1.0.0, X-CUBE-AZRTOS-H7_V3.3.0, X-CUBE-AZRTOS-L4_V2.0.0, X-CUBE-AZRTOS-L5_V2.0.0, X-CUBE-AZRTOS-WB_V2.0.0, X-CUBE-AZRTOS-WL_V2.0.0, X-CUBE-BLE1_V7.1.0, X-CUBE-BLE2_V3.3.0, X-CUBE-BLEMGR_V4.0.0, X-CUBE-EEPRMA1_V5.1.0, X-CUBE-FREERTOS_V1.3.0, X-CUBE-GNSS1_V6.0.0, X-CUBE-MEMS1_V11.1.0, X-CUBE-NFC4_V3.0.0, X-CUBE-NFC7_V1.0.1, X-CUBE-SFXS2LP1_V4.0.0, X-CUBE-SUBG2_V5.0.0, X-CUBE-TOF1_V3.4.2]
2025-03-30 17:17:47,693 [INFO] DbBoardsSqlite:226 - include board P-NUCLEO-WB55-NUCLEO as a kit item of type 'Nucleo-64'
2025-03-30 17:17:47,693 [INFO] DbBoardsSqlite:226 - include board P-NUCLEO-WB55-USBDONGLE as a kit item of type 'Nucleo USB Dongle'
2025-03-30 17:17:47,694 [INFO] DbBoardsSqlite:226 - include board STEVAL-IDP005V1 as a kit item of type 'Evaluation Board'
2025-03-30 17:17:47,694 [INFO] DbBoardsSqlite:226 - include board STEVAL-IDP005V2 as a kit item of type 'Evaluation Board'
2025-03-30 17:17:47,767 [INFO] ApiDb:240 - Found 483 in-development CPN: [B-G473E-ZEST1S, B-WB1M-WPAN1, B-WL5M-SUBG1, NUCLEO-C031C6, NUCLEO-H503RB, NUCLEO-H533RE, NUCLEO-H563ZI, NUCLEO-H7S3L8, NUCLEO-U031R8, NUCLEO-U083RC, NUCLEO-U545RE-Q, NUCLEO-U5A5ZJ-Q, NUCLEO-WBA52CG, NUCLEO-WBA55CG, STEVAL-PROTEUS1, STEVAL-SMARTAG2, STEVAL-STWINBX1, STM320518-EVAL, STM32C0116-DK, STM32C011D6Y3TR, STM32C011D6Y6TR, STM32C011F4P3, STM32C011F4P6, STM32C011F4U3, STM32C011F4U6TR, STM32C011F6P3, STM32C011F6P6, STM32C011F6U3, STM32C011F6U6TR, STM32C011J4M3, STM32C011J4M6, STM32C011J6M3, STM32C011J6M6, STM32C0316-DK, STM32C031C4T3, STM32C031C4T6, STM32C031C4U3, STM32C031C4U6, STM32C031C6T3, STM32C031C6T6, STM32C031C6U3, STM32C031C6U6, STM32C031F4P3, STM32C031F4P6, STM32C031F6P3, STM32C031F6P6, STM32C031G4U3, STM32C031G4U6, STM32C031G6U3, STM32C031G6U6, STM32C031K4T3, STM32C031K4T6, STM32C031K4U3, STM32C031K4U6, STM32C031K6T3, STM32C031K6T6, STM32C031K6U3, STM32C031K6U6, STM32G071K8TXN, STM32G071K8UXN, STM32G081GBU6N, STM32G081KBT6N, STM32G081KBUXN, STM32G0B1CCT6N, STM32G0B1KCT6, STM32G0B1NEY6TR, STM32G0B1RCT6N, STM32G0C1CCT6, STM32G0C1CCT6N, STM32G0C1CCU6N, STM32G0C1CET6N, STM32G0C1CEU6N, STM32G0C1KCT6, STM32G0C1NEY6TR, STM32G0C1RCI6N, STM32G0C1RCT6N, STM32G0C1REI6N, STM32G0C1RET6N, STM32G0C1VCI6, STM32G0C1VEI6, STM32G471CCT6, STM32G471CCU6, STM32G471CET3, STM32G471CET6, STM32G471CEU3, STM32G471CEU6, STM32G471MCT6, STM32G471MET3, STM32G471MET6, STM32G471MEY6TR, STM32G471QCT6, STM32G471QET3, STM32G471RCT6, STM32G471RET3, STM32G471RET6, STM32G471VCH6, STM32G471VCI6, STM32G471VCT6, STM32G471VEH3, STM32G471VEH6, STM32G471VEI3, STM32G471VEI6, STM32G471VET3, STM32G471VET6, STM32G474CCT6, STM32H503CBT6, STM32H503CBU6, STM32H503EBY6TR, STM32H503KBU6, STM32H503RBT6, STM32H523CCT6, STM32H523CCU6, STM32H523CET6, STM32H523CEU6, STM32H523HEY6TR, STM32H523RCT6, STM32H523RET6, STM32H523VCI6, STM32H523VCT6, STM32H523VEI6, STM32H523VET6, STM32H523ZCJ6, STM32H523ZCT6, STM32H523ZEJ6, STM32H523ZET6, STM32H533CET6, STM32H533CEU6, STM32H533HEY6TR, STM32H533RET6, STM32H533VEI6, STM32H533VET6, STM32H533ZEJ6, STM32H533ZET6, STM32H562AGI6, STM32H562AII6, STM32H562IGK6, STM32H562IGT6, STM32H562IIK6, STM32H562IIT6, STM32H562RGT6, STM32H562RGV6, STM32H562RIT6, STM32H562RIV6, STM32H562VGT6, STM32H562VIT6, STM32H562ZGT6, STM32H562ZIT6, STM32H563AGI6, STM32H563AII3Q, STM32H563AII6, STM32H563IGK6, STM32H563IGT6, STM32H563IIK3Q, STM32H563IIK6, STM32H563IIT3Q, STM32H563IIT6, STM32H563MIY3QTR, STM32H563RGT6, STM32H563RGV6, STM32H563RIT6, STM32H563RIV6, STM32H563VGT6, STM32H563VIT3Q, STM32H563VIT6, STM32H563ZGT6, STM32H563ZIT3Q, STM32H563ZIT6, STM32H573AII3Q, STM32H573AII6, STM32H573I-DK, STM32H573IIK3Q, STM32H573IIK6, STM32H573IIT3Q, STM32H573IIT6, STM32H573MIY3QTR, STM32H573RIT6, STM32H573RIV6, STM32H573VIT3Q, STM32H573VIT6, STM32H573ZIT3Q, STM32H573ZIT6, STM32H7R3A8I6, STM32H7R3I8K6, STM32H7R3I8T6, STM32H7R3L8H6, STM32H7R3L8H6H, STM32H7R3R8V6, STM32H7R3V8H6, STM32H7R3V8T6, STM32H7R3V8Y6, STM32H7R3Z8J6, STM32H7R3Z8T6, STM32H7R7A8I6, STM32H7R7I8K6, STM32H7R7I8T6, STM32H7R7L8H6, STM32H7R7L8H6H, STM32H7R7Z8J6, STM32H7S3A8I6, STM32H7S3I8K6, STM32H7S3I8T6, STM32H7S3L8H6, STM32H7S3L8H6H, STM32H7S3R8V6, STM32H7S3V8H6, STM32H7S3V8T6, STM32H7S3V8Y6, STM32H7S3Z8J6, STM32H7S3Z8T6, STM32H7S78-DK, STM32H7S7A8I6, STM32H7S7I8K6, STM32H7S7I8T6, STM32H7S7L8H6, STM32H7S7L8H6H, STM32H7S7Z8J6, STM32L4R5QGI6STR, STM32MP131AAE3, STM32MP131AAF3, STM32MP131AAG3, STM32MP131CAE3, STM32MP131CAF3, STM32MP131CAG3, STM32MP131DAE7, STM32MP131DAF7, STM32MP131DAG7, STM32MP131FAE7, STM32MP131FAF7, STM32MP131FAG7, STM32MP133AAE3, STM32MP133AAF3, STM32MP133AAG3, STM32MP133CAE3, STM32MP133CAF3, STM32MP133CAG3, STM32MP133DAE7, STM32MP133DAF7, STM32MP133DAG7, STM32MP133FAE7, STM32MP133FAF7, STM32MP133FAG7, STM32MP135AAE3, STM32MP135AAF3, STM32MP135AAG3, STM32MP135CAE3, STM32MP135CAF3, STM32MP135CAG3, STM32MP135DAE7, STM32MP135DAF7, STM32MP135DAG7, STM32MP135F-DK, STM32MP135FAE7, STM32MP135FAF7, STM32MP135FAF7T, STM32MP135FAF7U, STM32MP135FAG7, STM32U031C6T6, STM32U031C6U6, STM32U031C8T6, STM32U031C8U6, STM32U031F4P6, STM32U031F6P6, STM32U031F8P6, STM32U031G6Y6TR, STM32U031G8Y6TR, STM32U031K4U6, STM32U031K6U6, STM32U031K8U6, STM32U031R6I6, STM32U031R6T6, STM32U031R8I6, STM32U031R8T6, STM32U073C8T6, STM32U073C8U6, STM32U073CBT6, STM32U073CBU6, STM32U073CCT6, STM32U073CCU6, STM32U073H8Y6TR, STM32U073HBY6TR, STM32U073HCY6TR, STM32U073K8U6, STM32U073KBU6, STM32U073KCU6, STM32U073M8I6, STM32U073M8T6, STM32U073MBI6, STM32U073MBT6, STM32U073MCI6, STM32U073MCT6, STM32U073R8I6, STM32U073R8T6, STM32U073RBI6, STM32U073RBT6, STM32U073RCI6, STM32U073RCT6, STM32U083C-DK, STM32U083CCT6, STM32U083CCU6, STM32U083HCY6TR, STM32U083KCU6, STM32U083MCI6, STM32U083MCT6, STM32U083RCI6, STM32U083RCT6, STM32U535CBT6, STM32U535CBT6Q, STM32U535CBU6, STM32U535CBU6Q, STM32U535CCT6, STM32U535CCT6Q, STM32U535CCU6, STM32U535CCU6Q, STM32U535CET6, STM32U535CET6Q, STM32U535CEU6, STM32U535CEU6Q, STM32U535JEY6QTR, STM32U535NCY6QTR, STM32U535NEY6QTR, STM32U535RBI6, STM32U535RBI6Q, STM32U535RBT6, STM32U535RBT6Q, STM32U535RCI6, STM32U535RCI6Q, STM32U535RCT6, STM32U535RCT6Q, STM32U535REI6, STM32U535REI6Q, STM32U535RET6, STM32U535RET6Q, STM32U535VCI6, STM32U535VCI6Q, STM32U535VCT6, STM32U535VCT6Q, STM32U535VEI6, STM32U535VEI6Q, STM32U535VET6, STM32U535VET6Q, STM32U545CET6, STM32U545CET6Q, STM32U545CEU6, STM32U545CEU6Q, STM32U545JEY6QTR, STM32U545NEY6QTR, STM32U545REI6, STM32U545REI6Q, STM32U545RET6, STM32U545RET6Q, STM32U545VEI6, STM32U545VEI6Q, STM32U545VET6, STM32U545VET6Q, STM32U595AIH6, STM32U595AIH6Q, STM32U595AJH6, STM32U595AJH6Q, STM32U595QII6, STM32U595QII6Q, STM32U595QJI6, STM32U595QJI6Q, STM32U595RIT6, STM32U595RIT6Q, STM32U595RJT6, STM32U595RJT6Q, STM32U595VIT6, STM32U595VIT6Q, STM32U595VJT6, STM32U595VJT6Q, STM32U595ZIT6, STM32U595ZIT6Q, STM32U595ZIY6QTR, STM32U595ZJT6, STM32U595ZJT6Q, STM32U595ZJY6QTR, STM32U599BJY6QTR, STM32U599NIH6Q, STM32U599NJH6Q, STM32U599VIT6Q, STM32U599VJT6, STM32U599VJT6Q, STM32U599ZIT6Q, STM32U599ZIY6QTR, STM32U599ZJT6Q, STM32U599ZJY6QTR, STM32U5A5AJH6, STM32U5A5AJH6Q, STM32U5A5QII3Q , STM32U5A5QJI6, STM32U5A5QJI6Q, STM32U5A5RJT6, STM32U5A5RJT6Q, STM32U5A5VJT6, STM32U5A5VJT6Q, STM32U5A5ZJT6, STM32U5A5ZJT6Q, STM32U5A5ZJY6QTR, STM32U5A9BJY6QTR, STM32U5A9J-DK, STM32U5A9NJH6Q, STM32U5A9VJT6Q, STM32U5A9ZJT6Q, STM32U5A9ZJY6QTR, STM32U5F7VIT6, STM32U5F7VIT6Q, STM32U5F7VJT6, STM32U5F7VJT6Q, STM32U5F9BJY6QTR, STM32U5F9NJH6Q, STM32U5F9VIT6Q, STM32U5F9VJT6Q, STM32U5F9ZIJ6QTR, STM32U5F9ZIT6Q, STM32U5F9ZJJ6QTR, STM32U5F9ZJT6Q, STM32U5G7VJT6, STM32U5G7VJT6Q, STM32U5G9BJY6QTR, STM32U5G9J-DK1, STM32U5G9J-DK2, STM32U5G9NJH6Q, STM32U5G9VJT6Q, STM32U5G9ZJJ6QTR, STM32U5G9ZJT6Q, STM32WB1MMCH6, STM32WBA50KEU6, STM32WBA50KEU6TR, STM32WBA50KGU6, STM32WBA50KGU6TR, STM32WBA52CEU6, STM32WBA52CEU6TR, STM32WBA52CEU7, STM32WBA52CEU7TR, STM32WBA52CGU6, STM32WBA52CGU6TR, STM32WBA52CGU6U, STM32WBA52CGU7, STM32WBA52CGU7TR, STM32WBA52KEU6, STM32WBA52KEU6TR, STM32WBA52KGU6, STM32WBA52KGU6TR, STM32WBA54CEU6, STM32WBA54CEU6TR, STM32WBA54CEU7, STM32WBA54CEU7TR, STM32WBA54CGU6, STM32WBA54CGU6TR, STM32WBA54CGU7, STM32WBA54CGU7TR, STM32WBA54KEU6, STM32WBA54KEU6TR, STM32WBA54KEU7, STM32WBA54KEU7TR, STM32WBA54KGU6, STM32WBA54KGU6TR, STM32WBA54KGU7, STM32WBA54KGU7TR, STM32WBA55CEU6, STM32WBA55CEU6TR, STM32WBA55CEU7, STM32WBA55CEU7TR, STM32WBA55CGU6, STM32WBA55CGU6TR, STM32WBA55CGU6U, STM32WBA55CGU7, STM32WBA55CGU7TR, STM32WBA55G-DK1, STM32WBA55HEF6, STM32WBA55HEF7, STM32WBA55HGF6, STM32WBA55HGF7, STM32WBA55UEI6, STM32WBA55UEI6TR, STM32WBA55UEI7, STM32WBA55UEI7TR, STM32WBA55UGI6, STM32WBA55UGI6TR, STM32WBA55UGI7, STM32WBA55UGI7TR, STM32WL5MOCH6, STM32WL5MOCH6TR]
2025-03-30 17:17:47,773 [INFO] ApiDb:668 - CubeFinder database Data Model version=2.1
2025-03-30 17:17:47,773 [INFO] ApiDb:669 - CubeFinder database Configuration version=3.0.39
2025-03-30 17:17:47,773 [INFO] ApiDb:670 - CubeFinder database generation date=2025-03-24 (1742811287)
2025-03-30 17:17:47,773 [INFO] ApiDb:671 - CubeFinder database FW Pack versions=[FP-ATR-ASTRA1_V2.0.0, FP-SNS-FLIGHT1_V5.0.2, FP-SNS-MOTENV1_V5.0.0, FP-SNS-MOTENVWB1_V1.4.0, FP-SNS-SMARTAG2_V1.2.0, FP-SNS-STBOX1_V2.0.0, STM32Cube_FW_C0_V1.4.0, STM32Cube_FW_F4_V1.28.1, STM32Cube_FW_F7_V1.17.2, STM32Cube_FW_G0_V1.6.2, STM32Cube_FW_G4_V1.6.1, STM32Cube_FW_H5_V1.5.0, STM32Cube_FW_H7RS_V1.2.0, STM32Cube_FW_H7_V1.12.1, STM32Cube_FW_L0_V1.12.2, STM32Cube_FW_L4_V1.18.1, STM32Cube_FW_L5_V1.5.1, STM32Cube_FW_N6_V1.1.0, STM32Cube_FW_U0_V1.2.0, STM32Cube_FW_U3_V1.1.0, STM32Cube_FW_U5_V1.7.0, STM32Cube_FW_WB0_V1.2.0, STM32Cube_FW_WBA_V1.6.0, STM32Cube_FW_WB_V1.22.0, STM32Cube_FW_WL3_V1.1.0, STM32Cube_FW_WL_V1.3.1, X-CUBE-ALGOBUILD_V1.4.0, X-CUBE-ALS_V1.0.2, X-CUBE-AZRTOS-F4_V1.1.0, X-CUBE-AZRTOS-F7_V1.1.0, X-CUBE-AZRTOS-G0_V1.1.0, X-CUBE-AZRTOS-G4_V2.0.0, X-CUBE-AZRTOS-H7RS_V1.0.0, X-CUBE-AZRTOS-H7_V3.3.0, X-CUBE-AZRTOS-L4_V2.0.0, X-CUBE-AZRTOS-L5_V2.0.0, X-CUBE-AZRTOS-WB_V2.0.0, X-CUBE-AZRTOS-WL_V2.0.0, X-CUBE-BLE1_V7.1.0, X-CUBE-BLE2_V3.3.0, X-CUBE-BLEMGR_V4.0.0, X-CUBE-EEPRMA1_V5.1.0, X-CUBE-FREERTOS_V1.3.0, X-CUBE-GNSS1_V6.0.0, X-CUBE-MEMS1_V11.1.0, X-CUBE-NFC4_V3.0.0, X-CUBE-NFC7_V1.0.1, X-CUBE-SFXS2LP1_V4.0.0, X-CUBE-SUBG2_V5.0.0, X-CUBE-TOF1_V3.4.2]
2025-03-30 17:17:48,083 [WARN] PackLoader:240 - Cannot read IP mode file for STMicroelectronics.FP-SNS-MOTENVWB1.1.4.0
2025-03-30 17:17:48,103 [WARN] PackLoader:240 - Cannot read IP mode file for STMicroelectronics.FP-ATR-ASTRA1.2.0.2
2025-03-30 17:17:48,118 [WARN] PackLoader:240 - Cannot read IP mode file for STMicroelectronics.FP-ATR-ASTRA1.2.0.1
2025-03-30 17:17:48,138 [WARN] PackLoader:240 - Cannot read IP mode file for STMicroelectronics.X-CUBE-SMBUS.2.1.0
2025-03-30 17:17:48,158 [WARN] PackLoader:240 - Cannot read IP mode file for STMicroelectronics.X-CUBE-WB05N.1.1.0
2025-03-30 17:17:48,180 [WARN] PackLoader:240 - Cannot read IP mode file for STMicroelectronics.X-CUBE-TOUCHGFX.4.23.2
2025-03-30 17:17:48,233 [WARN] PackLoader:240 - Cannot read IP mode file for STMicroelectronics.X-CUBE-AZRTOS-F7.1.1.0
2025-03-30 17:17:48,334 [WARN] PackLoader:240 - Cannot read IP mode file for STMicroelectronics.X-CUBE-MEMS1.11.0.0
2025-03-30 17:17:48,480 [WARN] PackLoader:240 - Cannot read IP mode file for STMicroelectronics.FP-SNS-FLIGHT1.5.0.2
2025-03-30 17:17:48,504 [WARN] PackLoader:240 - Cannot read IP mode file for STMicroelectronics.X-CUBE-DISPLAY.3.0.0
2025-03-30 17:17:48,525 [WARN] PackLoader:240 - Cannot read IP mode file for STMicroelectronics.X-CUBE-BLE1.7.0.0
2025-03-30 17:17:48,544 [WARN] PackLoader:240 - Cannot read IP mode file for STMicroelectronics.X-CUBE-NFC10.1.0.0
2025-03-30 17:17:48,569 [WARN] PackLoader:240 - Cannot read IP mode file for STMicroelectronics.X-CUBE-BLEMGR.4.0.0
2025-03-30 17:17:48,591 [WARN] PackLoader:240 - Cannot read IP mode file for emotas.I-CUBE-CANOPEN.1.3.0
2025-03-30 17:17:48,612 [WARN] PackLoader:240 - Cannot read IP mode file for STMicroelectronics.X-CUBE-BLEMGR.3.1.0
2025-03-30 17:17:48,632 [WARN] PackLoader:240 - Cannot read IP mode file for STMicroelectronics.FP-SNS-SMARTAG2.1.2.0
2025-03-30 17:17:48,652 [ERROR] Engine:466 - C:\Users\rsridx\.stm32cubemx\thirdparties\pdsc\STMicroelectronics.FP-SNS-FLIGHT1.5.1.0.pdsc: PDSC version is not supported
2025-03-30 17:17:48,707 [WARN] PackLoader:240 - Cannot read IP mode file for STMicroelectronics.X-CUBE-MEMS1.11.1.0
2025-03-30 17:17:48,840 [INFO] LogOutputStream:77 - [STDOUT_REDIRECT] 1 : Invalid condition id : UX_CORESTACK_Condition cause : null
2025-03-30 17:17:48,843 [INFO] LogOutputStream:77 - [STDOUT_REDIRECT] 1 : Invalid condition id : UX_CORESTACK_Condition cause : null
2025-03-30 17:17:48,845 [INFO] LogOutputStream:77 - [STDOUT_REDIRECT] 1 : Invalid condition id : UX_CORESTACK_Condition cause : null
2025-03-30 17:17:48,847 [INFO] LogOutputStream:77 - [STDOUT_REDIRECT] 1 : Invalid condition id : UX_CORESTACK_Condition cause : null
2025-03-30 17:17:48,849 [INFO] LogOutputStream:77 - [STDOUT_REDIRECT] 1 : Invalid condition id : UX_CORESTACK_Condition cause : null
2025-03-30 17:17:48,851 [WARN] PackLoader:240 - Cannot read IP mode file for STMicroelectronics.X-CUBE-AZRTOS-WL.2.0.0
2025-03-30 17:17:48,869 [WARN] PackLoader:240 - Cannot read IP mode file for STMicroelectronics.FP-SNS-MOTENV1.5.0.0
2025-03-30 17:17:48,886 [WARN] PackLoader:240 - Cannot read IP mode file for wolfSSL.I-CUBE-wolfMQTT.1.19.0
2025-03-30 17:17:48,913 [WARN] PackLoader:240 - Cannot read IP mode file for WES.I-CUBE-Cesium.1.3.0
2025-03-30 17:17:48,931 [WARN] PackLoader:240 - Cannot read IP mode file for STMicroelectronics.X-CUBE-BLE2.3.3.0
2025-03-30 17:17:48,951 [WARN] PackLoader:240 - Cannot read IP mode file for STMicroelectronics.X-CUBE-NFC9.1.0.0
2025-03-30 17:17:48,969 [WARN] PackLoader:240 - Cannot read IP mode file for STMicroelectronics.X-CUBE-BLE1.7.1.0
2025-03-30 17:17:48,988 [WARN] PackLoader:240 - Cannot read IP mode file for STMicroelectronics.X-CUBE-TCPP.4.1.0
2025-03-30 17:17:49,020 [WARN] PackLoader:240 - Cannot read IP mode file for STMicroelectronics.X-CUBE-ALGOBUILD.1.3.0
2025-03-30 17:17:49,060 [WARN] PackLoader:240 - Cannot read IP mode file for STMicroelectronics.X-CUBE-AZRTOS-G0.1.1.0
2025-03-30 17:17:49,082 [WARN] PackLoader:240 - Cannot read IP mode file for STMicroelectronics.X-CUBE-SAFEA1.1.2.2
2025-03-30 17:17:49,100 [WARN] PackLoader:240 - Cannot read IP mode file for STMicroelectronics.X-CUBE-NFC4.3.0.0
2025-03-30 17:17:49,123 [WARN] PackLoader:240 - Cannot read IP mode file for EmbeddedOffice.I-CUBE-FS-RTOS.1.0.1
2025-03-30 17:17:49,123 [ERROR] ConditionMgr:805 - Attr not supported : Dmpu
2025-03-30 17:17:49,123 [ERROR] ConditionMgr:805 - Attr not supported : Dmpu
2025-03-30 17:17:49,124 [ERROR] ConditionMgr:805 - Attr not supported : Dmpu
2025-03-30 17:17:49,124 [ERROR] ConditionMgr:805 - Attr not supported : Dmpu
2025-03-30 17:17:49,124 [ERROR] ConditionMgr:805 - Attr not supported : Dmpu
2025-03-30 17:17:49,124 [ERROR] ConditionMgr:805 - Attr not supported : Dmpu
2025-03-30 17:17:49,124 [ERROR] ConditionMgr:805 - Attr not supported : Dmpu
2025-03-30 17:17:49,124 [ERROR] ConditionMgr:805 - Attr not supported : Dmpu
2025-03-30 17:17:49,124 [ERROR] ConditionMgr:805 - Attr not supported : Dmpu
2025-03-30 17:17:49,124 [ERROR] ConditionMgr:805 - Attr not supported : Dmpu
2025-03-30 17:17:49,124 [ERROR] ConditionMgr:805 - Attr not supported : Dmpu
2025-03-30 17:17:49,124 [ERROR] ConditionMgr:805 - Attr not supported : Dmpu
2025-03-30 17:17:49,124 [ERROR] ConditionMgr:805 - Attr not supported : Dmpu
2025-03-30 17:17:49,124 [ERROR] ConditionMgr:805 - Attr not supported : Dmpu
2025-03-30 17:17:49,124 [ERROR] ConditionMgr:805 - Attr not supported : Dmpu
2025-03-30 17:17:49,124 [ERROR] ConditionMgr:805 - Attr not supported : Dmpu
2025-03-30 17:17:49,124 [ERROR] ConditionMgr:805 - Attr not supported : Dmpu
2025-03-30 17:17:49,124 [ERROR] ConditionMgr:805 - Attr not supported : Dmpu
2025-03-30 17:17:49,124 [ERROR] ConditionMgr:805 - Attr not supported : Dmpu
2025-03-30 17:17:49,124 [ERROR] ConditionMgr:805 - Attr not supported : Dmpu
2025-03-30 17:17:49,124 [ERROR] ConditionMgr:805 - Attr not supported : Dmpu
2025-03-30 17:17:49,124 [ERROR] ConditionMgr:805 - Attr not supported : Dmpu
2025-03-30 17:17:49,125 [ERROR] ConditionMgr:805 - Attr not supported : Dmpu
2025-03-30 17:17:49,125 [ERROR] ConditionMgr:805 - Attr not supported : Dmpu
2025-03-30 17:17:49,125 [ERROR] ConditionMgr:805 - Attr not supported : Dmpu
2025-03-30 17:17:49,125 [ERROR] ConditionMgr:805 - Attr not supported : Dmpu
2025-03-30 17:17:49,125 [ERROR] ConditionMgr:805 - Attr not supported : Dmpu
2025-03-30 17:17:49,125 [ERROR] ConditionMgr:805 - Attr not supported : Dmpu
2025-03-30 17:17:49,125 [ERROR] ConditionMgr:805 - Attr not supported : Dmpu
2025-03-30 17:17:49,125 [ERROR] ConditionMgr:805 - Attr not supported : Dmpu
2025-03-30 17:17:49,125 [ERROR] ConditionMgr:805 - Attr not supported : Dmpu
2025-03-30 17:17:49,125 [ERROR] ConditionMgr:805 - Attr not supported : Dmpu
2025-03-30 17:17:49,125 [ERROR] ConditionMgr:805 - Attr not supported : Dmpu
2025-03-30 17:17:49,125 [ERROR] ConditionMgr:805 - Attr not supported : Dmpu
2025-03-30 17:17:49,125 [ERROR] ConditionMgr:805 - Attr not supported : Dmpu
2025-03-30 17:17:49,125 [ERROR] ConditionMgr:805 - Attr not supported : Dmpu
2025-03-30 17:17:49,125 [ERROR] ConditionMgr:805 - Attr not supported : Dmpu
2025-03-30 17:17:49,125 [ERROR] ConditionMgr:805 - Attr not supported : Dmpu
2025-03-30 17:17:49,125 [ERROR] ConditionMgr:805 - Attr not supported : Dmpu
2025-03-30 17:17:49,125 [ERROR] ConditionMgr:805 - Attr not supported : Dmpu
2025-03-30 17:17:49,125 [ERROR] ConditionMgr:805 - Attr not supported : Dmpu
2025-03-30 17:17:49,125 [ERROR] ConditionMgr:805 - Attr not supported : Dmpu
2025-03-30 17:17:49,126 [ERROR] ConditionMgr:805 - Attr not supported : Dmpu
2025-03-30 17:17:49,126 [ERROR] ConditionMgr:805 - Attr not supported : Dmpu
2025-03-30 17:17:49,126 [ERROR] ConditionMgr:805 - Attr not supported : Dmpu
2025-03-30 17:17:49,126 [ERROR] ConditionMgr:805 - Attr not supported : Dmpu
2025-03-30 17:17:49,126 [ERROR] ConditionMgr:805 - Attr not supported : Dmpu
2025-03-30 17:17:49,126 [ERROR] ConditionMgr:805 - Attr not supported : Dmpu
2025-03-30 17:17:49,126 [ERROR] ConditionMgr:805 - Attr not supported : Dmpu
2025-03-30 17:17:49,126 [ERROR] ConditionMgr:805 - Attr not supported : Dmpu
2025-03-30 17:17:49,126 [ERROR] ConditionMgr:805 - Attr not supported : Dmpu
2025-03-30 17:17:49,126 [ERROR] ConditionMgr:805 - Attr not supported : Dmpu
2025-03-30 17:17:49,126 [ERROR] ConditionMgr:805 - Attr not supported : Dmpu
2025-03-30 17:17:49,126 [ERROR] ConditionMgr:805 - Attr not supported : Dmpu
2025-03-30 17:17:49,126 [ERROR] ConditionMgr:805 - Attr not supported : Dmpu
2025-03-30 17:17:49,126 [ERROR] ConditionMgr:805 - Attr not supported : Dmpu
2025-03-30 17:17:49,126 [ERROR] ConditionMgr:805 - Attr not supported : Dmpu
2025-03-30 17:17:49,126 [ERROR] ConditionMgr:805 - Attr not supported : Dmpu
2025-03-30 17:17:49,126 [ERROR] ConditionMgr:805 - Attr not supported : Dmpu
2025-03-30 17:17:49,126 [ERROR] ConditionMgr:805 - Attr not supported : Dmpu
2025-03-30 17:17:49,126 [ERROR] ConditionMgr:805 - Attr not supported : Dmpu
2025-03-30 17:17:49,127 [ERROR] ConditionMgr:805 - Attr not supported : Dmpu
2025-03-30 17:17:49,127 [ERROR] ConditionMgr:805 - Attr not supported : Dmpu
2025-03-30 17:17:49,127 [ERROR] ConditionMgr:805 - Attr not supported : Dmpu
2025-03-30 17:17:49,143 [ERROR] Engine:466 - C:\Users\rsridx\.stm32cubemx\thirdparties\pdsc\STMicroelectronics.X-CUBE-TCPP.4.2.0.pdsc: PDSC version is not supported
2025-03-30 17:17:49,162 [WARN] PackLoader:240 - Cannot read IP mode file for RealThread.X-CUBE-RT-Thread_Nano.4.1.1
2025-03-30 17:17:49,178 [WARN] PackLoader:240 - Cannot read IP mode file for wolfSSL.I-CUBE-wolfSSL.5.7.0
2025-03-30 17:17:49,193 [WARN] PackLoader:240 - Cannot read IP mode file for STMicroelectronics.FP-ATR-SIGFOX1.3.2.0
2025-03-30 17:17:49,208 [WARN] ConditionMgr:438 - getConditionDescription Invalid condition id : Cortex-A Device cause : null
2025-03-30 17:17:49,251 [WARN] ConditionMgr:1039 - genDependencies : Invalid condition id : Cortex-A Device cause : null
2025-03-30 17:17:49,251 [WARN] ConditionMgr:1039 - genDependencies : Invalid condition id : Cortex-A Device cause : null
2025-03-30 17:17:49,252 [WARN] ConditionMgr:1039 - genDependencies : Invalid condition id : Cortex-A Device cause : null
2025-03-30 17:17:49,268 [WARN] PackLoader:240 - Cannot read IP mode file for STMicroelectronics.X-CUBE-EEPRMA1.5.1.0
2025-03-30 17:17:49,287 [WARN] PackLoader:240 - Cannot read IP mode file for ITTIA_DB.I-CUBE-ITTIADB.8.9.0
2025-03-30 17:17:49,328 [WARN] PackLoader:240 - Cannot read IP mode file for SEGGER.I-CUBE-embOS.1.3.1
2025-03-30 17:17:49,373 [WARN] PackLoader:240 - Cannot read IP mode file for STMicroelectronics.X-CUBE-ALGOBUILD.1.4.0
2025-03-30 17:17:49,390 [WARN] PackLoader:240 - Cannot read IP mode file for STMicroelectronics.X-CUBE-AI.9.1.0
2025-03-30 17:17:49,409 [WARN] PackLoader:240 - Cannot read IP mode file for STMicroelectronics.X-CUBE-GNSS1.6.0.0
2025-03-30 17:17:49,437 [WARN] PackLoader:240 - Cannot read IP mode file for STMicroelectronics.X-CUBE-AZRTOS-F4.1.1.0
2025-03-30 17:17:49,455 [WARN] PackLoader:240 - Cannot read IP mode file for STMicroelectronics.X-CUBE-ISPU.2.1.0
2025-03-30 17:17:49,472 [WARN] PackLoader:240 - Cannot read IP mode file for STMicroelectronics.X-CUBE-FREERTOS.1.2.0
2025-03-30 17:17:49,503 [WARN] PackLoader:240 - Cannot read IP mode file for STMicroelectronics.X-CUBE-AZRTOS-L5.2.0.0
2025-03-30 17:17:49,563 [WARN] PackLoader:240 - Cannot read IP mode file for STMicroelectronics.X-CUBE-NFC6.3.1.0
2025-03-30 17:17:49,596 [WARN] PackLoader:240 - Cannot read IP mode file for STMicroelectronics.X-CUBE-DPower.1.2.0
2025-03-30 17:17:49,615 [WARN] PackLoader:240 - Cannot read IP mode file for STMicroelectronics.X-CUBE-AI.9.0.0
2025-03-30 17:17:49,632 [WARN] PackLoader:240 - Cannot read IP mode file for STMicroelectronics.X-CUBE-FREERTOS.1.3.0
2025-03-30 17:17:49,652 [WARN] PackLoader:240 - Cannot read IP mode file for STMicroelectronics.X-CUBE-NFC7.1.0.1
2025-03-30 17:17:49,672 [WARN] PackLoader:240 - Cannot read IP mode file for wolfSSL.I-CUBE-wolfTPM.3.2.0
2025-03-30 17:17:49,691 [WARN] PackLoader:240 - Cannot read IP mode file for STMicroelectronics.X-CUBE-DPower.1.3.0
2025-03-30 17:17:49,726 [WARN] ConditionMgr:438 - getConditionDescription Invalid condition id : LAN8742 Phy interface Condition cause : null
2025-03-30 17:17:49,726 [WARN] PackLoader:240 - Cannot read IP mode file for STMicroelectronics.X-CUBE-AZRTOS-L4.2.0.0
2025-03-30 17:17:49,727 [WARN] ConditionMgr:1039 - genDependencies : Invalid condition id : LAN8742 Phy interface Condition cause : null
2025-03-30 17:17:49,728 [WARN] ConditionMgr:1039 - genDependencies : Invalid condition id : LAN8742 Phy interface Condition cause : null
2025-03-30 17:17:49,728 [WARN] ConditionMgr:1039 - genDependencies : Invalid condition id : LAN8742 Phy interface Condition cause : null
2025-03-30 17:17:49,762 [WARN] PackLoader:240 - Cannot read IP mode file for STMicroelectronics.X-CUBE-SFXS2LP1.4.0.0
2025-03-30 17:17:49,797 [WARN] PackLoader:240 - Cannot read IP mode file for STMicroelectronics.X-CUBE-AZRTOS-H7.3.3.0
2025-03-30 17:17:49,823 [WARN] PackLoader:240 - Cannot read IP mode file for STMicroelectronics.X-CUBE-IPS.3.0.0
2025-03-30 17:17:49,854 [WARN] ConditionMgr:438 - getConditionDescription Invalid condition id : UX DEVICE CLASS RTOS Condition cause : null
2025-03-30 17:17:49,854 [WARN] ConditionMgr:438 - getConditionDescription Invalid condition id : UX DEVICE CLASS RTOS Condition cause : null
2025-03-30 17:17:49,856 [WARN] PackLoader:240 - Cannot read IP mode file for STMicroelectronics.X-CUBE-AZRTOS-WB.2.0.0
2025-03-30 17:17:49,856 [WARN] ConditionMgr:1039 - genDependencies : Invalid condition id : UX DEVICE CLASS RTOS Condition cause : null
2025-03-30 17:17:49,856 [WARN] ConditionMgr:1039 - genDependencies : Invalid condition id : UX DEVICE CLASS RTOS Condition cause : null
2025-03-30 17:17:49,857 [WARN] ConditionMgr:1039 - genDependencies : Invalid condition id : UX DEVICE CLASS RTOS Condition cause : null
2025-03-30 17:17:49,857 [WARN] ConditionMgr:1039 - genDependencies : Invalid condition id : UX DEVICE CLASS RTOS Condition cause : null
2025-03-30 17:17:49,857 [WARN] ConditionMgr:1039 - genDependencies : Invalid condition id : UX DEVICE CLASS RTOS Condition cause : null
2025-03-30 17:17:49,875 [WARN] PackLoader:240 - Cannot read IP mode file for STMicroelectronics.X-CUBE-GNSS1.7.0.0
2025-03-30 17:17:49,904 [WARN] PackLoader:240 - Cannot read IP mode file for STMicroelectronics.X-CUBE-GNSS1.7.0.1
2025-03-30 17:17:49,921 [WARN] PackLoader:240 - Cannot read IP mode file for STMicroelectronics.X-CUBE-TOUCHGFX.4.25.0
2025-03-30 17:17:49,941 [WARN] PackLoader:240 - Cannot read IP mode file for STMicroelectronics.FP-SNS-STBOX1.2.0.0
2025-03-30 17:17:49,966 [WARN] PackLoader:240 - Cannot read IP mode file for STMicroelectronics.X-CUBE-SUBG2.5.0.0
2025-03-30 17:17:50,002 [WARN] PackLoader:240 - Cannot read IP mode file for STMicroelectronics.X-CUBE-AZRTOS-H7RS.1.1.0
2025-03-30 17:17:50,042 [WARN] PackLoader:240 - Cannot read IP mode file for STMicroelectronics.X-CUBE-AZRTOS-G4.2.0.0
2025-03-30 17:17:50,067 [WARN] PackLoader:240 - Cannot read IP mode file for STMicroelectronics.X-CUBE-ISPU.2.0.0
2025-03-30 17:17:50,087 [ERROR] Engine:466 - C:\Users\rsridx\.stm32cubemx\thirdparties\pdsc\STMicroelectronics.X-CUBE-IPS.3.1.0.pdsc: PDSC version is not supported
2025-03-30 17:17:50,104 [WARN] PackLoader:240 - Cannot read IP mode file for STMicroelectronics.X-CUBE-ALS.1.0.2
2025-03-30 17:17:50,150 [WARN] PackLoader:240 - Cannot read IP mode file for STMicroelectronics.X-CUBE-MEMS1.10.0.0
2025-03-30 17:17:50,256 [WARN] PackLoader:240 - Cannot read IP mode file for STMicroelectronics.X-CUBE-TOUCHGFX.4.24.0
2025-03-30 17:17:50,272 [WARN] PackLoader:240 - Cannot read IP mode file for STMicroelectronics.X-CUBE-TOUCHGFX.4.24.2
2025-03-30 17:17:50,289 [WARN] PackLoader:240 - Cannot read IP mode file for STMicroelectronics.X-CUBE-TOUCHGFX.4.24.1
2025-03-30 17:17:50,309 [WARN] PackLoader:240 - Cannot read IP mode file for portGmbH.I-Cube-SoM-uGOAL.1.1.0
2025-03-30 17:17:50,328 [WARN] PackLoader:240 - Cannot read IP mode file for STMicroelectronics.X-CUBE-ALS.1.0.1
2025-03-30 17:17:50,366 [WARN] PackLoader:240 - Cannot read IP mode file for STMicroelectronics.X-CUBE-AZRTOS-H7RS.1.0.0
2025-03-30 17:17:50,401 [WARN] PackLoader:240 - Cannot read IP mode file for STMicroelectronics.FP-ATR-ASTRA1.2.0.0
2025-03-30 17:17:50,433 [WARN] PackLoader:240 - Cannot read IP mode file for STMicroelectronics.X-CUBE-TOF1.3.4.2
2025-03-30 17:17:50,453 [INFO] ApiDb:240 - Found 483 in-development CPN: [B-G473E-ZEST1S, B-WB1M-WPAN1, B-WL5M-SUBG1, NUCLEO-C031C6, NUCLEO-H503RB, NUCLEO-H533RE, NUCLEO-H563ZI, NUCLEO-H7S3L8, NUCLEO-U031R8, NUCLEO-U083RC, NUCLEO-U545RE-Q, NUCLEO-U5A5ZJ-Q, NUCLEO-WBA52CG, NUCLEO-WBA55CG, STEVAL-PROTEUS1, STEVAL-SMARTAG2, STEVAL-STWINBX1, STM320518-EVAL, STM32C0116-DK, STM32C011D6Y3TR, STM32C011D6Y6TR, STM32C011F4P3, STM32C011F4P6, STM32C011F4U3, STM32C011F4U6TR, STM32C011F6P3, STM32C011F6P6, STM32C011F6U3, STM32C011F6U6TR, STM32C011J4M3, STM32C011J4M6, STM32C011J6M3, STM32C011J6M6, STM32C0316-DK, STM32C031C4T3, STM32C031C4T6, STM32C031C4U3, STM32C031C4U6, STM32C031C6T3, STM32C031C6T6, STM32C031C6U3, STM32C031C6U6, STM32C031F4P3, STM32C031F4P6, STM32C031F6P3, STM32C031F6P6, STM32C031G4U3, STM32C031G4U6, STM32C031G6U3, STM32C031G6U6, STM32C031K4T3, STM32C031K4T6, STM32C031K4U3, STM32C031K4U6, STM32C031K6T3, STM32C031K6T6, STM32C031K6U3, STM32C031K6U6, STM32G071K8TXN, STM32G071K8UXN, STM32G081GBU6N, STM32G081KBT6N, STM32G081KBUXN, STM32G0B1CCT6N, STM32G0B1KCT6, STM32G0B1NEY6TR, STM32G0B1RCT6N, STM32G0C1CCT6, STM32G0C1CCT6N, STM32G0C1CCU6N, STM32G0C1CET6N, STM32G0C1CEU6N, STM32G0C1KCT6, STM32G0C1NEY6TR, STM32G0C1RCI6N, STM32G0C1RCT6N, STM32G0C1REI6N, STM32G0C1RET6N, STM32G0C1VCI6, STM32G0C1VEI6, STM32G471CCT6, STM32G471CCU6, STM32G471CET3, STM32G471CET6, STM32G471CEU3, STM32G471CEU6, STM32G471MCT6, STM32G471MET3, STM32G471MET6, STM32G471MEY6TR, STM32G471QCT6, STM32G471QET3, STM32G471RCT6, STM32G471RET3, STM32G471RET6, STM32G471VCH6, STM32G471VCI6, STM32G471VCT6, STM32G471VEH3, STM32G471VEH6, STM32G471VEI3, STM32G471VEI6, STM32G471VET3, STM32G471VET6, STM32G474CCT6, STM32H503CBT6, STM32H503CBU6, STM32H503EBY6TR, STM32H503KBU6, STM32H503RBT6, STM32H523CCT6, STM32H523CCU6, STM32H523CET6, STM32H523CEU6, STM32H523HEY6TR, STM32H523RCT6, STM32H523RET6, STM32H523VCI6, STM32H523VCT6, STM32H523VEI6, STM32H523VET6, STM32H523ZCJ6, STM32H523ZCT6, STM32H523ZEJ6, STM32H523ZET6, STM32H533CET6, STM32H533CEU6, STM32H533HEY6TR, STM32H533RET6, STM32H533VEI6, STM32H533VET6, STM32H533ZEJ6, STM32H533ZET6, STM32H562AGI6, STM32H562AII6, STM32H562IGK6, STM32H562IGT6, STM32H562IIK6, STM32H562IIT6, STM32H562RGT6, STM32H562RGV6, STM32H562RIT6, STM32H562RIV6, STM32H562VGT6, STM32H562VIT6, STM32H562ZGT6, STM32H562ZIT6, STM32H563AGI6, STM32H563AII3Q, STM32H563AII6, STM32H563IGK6, STM32H563IGT6, STM32H563IIK3Q, STM32H563IIK6, STM32H563IIT3Q, STM32H563IIT6, STM32H563MIY3QTR, STM32H563RGT6, STM32H563RGV6, STM32H563RIT6, STM32H563RIV6, STM32H563VGT6, STM32H563VIT3Q, STM32H563VIT6, STM32H563ZGT6, STM32H563ZIT3Q, STM32H563ZIT6, STM32H573AII3Q, STM32H573AII6, STM32H573I-DK, STM32H573IIK3Q, STM32H573IIK6, STM32H573IIT3Q, STM32H573IIT6, STM32H573MIY3QTR, STM32H573RIT6, STM32H573RIV6, STM32H573VIT3Q, STM32H573VIT6, STM32H573ZIT3Q, STM32H573ZIT6, STM32H7R3A8I6, STM32H7R3I8K6, STM32H7R3I8T6, STM32H7R3L8H6, STM32H7R3L8H6H, STM32H7R3R8V6, STM32H7R3V8H6, STM32H7R3V8T6, STM32H7R3V8Y6, STM32H7R3Z8J6, STM32H7R3Z8T6, STM32H7R7A8I6, STM32H7R7I8K6, STM32H7R7I8T6, STM32H7R7L8H6, STM32H7R7L8H6H, STM32H7R7Z8J6, STM32H7S3A8I6, STM32H7S3I8K6, STM32H7S3I8T6, STM32H7S3L8H6, STM32H7S3L8H6H, STM32H7S3R8V6, STM32H7S3V8H6, STM32H7S3V8T6, STM32H7S3V8Y6, STM32H7S3Z8J6, STM32H7S3Z8T6, STM32H7S78-DK, STM32H7S7A8I6, STM32H7S7I8K6, STM32H7S7I8T6, STM32H7S7L8H6, STM32H7S7L8H6H, STM32H7S7Z8J6, STM32L4R5QGI6STR, STM32MP131AAE3, STM32MP131AAF3, STM32MP131AAG3, STM32MP131CAE3, STM32MP131CAF3, STM32MP131CAG3, STM32MP131DAE7, STM32MP131DAF7, STM32MP131DAG7, STM32MP131FAE7, STM32MP131FAF7, STM32MP131FAG7, STM32MP133AAE3, STM32MP133AAF3, STM32MP133AAG3, STM32MP133CAE3, STM32MP133CAF3, STM32MP133CAG3, STM32MP133DAE7, STM32MP133DAF7, STM32MP133DAG7, STM32MP133FAE7, STM32MP133FAF7, STM32MP133FAG7, STM32MP135AAE3, STM32MP135AAF3, STM32MP135AAG3, STM32MP135CAE3, STM32MP135CAF3, STM32MP135CAG3, STM32MP135DAE7, STM32MP135DAF7, STM32MP135DAG7, STM32MP135F-DK, STM32MP135FAE7, STM32MP135FAF7, STM32MP135FAF7T, STM32MP135FAF7U, STM32MP135FAG7, STM32U031C6T6, STM32U031C6U6, STM32U031C8T6, STM32U031C8U6, STM32U031F4P6, STM32U031F6P6, STM32U031F8P6, STM32U031G6Y6TR, STM32U031G8Y6TR, STM32U031K4U6, STM32U031K6U6, STM32U031K8U6, STM32U031R6I6, STM32U031R6T6, STM32U031R8I6, STM32U031R8T6, STM32U073C8T6, STM32U073C8U6, STM32U073CBT6, STM32U073CBU6, STM32U073CCT6, STM32U073CCU6, STM32U073H8Y6TR, STM32U073HBY6TR, STM32U073HCY6TR, STM32U073K8U6, STM32U073KBU6, STM32U073KCU6, STM32U073M8I6, STM32U073M8T6, STM32U073MBI6, STM32U073MBT6, STM32U073MCI6, STM32U073MCT6, STM32U073R8I6, STM32U073R8T6, STM32U073RBI6, STM32U073RBT6, STM32U073RCI6, STM32U073RCT6, STM32U083C-DK, STM32U083CCT6, STM32U083CCU6, STM32U083HCY6TR, STM32U083KCU6, STM32U083MCI6, STM32U083MCT6, STM32U083RCI6, STM32U083RCT6, STM32U535CBT6, STM32U535CBT6Q, STM32U535CBU6, STM32U535CBU6Q, STM32U535CCT6, STM32U535CCT6Q, STM32U535CCU6, STM32U535CCU6Q, STM32U535CET6, STM32U535CET6Q, STM32U535CEU6, STM32U535CEU6Q, STM32U535JEY6QTR, STM32U535NCY6QTR, STM32U535NEY6QTR, STM32U535RBI6, STM32U535RBI6Q, STM32U535RBT6, STM32U535RBT6Q, STM32U535RCI6, STM32U535RCI6Q, STM32U535RCT6, STM32U535RCT6Q, STM32U535REI6, STM32U535REI6Q, STM32U535RET6, STM32U535RET6Q, STM32U535VCI6, STM32U535VCI6Q, STM32U535VCT6, STM32U535VCT6Q, STM32U535VEI6, STM32U535VEI6Q, STM32U535VET6, STM32U535VET6Q, STM32U545CET6, STM32U545CET6Q, STM32U545CEU6, STM32U545CEU6Q, STM32U545JEY6QTR, STM32U545NEY6QTR, STM32U545REI6, STM32U545REI6Q, STM32U545RET6, STM32U545RET6Q, STM32U545VEI6, STM32U545VEI6Q, STM32U545VET6, STM32U545VET6Q, STM32U595AIH6, STM32U595AIH6Q, STM32U595AJH6, STM32U595AJH6Q, STM32U595QII6, STM32U595QII6Q, STM32U595QJI6, STM32U595QJI6Q, STM32U595RIT6, STM32U595RIT6Q, STM32U595RJT6, STM32U595RJT6Q, STM32U595VIT6, STM32U595VIT6Q, STM32U595VJT6, STM32U595VJT6Q, STM32U595ZIT6, STM32U595ZIT6Q, STM32U595ZIY6QTR, STM32U595ZJT6, STM32U595ZJT6Q, STM32U595ZJY6QTR, STM32U599BJY6QTR, STM32U599NIH6Q, STM32U599NJH6Q, STM32U599VIT6Q, STM32U599VJT6, STM32U599VJT6Q, STM32U599ZIT6Q, STM32U599ZIY6QTR, STM32U599ZJT6Q, STM32U599ZJY6QTR, STM32U5A5AJH6, STM32U5A5AJH6Q, STM32U5A5QII3Q , STM32U5A5QJI6, STM32U5A5QJI6Q, STM32U5A5RJT6, STM32U5A5RJT6Q, STM32U5A5VJT6, STM32U5A5VJT6Q, STM32U5A5ZJT6, STM32U5A5ZJT6Q, STM32U5A5ZJY6QTR, STM32U5A9BJY6QTR, STM32U5A9J-DK, STM32U5A9NJH6Q, STM32U5A9VJT6Q, STM32U5A9ZJT6Q, STM32U5A9ZJY6QTR, STM32U5F7VIT6, STM32U5F7VIT6Q, STM32U5F7VJT6, STM32U5F7VJT6Q, STM32U5F9BJY6QTR, STM32U5F9NJH6Q, STM32U5F9VIT6Q, STM32U5F9VJT6Q, STM32U5F9ZIJ6QTR, STM32U5F9ZIT6Q, STM32U5F9ZJJ6QTR, STM32U5F9ZJT6Q, STM32U5G7VJT6, STM32U5G7VJT6Q, STM32U5G9BJY6QTR, STM32U5G9J-DK1, STM32U5G9J-DK2, STM32U5G9NJH6Q, STM32U5G9VJT6Q, STM32U5G9ZJJ6QTR, STM32U5G9ZJT6Q, STM32WB1MMCH6, STM32WBA50KEU6, STM32WBA50KEU6TR, STM32WBA50KGU6, STM32WBA50KGU6TR, STM32WBA52CEU6, STM32WBA52CEU6TR, STM32WBA52CEU7, STM32WBA52CEU7TR, STM32WBA52CGU6, STM32WBA52CGU6TR, STM32WBA52CGU6U, STM32WBA52CGU7, STM32WBA52CGU7TR, STM32WBA52KEU6, STM32WBA52KEU6TR, STM32WBA52KGU6, STM32WBA52KGU6TR, STM32WBA54CEU6, STM32WBA54CEU6TR, STM32WBA54CEU7, STM32WBA54CEU7TR, STM32WBA54CGU6, STM32WBA54CGU6TR, STM32WBA54CGU7, STM32WBA54CGU7TR, STM32WBA54KEU6, STM32WBA54KEU6TR, STM32WBA54KEU7, STM32WBA54KEU7TR, STM32WBA54KGU6, STM32WBA54KGU6TR, STM32WBA54KGU7, STM32WBA54KGU7TR, STM32WBA55CEU6, STM32WBA55CEU6TR, STM32WBA55CEU7, STM32WBA55CEU7TR, STM32WBA55CGU6, STM32WBA55CGU6TR, STM32WBA55CGU6U, STM32WBA55CGU7, STM32WBA55CGU7TR, STM32WBA55G-DK1, STM32WBA55HEF6, STM32WBA55HEF7, STM32WBA55HGF6, STM32WBA55HGF7, STM32WBA55UEI6, STM32WBA55UEI6TR, STM32WBA55UEI7, STM32WBA55UEI7TR, STM32WBA55UGI6, STM32WBA55UGI6TR, STM32WBA55UGI7, STM32WBA55UGI7TR, STM32WL5MOCH6, STM32WL5MOCH6TR]
2025-03-30 17:17:50,461 [INFO] DbMcus:218 - Found 4657 MCUs, 4657 are supported
2025-03-30 17:17:50,462 [INFO] ApiDb:423 - Load user favorites file C:\Users\rsridx/.stm32cubeide/favorites.mcus.txt: 0 item(s)
2025-03-30 17:17:50,462 [INFO] ApiDb:427 - User favorites MCUs=[]
2025-03-30 17:17:50,462 [INFO] DbMcus:224 - Set 0 / 0 favorites MCUs
2025-03-30 17:17:50,464 [WARN] PackLoader:240 - Cannot read IP mode file for STMicroelectronics.X-CUBE-TOF1.3.4.1
2025-03-30 17:17:50,506 [WARN] PackLoader:240 - Cannot read IP mode file for STMicroelectronics.X-CUBE-AZRTOS-H7.3.2.0
2025-03-30 17:17:50,536 [WARN] PackLoader:240 - Cannot read IP mode file for Infineon.AIROC-Wi-Fi-Bluetooth-STM32.1.6.0
2025-03-30 17:17:50,566 [WARN] PackLoader:240 - Cannot read IP mode file for wolfSSL.I-CUBE-wolfSSH.1.4.17
2025-03-30 17:17:50,567 [INFO] ThirdParty:978 - Integrity check success = true
2025-03-30 17:17:50,567 [INFO] IntegrityCheckThread:100 - exiting critical section [integrity check]
2025-03-30 17:17:50,567 [INFO] IntegrityCheckThread:103 - End integrity checks thread
2025-03-30 17:17:51,034 [INFO] BoardInfo:889 - No configuration file found for board NUCLEO-C051C8
2025-03-30 17:17:51,034 [INFO] DbBoards:161 - Board is not supported: NUCLEO-C051C8
2025-03-30 17:17:51,036 [INFO] BoardInfo:889 - No configuration file found for board NUCLEO-C071RB
2025-03-30 17:17:51,036 [INFO] DbBoards:161 - Board is not supported: NUCLEO-C071RB
2025-03-30 17:17:51,037 [INFO] BoardInfo:889 - No configuration file found for board NUCLEO-C092RC
2025-03-30 17:17:51,038 [INFO] DbBoards:161 - Board is not supported: NUCLEO-C092RC
2025-03-30 17:17:51,129 [INFO] BoardInfo:889 - No configuration file found for board NUCLEO-N657X0-Q
2025-03-30 17:17:51,129 [INFO] DbBoards:161 - Board is not supported: NUCLEO-N657X0-Q
2025-03-30 17:17:51,133 [INFO] BoardInfo:889 - No configuration file found for board NUCLEO-U385RG-Q
2025-03-30 17:17:51,133 [INFO] DbBoards:161 - Board is not supported: NUCLEO-U385RG-Q
2025-03-30 17:17:51,139 [INFO] BoardInfo:889 - No configuration file found for board NUCLEO-WB05KZ
2025-03-30 17:17:51,139 [INFO] DbBoards:161 - Board is not supported: NUCLEO-WB05KZ
2025-03-30 17:17:51,140 [INFO] BoardInfo:889 - No configuration file found for board NUCLEO-WB07CC
2025-03-30 17:17:51,140 [INFO] DbBoards:161 - Board is not supported: NUCLEO-WB07CC
2025-03-30 17:17:51,142 [INFO] BoardInfo:889 - No configuration file found for board NUCLEO-WB09KE
2025-03-30 17:17:51,142 [INFO] DbBoards:161 - Board is not supported: NUCLEO-WB09KE
2025-03-30 17:17:51,148 [INFO] BoardInfo:889 - No configuration file found for board NUCLEO-WBA65RI
2025-03-30 17:17:51,148 [INFO] DbBoards:161 - Board is not supported: NUCLEO-WBA65RI
2025-03-30 17:17:51,149 [INFO] BoardInfo:889 - No configuration file found for board NUCLEO-WL33CC1
2025-03-30 17:17:51,149 [INFO] DbBoards:161 - Board is not supported: NUCLEO-WL33CC1
2025-03-30 17:17:51,150 [INFO] BoardInfo:889 - No configuration file found for board NUCLEO-WL33CC2
2025-03-30 17:17:51,151 [INFO] DbBoards:161 - Board is not supported: NUCLEO-WL33CC2
2025-03-30 17:17:51,160 [INFO] BoardInfo:889 - No configuration file found for board P-NUCLEO-WB55
2025-03-30 17:17:51,161 [INFO] DbBoards:161 - Kit is not supported: P-NUCLEO-WB55
2025-03-30 17:17:51,167 [INFO] BoardInfo:889 - No configuration file found for board STEVAL-BFA001V1B
2025-03-30 17:17:51,167 [INFO] DbBoards:161 - Kit is not supported: STEVAL-BFA001V1B
2025-03-30 17:17:51,169 [INFO] BoardInfo:889 - No configuration file found for board STEVAL-BFA001V2B
2025-03-30 17:17:51,169 [INFO] DbBoards:161 - Kit is not supported: STEVAL-BFA001V2B
2025-03-30 17:17:51,305 [INFO] BoardInfo:889 - No configuration file found for board STM32MP257F-DK
2025-03-30 17:17:51,306 [INFO] DbBoards:161 - Board is not supported: STM32MP257F-DK
2025-03-30 17:17:51,307 [INFO] BoardInfo:889 - No configuration file found for board STM32MP257F-EV1
2025-03-30 17:17:51,307 [INFO] DbBoards:161 - Board is not supported: STM32MP257F-EV1
2025-03-30 17:17:51,308 [INFO] BoardInfo:889 - No configuration file found for board STM32N6570-DK
2025-03-30 17:17:51,308 [INFO] DbBoards:161 - Board is not supported: STM32N6570-DK
2025-03-30 17:17:51,321 [INFO] BoardInfo:889 - No configuration file found for board STM32WBA65I-DK1
2025-03-30 17:17:51,321 [INFO] DbBoards:161 - Board is not supported: STM32WBA65I-DK1
2025-03-30 17:17:51,321 [INFO] DbBoards:168 - Found 210 boards, 192 are supported
2025-03-30 17:17:51,322 [INFO] DbBoards:169 - Found 210 boards, 8 of them is supported for  Bsp
2025-03-30 17:17:51,325 [INFO] ApiDb:423 - Load user favorites file C:\Users\rsridx/.stm32cubeide/favorites.boards.txt: 0 item(s)
2025-03-30 17:17:51,325 [INFO] ApiDb:427 - User favorites Boards=[]
2025-03-30 17:17:51,326 [INFO] DbBoards:198 - Set 0 / 0 favorites Boards
2025-03-30 17:17:51,326 [INFO] McuFinderGlobals:76 - Set McuFinderConnectedMode to true
2025-03-30 17:17:51,335 [INFO] MultiScanPanel:200 - Auto-refresh data requested => check proxy status ongoing
2025-03-30 17:17:51,339 [INFO] FinderPluginLoader:95 - Searching for filters in installed packs
2025-03-30 17:17:51,913 [INFO] WebApp:161 - Instantiating new browser for Auth
2025-03-30 17:17:53,279 [INFO] WebApp:779 - Register for checkConnection events
2025-03-30 17:17:53,279 [INFO] WebApp:414 - Apply proxy settings
2025-03-30 17:17:53,280 [INFO] WebApp:499 - Chromium requires no authentication
2025-03-30 17:17:53,286 [INFO] WebApp:442 - Direct internet connection detected
2025-03-30 17:17:53,439 [INFO] WebApp:192 - Starting web application
2025-03-30 17:17:53,440 [INFO] WebApp:544 - Web application path used C:\ST\STM32CubeIDE_1.15.0\STM32CubeIDE\plugins\com.st.stm32cube.common.mx_6.11.0.202403141607\db\plugins\mcufinder\reactClient1\index.html
2025-03-30 17:17:53,443 [INFO] LoadUrlFilesThread:185 - End of LoadServerUrlFiles without Thread
2025-03-30 17:17:53,527 [INFO] DetailPanel:341 - Set advertising image to C:/Users/rsridx/STM32Cube/Repository/\en.prom-stm32u3-mcu-finder.jpg
2025-03-30 17:17:54,929 [ERROR] LogOutputStream:75 - [STDERR_REDIRECT] [Fatal Error] :1:1: Premature end of file.
2025-03-30 17:17:54,931 [ERROR] LogOutputStream:75 - [STDERR_REDIRECT] 
2025-03-30 17:17:55,836 [ERROR] LogOutputStream:75 - [STDERR_REDIRECT] [Fatal Error] :1:1: Premature end of file.
2025-03-30 17:17:55,838 [ERROR] LogOutputStream:75 - [STDERR_REDIRECT] 
2025-03-30 17:17:56,871 [ERROR] LogOutputStream:75 - [STDERR_REDIRECT] [Fatal Error] :1:1: Premature end of file.
2025-03-30 17:17:56,872 [ERROR] LogOutputStream:75 - [STDERR_REDIRECT] 
2025-03-30 17:17:57,834 [ERROR] LogOutputStream:75 - [STDERR_REDIRECT] [Fatal Error] :1:1: Premature end of file.
2025-03-30 17:17:57,834 [ERROR] LogOutputStream:75 - [STDERR_REDIRECT] 
2025-03-30 17:17:58,861 [ERROR] LogOutputStream:75 - [STDERR_REDIRECT] [Fatal Error] :1:1: Premature end of file.
2025-03-30 17:17:58,861 [ERROR] LogOutputStream:75 - [STDERR_REDIRECT] 
2025-03-30 17:17:59,865 [ERROR] LogOutputStream:75 - [STDERR_REDIRECT] [Fatal Error] :1:1: Premature end of file.
2025-03-30 17:17:59,866 [ERROR] LogOutputStream:75 - [STDERR_REDIRECT] 
2025-03-30 17:18:00,860 [ERROR] LogOutputStream:75 - [STDERR_REDIRECT] [Fatal Error] :1:1: Premature end of file.
2025-03-30 17:18:00,862 [ERROR] LogOutputStream:75 - [STDERR_REDIRECT] 
2025-03-30 17:18:01,859 [ERROR] LogOutputStream:75 - [STDERR_REDIRECT] [Fatal Error] :1:1: Premature end of file.
2025-03-30 17:18:01,860 [ERROR] LogOutputStream:75 - [STDERR_REDIRECT] 
2025-03-30 17:18:02,884 [ERROR] LogOutputStream:75 - [STDERR_REDIRECT] [Fatal Error] :1:1: Premature end of file.
2025-03-30 17:18:02,885 [ERROR] LogOutputStream:75 - [STDERR_REDIRECT] 
2025-03-30 17:18:03,857 [ERROR] LogOutputStream:75 - [STDERR_REDIRECT] [Fatal Error] :1:1: Premature end of file.
2025-03-30 17:18:03,858 [ERROR] LogOutputStream:75 - [STDERR_REDIRECT] 
2025-03-30 17:18:04,872 [ERROR] LogOutputStream:75 - [STDERR_REDIRECT] [Fatal Error] :1:1: Premature end of file.
2025-03-30 17:18:04,872 [ERROR] LogOutputStream:75 - [STDERR_REDIRECT] 
2025-03-30 17:18:05,847 [ERROR] LogOutputStream:75 - [STDERR_REDIRECT] [Fatal Error] :1:1: Premature end of file.
2025-03-30 17:18:05,847 [ERROR] LogOutputStream:75 - [STDERR_REDIRECT] 
2025-03-30 17:18:06,845 [ERROR] LogOutputStream:75 - [STDERR_REDIRECT] [Fatal Error] :1:1: Premature end of file.
2025-03-30 17:18:06,845 [ERROR] LogOutputStream:75 - [STDERR_REDIRECT] 
2025-03-30 17:18:07,845 [ERROR] LogOutputStream:75 - [STDERR_REDIRECT] [Fatal Error] :1:1: Premature end of file.
2025-03-30 17:18:07,846 [ERROR] LogOutputStream:75 - [STDERR_REDIRECT] 
2025-03-30 17:18:08,841 [ERROR] LogOutputStream:75 - [STDERR_REDIRECT] [Fatal Error] :1:1: Premature end of file.
2025-03-30 17:18:08,841 [ERROR] LogOutputStream:75 - [STDERR_REDIRECT] 
2025-03-30 17:18:09,839 [ERROR] LogOutputStream:75 - [STDERR_REDIRECT] [Fatal Error] :1:1: Premature end of file.
2025-03-30 17:18:09,839 [ERROR] LogOutputStream:75 - [STDERR_REDIRECT] 
2025-03-30 17:18:10,838 [ERROR] LogOutputStream:75 - [STDERR_REDIRECT] [Fatal Error] :1:1: Premature end of file.
2025-03-30 17:18:10,838 [ERROR] LogOutputStream:75 - [STDERR_REDIRECT] 
2025-03-30 17:18:11,837 [ERROR] LogOutputStream:75 - [STDERR_REDIRECT] [Fatal Error] :1:1: Premature end of file.
2025-03-30 17:18:11,837 [ERROR] LogOutputStream:75 - [STDERR_REDIRECT] 
2025-03-30 17:18:12,928 [ERROR] LogOutputStream:75 - [STDERR_REDIRECT] [Fatal Error] :1:1: Premature end of file.
2025-03-30 17:18:12,929 [ERROR] LogOutputStream:75 - [STDERR_REDIRECT] 
2025-03-30 17:18:13,885 [ERROR] LogOutputStream:75 - [STDERR_REDIRECT] [Fatal Error] :1:1: Premature end of file.
2025-03-30 17:18:13,885 [ERROR] LogOutputStream:75 - [STDERR_REDIRECT] 
2025-03-30 17:18:14,832 [ERROR] LogOutputStream:75 - [STDERR_REDIRECT] [Fatal Error] :1:1: Premature end of file.
2025-03-30 17:18:14,832 [ERROR] LogOutputStream:75 - [STDERR_REDIRECT] 
2025-03-30 17:18:15,936 [ERROR] LogOutputStream:75 - [STDERR_REDIRECT] [Fatal Error] :1:1: Premature end of file.
2025-03-30 17:18:15,937 [ERROR] LogOutputStream:75 - [STDERR_REDIRECT] 
2025-03-30 17:18:16,899 [ERROR] LogOutputStream:75 - [STDERR_REDIRECT] [Fatal Error] :1:1: Premature end of file.
2025-03-30 17:18:16,899 [ERROR] LogOutputStream:75 - [STDERR_REDIRECT] 
2025-03-30 17:18:17,840 [ERROR] LogOutputStream:75 - [STDERR_REDIRECT] [Fatal Error] :1:1: Premature end of file.
2025-03-30 17:18:17,841 [ERROR] LogOutputStream:75 - [STDERR_REDIRECT] 
2025-03-30 17:18:18,873 [ERROR] LogOutputStream:75 - [STDERR_REDIRECT] [Fatal Error] :1:1: Premature end of file.
2025-03-30 17:18:18,875 [ERROR] LogOutputStream:75 - [STDERR_REDIRECT] 
2025-03-30 17:18:19,857 [ERROR] LogOutputStream:75 - [STDERR_REDIRECT] [Fatal Error] :1:1: Premature end of file.
2025-03-30 17:18:19,857 [ERROR] LogOutputStream:75 - [STDERR_REDIRECT] 
2025-03-30 17:18:20,847 [ERROR] LogOutputStream:75 - [STDERR_REDIRECT] [Fatal Error] :1:1: Premature end of file.
2025-03-30 17:18:20,847 [ERROR] LogOutputStream:75 - [STDERR_REDIRECT] 
2025-03-30 17:18:21,844 [ERROR] LogOutputStream:75 - [STDERR_REDIRECT] [Fatal Error] :1:1: Premature end of file.
2025-03-30 17:18:21,846 [ERROR] LogOutputStream:75 - [STDERR_REDIRECT] 
2025-03-30 17:18:22,554 [INFO] McuFinderGlobals:76 - Set McuFinderConnectedMode to true
2025-03-30 17:18:22,561 [INFO] ApiDb:448 - Save user favorites file C:\Users\rsridx/.stm32cubeide/favorites.mcus.txt: 0 item(s)
2025-03-30 17:18:22,561 [INFO] ApiDb:452 - User favorites MCUs=[]
2025-03-30 17:18:22,892 [ERROR] LogOutputStream:75 - [STDERR_REDIRECT] [Fatal Error] :1:1: Premature end of file.
2025-03-30 17:18:22,893 [ERROR] LogOutputStream:75 - [STDERR_REDIRECT] 
2025-03-30 17:18:23,842 [ERROR] LogOutputStream:75 - [STDERR_REDIRECT] [Fatal Error] :1:1: Premature end of file.
2025-03-30 17:18:23,842 [ERROR] LogOutputStream:75 - [STDERR_REDIRECT] 
2025-03-30 17:18:24,857 [ERROR] LogOutputStream:75 - [STDERR_REDIRECT] [Fatal Error] :1:1: Premature end of file.
2025-03-30 17:18:24,857 [ERROR] LogOutputStream:75 - [STDERR_REDIRECT] 
2025-03-30 17:18:25,844 [ERROR] LogOutputStream:75 - [STDERR_REDIRECT] [Fatal Error] :1:1: Premature end of file.
2025-03-30 17:18:25,844 [ERROR] LogOutputStream:75 - [STDERR_REDIRECT] 
2025-03-30 17:18:26,871 [ERROR] LogOutputStream:75 - [STDERR_REDIRECT] [Fatal Error] :1:1: Premature end of file.
2025-03-30 17:18:26,873 [ERROR] LogOutputStream:75 - [STDERR_REDIRECT] 
2025-03-30 17:18:27,358 [ERROR] LogOutputStream:75 - [STDERR_REDIRECT] 
